# JRE version: OpenJDK Runtime Environment (8.0_191-b12) (build 1.8.0_191-b12)
# Java VM: OpenJDK 64-Bit Server VM (25.191-b12 mixed mode linux-amd64 compressed oops)
Heap:
 PSYoungGen      total 991744K, used 428493K [0x00000006eab00000, 0x0000000730880000, 0x00000007c0000000)
  eden space 830976K, 51% used [0x00000006eab00000,0x0000000704d73648,0x000000071d680000)
  from space 160768K, 0% used [0x0000000726b00000,0x0000000726b00000,0x0000000730800000)
  to   space 152064K, 0% used [0x000000071d680000,0x000000071d680000,0x0000000726b00000)
 ParOldGen       total 622080K, used 319317K [0x0000000540000000, 0x0000000565f80000, 0x00000006eab00000)
  object space 622080K, 51% used [0x0000000540000000,0x00000005537d5678,0x0000000565f80000)
 Metaspace       used 49842K, capacity 51191K, committed 51456K, reserved 1095680K
  class space    used 5398K, capacity 5856K, committed 5888K, reserved 1048576K
GC Heap History (48 events):
Event: 1.386 GC heap before
{Heap before GC invocations=1 (full 0):
 PSYoungGen      total 72704K, used 62464K [0x00000006eab00000, 0x00000006efc00000, 0x00000007c0000000)
  eden space 62464K, 100% used [0x00000006eab00000,0x00000006ee800000,0x00000006ee800000)
  from space 10240K, 0% used [0x00000006ef200000,0x00000006ef200000,0x00000006efc00000)
  to   space 10240K, 0% used [0x00000006ee800000,0x00000006ee800000,0x00000006ef200000)
 ParOldGen       total 166912K, used 0K [0x0000000540000000, 0x000000054a300000, 0x00000006eab00000)
  object space 166912K, 0% used [0x0000000540000000,0x0000000540000000,0x000000054a300000)
 Metaspace       used 10971K, capacity 11198K, committed 11392K, reserved 1058816K
  class space    used 1267K, capacity 1347K, committed 1408K, reserved 1048576K
Event: 1.395 GC heap after
Heap after GC invocations=1 (full 0):
 PSYoungGen      total 72704K, used 8056K [0x00000006eab00000, 0x00000006efc00000, 0x00000007c0000000)
  eden space 62464K, 0% used [0x00000006eab00000,0x00000006eab00000,0x00000006ee800000)
  from space 10240K, 78% used [0x00000006ee800000,0x00000006eefde3c0,0x00000006ef200000)
  to   space 10240K, 0% used [0x00000006ef200000,0x00000006ef200000,0x00000006efc00000)
 ParOldGen       total 166912K, used 8K [0x0000000540000000, 0x000000054a300000, 0x00000006eab00000)
  object space 166912K, 0% used [0x0000000540000000,0x0000000540002000,0x000000054a300000)
 Metaspace       used 10971K, capacity 11198K, committed 11392K, reserved 1058816K
  class space    used 1267K, capacity 1347K, committed 1408K, reserved 1048576K
}
Event: 2.408 GC heap before
{Heap before GC invocations=2 (full 0):
 PSYoungGen      total 72704K, used 70520K [0x00000006eab00000, 0x00000006efc00000, 0x00000007c0000000)
  eden space 62464K, 100% used [0x00000006eab00000,0x00000006ee800000,0x00000006ee800000)
  from space 10240K, 78% used [0x00000006ee800000,0x00000006eefde3c0,0x00000006ef200000)
  to   space 10240K, 0% used [0x00000006ef200000,0x00000006ef200000,0x00000006efc00000)
 ParOldGen       total 166912K, used 8K [0x0000000540000000, 0x000000054a300000, 0x00000006eab00000)
  object space 166912K, 0% used [0x0000000540000000,0x0000000540002000,0x000000054a300000)
 Metaspace       used 15955K, capacity 16258K, committed 16384K, reserved 1062912K
  class space    used 1841K, capacity 1954K, committed 2048K, reserved 1048576K
Event: 2.422 GC heap after
Heap after GC invocations=2 (full 0):
 PSYoungGen      total 72704K, used 10211K [0x00000006eab00000, 0x00000006efc00000, 0x00000007c0000000)
  eden space 62464K, 0% used [0x00000006eab00000,0x00000006eab00000,0x00000006ee800000)
  from space 10240K, 99% used [0x00000006ef200000,0x00000006efbf8e18,0x00000006efc00000)
  to   space 10240K, 0% used [0x00000006ee800000,0x00000006ee800000,0x00000006ef200000)
 ParOldGen       total 166912K, used 1179K [0x0000000540000000, 0x000000054a300000, 0x00000006eab00000)
  object space 166912K, 0% used [0x0000000540000000,0x0000000540126c10,0x000000054a300000)
 Metaspace       used 15955K, capacity 16258K, committed 16384K, reserved 1062912K
  class space    used 1841K, capacity 1954K, committed 2048K, reserved 1048576K
}
Event: 2.935 GC heap before
{Heap before GC invocations=3 (full 0):
 PSYoungGen      total 72704K, used 72675K [0x00000006eab00000, 0x00000006efc00000, 0x00000007c0000000)
  eden space 62464K, 100% used [0x00000006eab00000,0x00000006ee800000,0x00000006ee800000)
  from space 10240K, 99% used [0x00000006ef200000,0x00000006efbf8e18,0x00000006efc00000)
  to   space 10240K, 0% used [0x00000006ee800000,0x00000006ee800000,0x00000006ef200000)
 ParOldGen       total 166912K, used 1179K [0x0000000540000000, 0x000000054a300000, 0x00000006eab00000)
  object space 166912K, 0% used [0x0000000540000000,0x0000000540126c10,0x000000054a300000)
 Metaspace       used 17057K, capacity 17406K, committed 17536K, reserved 1064960K
  class space    used 1977K, capacity 2102K, committed 2176K, reserved 1048576K
Event: 2.972 GC heap after
Heap after GC invocations=3 (full 0):
 PSYoungGen      total 72704K, used 10208K [0x00000006eab00000, 0x00000006f3900000, 0x00000007c0000000)
  eden space 62464K, 0% used [0x00000006eab00000,0x00000006eab00000,0x00000006ee800000)
  from space 10240K, 99% used [0x00000006ee800000,0x00000006ef1f8040,0x00000006ef200000)
  to   space 10240K, 0% used [0x00000006f2f00000,0x00000006f2f00000,0x00000006f3900000)
 ParOldGen       total 166912K, used 4046K [0x0000000540000000, 0x000000054a300000, 0x00000006eab00000)
  object space 166912K, 2% used [0x0000000540000000,0x00000005403f39f0,0x000000054a300000)
 Metaspace       used 17057K, capacity 17406K, committed 17536K, reserved 1064960K
  class space    used 1977K, capacity 2102K, committed 2176K, reserved 1048576K
}
Event: 3.287 GC heap before
{Heap before GC invocations=4 (full 0):
 PSYoungGen      total 72704K, used 72672K [0x00000006eab00000, 0x00000006f3900000, 0x00000007c0000000)
  eden space 62464K, 100% used [0x00000006eab00000,0x00000006ee800000,0x00000006ee800000)
  from space 10240K, 99% used [0x00000006ee800000,0x00000006ef1f8040,0x00000006ef200000)
  to   space 10240K, 0% used [0x00000006f2f00000,0x00000006f2f00000,0x00000006f3900000)
 ParOldGen       total 166912K, used 4046K [0x0000000540000000, 0x000000054a300000, 0x00000006eab00000)
  object space 166912K, 2% used [0x0000000540000000,0x00000005403f39f0,0x000000054a300000)
 Metaspace       used 17280K, capacity 17598K, committed 17792K, reserved 1064960K
  class space    used 1981K, capacity 2102K, committed 2176K, reserved 1048576K
Event: 3.332 GC heap after
Heap after GC invocations=4 (full 0):
 PSYoungGen      total 135168K, used 10224K [0x00000006eab00000, 0x00000006f3900000, 0x00000007c0000000)
  eden space 124928K, 0% used [0x00000006eab00000,0x00000006eab00000,0x00000006f2500000)
  from space 10240K, 99% used [0x00000006f2f00000,0x00000006f38fc030,0x00000006f3900000)
  to   space 10240K, 0% used [0x00000006f2500000,0x00000006f2500000,0x00000006f2f00000)
 ParOldGen       total 166912K, used 12454K [0x0000000540000000, 0x000000054a300000, 0x00000006eab00000)
  object space 166912K, 7% used [0x0000000540000000,0x0000000540c299c0,0x000000054a300000)
 Metaspace       used 17280K, capacity 17598K, committed 17792K, reserved 1064960K
  class space    used 1981K, capacity 2102K, committed 2176K, reserved 1048576K
}
Event: 4.156 GC heap before
{Heap before GC invocations=5 (full 0):
 PSYoungGen      total 135168K, used 79164K [0x00000006eab00000, 0x00000006f3900000, 0x00000007c0000000)
  eden space 124928K, 55% used [0x00000006eab00000,0x00000006eee53278,0x00000006f2500000)
  from space 10240K, 99% used [0x00000006f2f00000,0x00000006f38fc030,0x00000006f3900000)
  to   space 10240K, 0% used [0x00000006f2500000,0x00000006f2500000,0x00000006f2f00000)
 ParOldGen       total 166912K, used 12454K [0x0000000540000000, 0x000000054a300000, 0x00000006eab00000)
  object space 166912K, 7% used [0x0000000540000000,0x0000000540c299c0,0x000000054a300000)
 Metaspace       used 20771K, capacity 21164K, committed 21248K, reserved 1069056K
  class space    used 2372K, capacity 2535K, committed 2560K, reserved 1048576K
Event: 4.192 GC heap after
Heap after GC invocations=5 (full 0):
 PSYoungGen      total 135168K, used 10224K [0x00000006eab00000, 0x00000006fce00000, 0x00000007c0000000)
  eden space 124928K, 0% used [0x00000006eab00000,0x00000006eab00000,0x00000006f2500000)
  from space 10240K, 99% used [0x00000006f2500000,0x00000006f2efc010,0x00000006f2f00000)
  to   space 24064K, 0% used [0x00000006fb680000,0x00000006fb680000,0x00000006fce00000)
 ParOldGen       total 166912K, used 22510K [0x0000000540000000, 0x000000054a300000, 0x00000006eab00000)
  object space 166912K, 13% used [0x0000000540000000,0x00000005415fbb38,0x000000054a300000)
 Metaspace       used 20771K, capacity 21164K, committed 21248K, reserved 1069056K
  class space    used 2372K, capacity 2535K, committed 2560K, reserved 1048576K
}
Event: 4.192 GC heap before
{Heap before GC invocations=6 (full 1):
 PSYoungGen      total 135168K, used 10224K [0x00000006eab00000, 0x00000006fce00000, 0x00000007c0000000)
  eden space 124928K, 0% used [0x00000006eab00000,0x00000006eab00000,0x00000006f2500000)
  from space 10240K, 99% used [0x00000006f2500000,0x00000006f2efc010,0x00000006f2f00000)
  to   space 24064K, 0% used [0x00000006fb680000,0x00000006fb680000,0x00000006fce00000)
 ParOldGen       total 166912K, used 22510K [0x0000000540000000, 0x000000054a300000, 0x00000006eab00000)
  object space 166912K, 13% used [0x0000000540000000,0x00000005415fbb38,0x000000054a300000)
 Metaspace       used 20771K, capacity 21164K, committed 21248K, reserved 1069056K
  class space    used 2372K, capacity 2535K, committed 2560K, reserved 1048576K
Event: 4.319 GC heap after
Heap after GC invocations=6 (full 1):
 PSYoungGen      total 135168K, used 0K [0x00000006eab00000, 0x00000006fce00000, 0x00000007c0000000)
  eden space 124928K, 0% used [0x00000006eab00000,0x00000006eab00000,0x00000006f2500000)
  from space 10240K, 0% used [0x00000006f2500000,0x00000006f2500000,0x00000006f2f00000)
  to   space 24064K, 0% used [0x00000006fb680000,0x00000006fb680000,0x00000006fce00000)
 ParOldGen       total 127488K, used 28679K [0x0000000540000000, 0x0000000547c80000, 0x00000006eab00000)
  object space 127488K, 22% used [0x0000000540000000,0x0000000541c01ce8,0x0000000547c80000)
 Metaspace       used 20771K, capacity 21164K, committed 21248K, reserved 1069056K
  class space    used 2372K, capacity 2535K, committed 2560K, reserved 1048576K
}
Event: 17.646 GC heap before
{Heap before GC invocations=7 (full 1):
 PSYoungGen      total 135168K, used 124928K [0x00000006eab00000, 0x00000006fce00000, 0x00000007c0000000)
  eden space 124928K, 100% used [0x00000006eab00000,0x00000006f2500000,0x00000006f2500000)
  from space 10240K, 0% used [0x00000006f2500000,0x00000006f2500000,0x00000006f2f00000)
  to   space 24064K, 0% used [0x00000006fb680000,0x00000006fb680000,0x00000006fce00000)
 ParOldGen       total 127488K, used 28679K [0x0000000540000000, 0x0000000547c80000, 0x00000006eab00000)
  object space 127488K, 22% used [0x0000000540000000,0x0000000541c01ce8,0x0000000547c80000)
 Metaspace       used 23663K, capacity 24242K, committed 24448K, reserved 1071104K
  class space    used 2632K, capacity 2844K, committed 2944K, reserved 1048576K
Event: 17.656 GC heap after
Heap after GC invocations=7 (full 1):
 PSYoungGen      total 204288K, used 9246K [0x00000006eab00000, 0x00000006fc000000, 0x00000007c0000000)
  eden space 194560K, 0% used [0x00000006eab00000,0x00000006eab00000,0x00000006f6900000)
  from space 9728K, 95% used [0x00000006fb680000,0x00000006fbf87a10,0x00000006fc000000)
  to   space 23552K, 0% used [0x00000006f9200000,0x00000006f9200000,0x00000006fa900000)
 ParOldGen       total 127488K, used 28687K [0x0000000540000000, 0x0000000547c80000, 0x00000006eab00000)
  object space 127488K, 22% used [0x0000000540000000,0x0000000541c03ce8,0x0000000547c80000)
 Metaspace       used 23663K, capacity 24242K, committed 24448K, reserved 1071104K
  class space    used 2632K, capacity 2844K, committed 2944K, reserved 1048576K
}
Event: 42.158 GC heap before
{Heap before GC invocations=8 (full 1):
 PSYoungGen      total 204288K, used 203806K [0x00000006eab00000, 0x00000006fc000000, 0x00000007c0000000)
  eden space 194560K, 100% used [0x00000006eab00000,0x00000006f6900000,0x00000006f6900000)
  from space 9728K, 95% used [0x00000006fb680000,0x00000006fbf87a10,0x00000006fc000000)
  to   space 23552K, 0% used [0x00000006f9200000,0x00000006f9200000,0x00000006fa900000)
 ParOldGen       total 127488K, used 28687K [0x0000000540000000, 0x0000000547c80000, 0x00000006eab00000)
  object space 127488K, 22% used [0x0000000540000000,0x0000000541c03ce8,0x0000000547c80000)
 Metaspace       used 24104K, capacity 24690K, committed 24960K, reserved 1071104K
  class space    used 2632K, capacity 2844K, committed 2944K, reserved 1048576K
Event: 42.215 GC heap after
Heap after GC invocations=8 (full 1):
 PSYoungGen      total 260096K, used 23521K [0x00000006eab00000, 0x00000006ffd00000, 0x00000007c0000000)
  eden space 236544K, 0% used [0x00000006eab00000,0x00000006eab00000,0x00000006f9200000)
  from space 23552K, 99% used [0x00000006f9200000,0x00000006fa8f8460,0x00000006fa900000)
  to   space 28160K, 0% used [0x00000006fe180000,0x00000006fe180000,0x00000006ffd00000)
 ParOldGen       total 127488K, used 30237K [0x0000000540000000, 0x0000000547c80000, 0x00000006eab00000)
  object space 127488K, 23% used [0x0000000540000000,0x0000000541d875e8,0x0000000547c80000)
 Metaspace       used 24104K, capacity 24690K, committed 24960K, reserved 1071104K
  class space    used 2632K, capacity 2844K, committed 2944K, reserved 1048576K
}
Event: 72.937 GC heap before
{Heap before GC invocations=9 (full 1):
 PSYoungGen      total 260096K, used 260065K [0x00000006eab00000, 0x00000006ffd00000, 0x00000007c0000000)
  eden space 236544K, 100% used [0x00000006eab00000,0x00000006f9200000,0x00000006f9200000)
  from space 23552K, 99% used [0x00000006f9200000,0x00000006fa8f8460,0x00000006fa900000)
  to   space 28160K, 0% used [0x00000006fe180000,0x00000006fe180000,0x00000006ffd00000)
 ParOldGen       total 127488K, used 30237K [0x0000000540000000, 0x0000000547c80000, 0x00000006eab00000)
  object space 127488K, 23% used [0x0000000540000000,0x0000000541d875e8,0x0000000547c80000)
 Metaspace       used 24480K, capacity 25058K, committed 25216K, reserved 1071104K
  class space    used 2637K, capacity 2852K, committed 2944K, reserved 1048576K
Event: 73.032 GC heap after
Heap after GC invocations=9 (full 1):
 PSYoungGen      total 306688K, used 28145K [0x00000006eab00000, 0x0000000704180000, 0x00000007c0000000)
  eden space 278528K, 0% used [0x00000006eab00000,0x00000006eab00000,0x00000006fbb00000)
  from space 28160K, 99% used [0x00000006fe180000,0x00000006ffcfc690,0x00000006ffd00000)
  to   space 39424K, 0% used [0x00000006fbb00000,0x00000006fbb00000,0x00000006fe180000)
 ParOldGen       total 127488K, used 46653K [0x0000000540000000, 0x0000000547c80000, 0x00000006eab00000)
  object space 127488K, 36% used [0x0000000540000000,0x0000000542d8f590,0x0000000547c80000)
 Metaspace       used 24480K, capacity 25058K, committed 25216K, reserved 1071104K
  class space    used 2637K, capacity 2852K, committed 2944K, reserved 1048576K
}
Event: 103.102 GC heap before
{Heap before GC invocations=10 (full 1):
 PSYoungGen      total 306688K, used 306673K [0x00000006eab00000, 0x0000000704180000, 0x00000007c0000000)
  eden space 278528K, 100% used [0x00000006eab00000,0x00000006fbb00000,0x00000006fbb00000)
  from space 28160K, 99% used [0x00000006fe180000,0x00000006ffcfc690,0x00000006ffd00000)
  to   space 39424K, 0% used [0x00000006fbb00000,0x00000006fbb00000,0x00000006fe180000)
 ParOldGen       total 127488K, used 46653K [0x0000000540000000, 0x0000000547c80000, 0x00000006eab00000)
  object space 127488K, 36% used [0x0000000540000000,0x0000000542d8f590,0x0000000547c80000)
 Metaspace       used 24772K, capacity 25320K, committed 25472K, reserved 1071104K
  class space    used 2639K, capacity 2853K, committed 2944K, reserved 1048576K
Event: 103.266 GC heap after
Heap after GC invocations=10 (full 1):
 PSYoungGen      total 317952K, used 39424K [0x00000006eab00000, 0x0000000705e80000, 0x00000007c0000000)
  eden space 278528K, 0% used [0x00000006eab00000,0x00000006eab00000,0x00000006fbb00000)
  from space 39424K, 100% used [0x00000006fbb00000,0x00000006fe180000,0x00000006fe180000)
  to   space 52224K, 0% used [0x0000000702b80000,0x0000000702b80000,0x0000000705e80000)
 ParOldGen       total 127488K, used 62510K [0x0000000540000000, 0x0000000547c80000, 0x00000006eab00000)
  object space 127488K, 49% used [0x0000000540000000,0x0000000543d0b9d0,0x0000000547c80000)
 Metaspace       used 24772K, capacity 25320K, committed 25472K, reserved 1071104K
  class space    used 2639K, capacity 2853K, committed 2944K, reserved 1048576K
}
Event: 122.703 GC heap before
{Heap before GC invocations=11 (full 1):
 PSYoungGen      total 317952K, used 317952K [0x00000006eab00000, 0x0000000705e80000, 0x00000007c0000000)
  eden space 278528K, 100% used [0x00000006eab00000,0x00000006fbb00000,0x00000006fbb00000)
  from space 39424K, 100% used [0x00000006fbb00000,0x00000006fe180000,0x00000006fe180000)
  to   space 52224K, 0% used [0x0000000702b80000,0x0000000702b80000,0x0000000705e80000)
 ParOldGen       total 127488K, used 62510K [0x0000000540000000, 0x0000000547c80000, 0x00000006eab00000)
  object space 127488K, 49% used [0x0000000540000000,0x0000000543d0b9d0,0x0000000547c80000)
 Metaspace       used 24858K, capacity 25414K, committed 25728K, reserved 1073152K
  class space    used 2642K, capacity 2858K, committed 2944K, reserved 1048576K
Event: 122.757 GC heap after
Heap after GC invocations=11 (full 1):
 PSYoungGen      total 385024K, used 48448K [0x00000006eab00000, 0x0000000706200000, 0x00000007c0000000)
  eden space 332800K, 0% used [0x00000006eab00000,0x00000006eab00000,0x00000006ff000000)
  from space 52224K, 92% used [0x0000000702b80000,0x0000000705ad0240,0x0000000705e80000)
  to   space 58368K, 0% used [0x00000006ff000000,0x00000006ff000000,0x0000000702900000)
 ParOldGen       total 127488K, used 80425K [0x0000000540000000, 0x0000000547c80000, 0x00000006eab00000)
  object space 127488K, 63% used [0x0000000540000000,0x0000000544e8a7c8,0x0000000547c80000)
 Metaspace       used 24858K, capacity 25414K, committed 25728K, reserved 1073152K
  class space    used 2642K, capacity 2858K, committed 2944K, reserved 1048576K
}
Event: 150.538 GC heap before
{Heap before GC invocations=12 (full 1):
 PSYoungGen      total 385024K, used 381248K [0x00000006eab00000, 0x0000000706200000, 0x00000007c0000000)
  eden space 332800K, 100% used [0x00000006eab00000,0x00000006ff000000,0x00000006ff000000)
  from space 52224K, 92% used [0x0000000702b80000,0x0000000705ad0240,0x0000000705e80000)
  to   space 58368K, 0% used [0x00000006ff000000,0x00000006ff000000,0x0000000702900000)
 ParOldGen       total 127488K, used 80425K [0x0000000540000000, 0x0000000547c80000, 0x00000006eab00000)
  object space 127488K, 63% used [0x0000000540000000,0x0000000544e8a7c8,0x0000000547c80000)
 Metaspace       used 24958K, capacity 25548K, committed 25728K, reserved 1073152K
  class space    used 2642K, capacity 2859K, committed 2944K, reserved 1048576K
Event: 150.639 GC heap after
Heap after GC invocations=12 (full 1):
 PSYoungGen      total 391168K, used 58336K [0x00000006eab00000, 0x000000070bd80000, 0x00000007c0000000)
  eden space 332800K, 0% used [0x00000006eab00000,0x00000006eab00000,0x00000006ff000000)
  from space 58368K, 99% used [0x00000006ff000000,0x00000007028f8010,0x0000000702900000)
  to   space 77312K, 0% used [0x0000000707200000,0x0000000707200000,0x000000070bd80000)
 ParOldGen       total 127488K, used 106363K [0x0000000540000000, 0x0000000547c80000, 0x00000006eab00000)
  object space 127488K, 83% used [0x0000000540000000,0x00000005467deee0,0x0000000547c80000)
 Metaspace       used 24958K, capacity 25548K, committed 25728K, reserved 1073152K
  class space    used 2642K, capacity 2859K, committed 2944K, reserved 1048576K
}
Event: 150.639 GC heap before
{Heap before GC invocations=13 (full 2):
 PSYoungGen      total 391168K, used 58336K [0x00000006eab00000, 0x000000070bd80000, 0x00000007c0000000)
  eden space 332800K, 0% used [0x00000006eab00000,0x00000006eab00000,0x00000006ff000000)
  from space 58368K, 99% used [0x00000006ff000000,0x00000007028f8010,0x0000000702900000)
  to   space 77312K, 0% used [0x0000000707200000,0x0000000707200000,0x000000070bd80000)
 ParOldGen       total 127488K, used 106363K [0x0000000540000000, 0x0000000547c80000, 0x00000006eab00000)
  object space 127488K, 83% used [0x0000000540000000,0x00000005467deee0,0x0000000547c80000)
 Metaspace       used 24958K, capacity 25548K, committed 25728K, reserved 1073152K
  class space    used 2642K, capacity 2859K, committed 2944K, reserved 1048576K
Event: 151.163 GC heap after
Heap after GC invocations=13 (full 2):
 PSYoungGen      total 391168K, used 32119K [0x00000006eab00000, 0x000000070bd80000, 0x00000007c0000000)
  eden space 332800K, 0% used [0x00000006eab00000,0x00000006eab00000,0x00000006ff000000)
  from space 58368K, 55% used [0x00000006ff000000,0x0000000700f5def8,0x0000000702900000)
  to   space 77312K, 0% used [0x0000000707200000,0x0000000707200000,0x000000070bd80000)
 ParOldGen       total 293376K, used 127230K [0x0000000540000000, 0x0000000551e80000, 0x00000006eab00000)
  object space 293376K, 43% used [0x0000000540000000,0x0000000547c3f878,0x0000000551e80000)
 Metaspace       used 24958K, capacity 25548K, committed 25728K, reserved 1073152K
  class space    used 2642K, capacity 2859K, committed 2944K, reserved 1048576K
}
Event: 190.072 GC heap before
{Heap before GC invocations=14 (full 2):
 PSYoungGen      total 391168K, used 364919K [0x00000006eab00000, 0x000000070bd80000, 0x00000007c0000000)
  eden space 332800K, 100% used [0x00000006eab00000,0x00000006ff000000,0x00000006ff000000)
  from space 58368K, 55% used [0x00000006ff000000,0x0000000700f5def8,0x0000000702900000)
  to   space 77312K, 0% used [0x0000000707200000,0x0000000707200000,0x000000070bd80000)
 ParOldGen       total 293376K, used 127230K [0x0000000540000000, 0x0000000551e80000, 0x00000006eab00000)
  object space 293376K, 43% used [0x0000000540000000,0x0000000547c3f878,0x0000000551e80000)
 Metaspace       used 25006K, capacity 25612K, committed 25984K, reserved 1073152K
  class space    used 2642K, capacity 2859K, committed 2944K, reserved 1048576K
Event: 190.136 GC heap after
Heap after GC invocations=14 (full 2):
 PSYoungGen      total 464384K, used 48000K [0x00000006eab00000, 0x000000070cf00000, 0x00000007c0000000)
  eden space 387072K, 0% used [0x00000006eab00000,0x00000006eab00000,0x0000000702500000)
  from space 77312K, 62% used [0x0000000707200000,0x000000070a0e0000,0x000000070bd80000)
  to   space 78848K, 0% used [0x0000000702500000,0x0000000702500000,0x0000000707200000)
 ParOldGen       total 293376K, used 150108K [0x0000000540000000, 0x0000000551e80000, 0x00000006eab00000)
  object space 293376K, 51% used [0x0000000540000000,0x0000000549297270,0x0000000551e80000)
 Metaspace       used 25006K, capacity 25612K, committed 25984K, reserved 1073152K
  class space    used 2642K, capacity 2859K, committed 2944K, reserved 1048576K
}
Event: 229.313 GC heap before
{Heap before GC invocations=15 (full 2):
 PSYoungGen      total 464384K, used 435072K [0x00000006eab00000, 0x000000070cf00000, 0x00000007c0000000)
  eden space 387072K, 100% used [0x00000006eab00000,0x0000000702500000,0x0000000702500000)
  from space 77312K, 62% used [0x0000000707200000,0x000000070a0e0000,0x000000070bd80000)
  to   space 78848K, 0% used [0x0000000702500000,0x0000000702500000,0x0000000707200000)
 ParOldGen       total 293376K, used 150108K [0x0000000540000000, 0x0000000551e80000, 0x00000006eab00000)
  object space 293376K, 51% used [0x0000000540000000,0x0000000549297270,0x0000000551e80000)
 Metaspace       used 25063K, capacity 25676K, committed 25984K, reserved 1073152K
  class space    used 2642K, capacity 2859K, committed 2944K, reserved 1048576K
Event: 229.407 GC heap after
Heap after GC invocations=15 (full 2):
 PSYoungGen      total 465920K, used 76259K [0x00000006eab00000, 0x0000000711b00000, 0x00000007c0000000)
  eden space 387072K, 0% used [0x00000006eab00000,0x00000006eab00000,0x0000000702500000)
  from space 78848K, 96% used [0x0000000702500000,0x0000000706f78d20,0x0000000707200000)
  to   space 90112K, 0% used [0x000000070c300000,0x000000070c300000,0x0000000711b00000)
 ParOldGen       total 293376K, used 150116K [0x0000000540000000, 0x0000000551e80000, 0x00000006eab00000)
  object space 293376K, 51% used [0x0000000540000000,0x0000000549299270,0x0000000551e80000)
 Metaspace       used 25063K, capacity 25676K, committed 25984K, reserved 1073152K
  class space    used 2642K, capacity 2859K, committed 2944K, reserved 1048576K
}
Event: 233.735 GC heap before
{Heap before GC invocations=16 (full 2):
 PSYoungGen      total 465920K, used 463331K [0x00000006eab00000, 0x0000000711b00000, 0x00000007c0000000)
  eden space 387072K, 100% used [0x00000006eab00000,0x0000000702500000,0x0000000702500000)
  from space 78848K, 96% used [0x0000000702500000,0x0000000706f78d20,0x0000000707200000)
  to   space 90112K, 0% used [0x000000070c300000,0x000000070c300000,0x0000000711b00000)
 ParOldGen       total 293376K, used 150116K [0x0000000540000000, 0x0000000551e80000, 0x00000006eab00000)
  object space 293376K, 51% used [0x0000000540000000,0x0000000549299270,0x0000000551e80000)
 Metaspace       used 28872K, capacity 29662K, committed 29952K, reserved 1075200K
  class space    used 3164K, capacity 3480K, committed 3584K, reserved 1048576K
Event: 233.811 GC heap after
Heap after GC invocations=16 (full 2):
 PSYoungGen      total 535040K, used 88308K [0x00000006eab00000, 0x0000000714480000, 0x00000007c0000000)
  eden space 444928K, 0% used [0x00000006eab00000,0x00000006eab00000,0x0000000705d80000)
  from space 90112K, 97% used [0x000000070c300000,0x000000071193d090,0x0000000711b00000)
  to   space 103936K, 0% used [0x0000000705d80000,0x0000000705d80000,0x000000070c300000)
 ParOldGen       total 293376K, used 150124K [0x0000000540000000, 0x0000000551e80000, 0x00000006eab00000)
  object space 293376K, 51% used [0x0000000540000000,0x000000054929b270,0x0000000551e80000)
 Metaspace       used 28872K, capacity 29662K, committed 29952K, reserved 1075200K
  class space    used 3164K, capacity 3480K, committed 3584K, reserved 1048576K
}
Event: 242.345 GC heap before
{Heap before GC invocations=17 (full 2):
 PSYoungGen      total 535040K, used 533236K [0x00000006eab00000, 0x0000000714480000, 0x00000007c0000000)
  eden space 444928K, 100% used [0x00000006eab00000,0x0000000705d80000,0x0000000705d80000)
  from space 90112K, 97% used [0x000000070c300000,0x000000071193d090,0x0000000711b00000)
  to   space 103936K, 0% used [0x0000000705d80000,0x0000000705d80000,0x000000070c300000)
 ParOldGen       total 293376K, used 150124K [0x0000000540000000, 0x0000000551e80000, 0x00000006eab00000)
  object space 293376K, 51% used [0x0000000540000000,0x000000054929b270,0x0000000551e80000)
 Metaspace       used 37907K, capacity 39096K, committed 39296K, reserved 1083392K
  class space    used 4248K, capacity 4641K, committed 4736K, reserved 1048576K
Event: 242.514 GC heap after
Heap after GC invocations=17 (full 2):
 PSYoungGen      total 548864K, used 103934K [0x00000006eab00000, 0x000000071b700000, 0x00000007c0000000)
  eden space 444928K, 0% used [0x00000006eab00000,0x00000006eab00000,0x0000000705d80000)
  from space 103936K, 99% used [0x0000000705d80000,0x000000070c2ff9b0,0x000000070c300000)
  to   space 120832K, 0% used [0x0000000714100000,0x0000000714100000,0x000000071b700000)
 ParOldGen       total 293376K, used 150364K [0x0000000540000000, 0x0000000551e80000, 0x00000006eab00000)
  object space 293376K, 51% used [0x0000000540000000,0x00000005492d7270,0x0000000551e80000)
 Metaspace       used 37907K, capacity 39096K, committed 39296K, reserved 1083392K
  class space    used 4248K, capacity 4641K, committed 4736K, reserved 1048576K
}
Event: 247.024 GC heap before
{Heap before GC invocations=18 (full 2):
 PSYoungGen      total 548864K, used 548862K [0x00000006eab00000, 0x000000071b700000, 0x00000007c0000000)
  eden space 444928K, 100% used [0x00000006eab00000,0x0000000705d80000,0x0000000705d80000)
  from space 103936K, 99% used [0x0000000705d80000,0x000000070c2ff9b0,0x000000070c300000)
  to   space 120832K, 0% used [0x0000000714100000,0x0000000714100000,0x000000071b700000)
 ParOldGen       total 293376K, used 150364K [0x0000000540000000, 0x0000000551e80000, 0x00000006eab00000)
  object space 293376K, 51% used [0x0000000540000000,0x00000005492d7270,0x0000000551e80000)
 Metaspace       used 38123K, capacity 39300K, committed 39552K, reserved 1083392K
  class space    used 4254K, capacity 4645K, committed 4736K, reserved 1048576K
Event: 247.171 GC heap after
Heap after GC invocations=18 (full 2):
 PSYoungGen      total 684544K, used 45295K [0x00000006eab00000, 0x000000071c000000, 0x00000007c0000000)
  eden space 563712K, 0% used [0x00000006eab00000,0x00000006eab00000,0x000000070d180000)
  from space 120832K, 37% used [0x0000000714100000,0x0000000716d3bc80,0x000000071b700000)
  to   space 114176K, 0% used [0x000000070d180000,0x000000070d180000,0x0000000714100000)
 ParOldGen       total 293376K, used 197106K [0x0000000540000000, 0x0000000551e80000, 0x00000006eab00000)
  object space 293376K, 67% used [0x0000000540000000,0x000000054c07ca68,0x0000000551e80000)
 Metaspace       used 38123K, capacity 39300K, committed 39552K, reserved 1083392K
  class space    used 4254K, capacity 4645K, committed 4736K, reserved 1048576K
}
Event: 250.644 GC heap before
{Heap before GC invocations=19 (full 2):
 PSYoungGen      total 684544K, used 525017K [0x00000006eab00000, 0x000000071c000000, 0x00000007c0000000)
  eden space 563712K, 85% used [0x00000006eab00000,0x0000000707f7a788,0x000000070d180000)
  from space 120832K, 37% used [0x0000000714100000,0x0000000716d3bc80,0x000000071b700000)
  to   space 114176K, 0% used [0x000000070d180000,0x000000070d180000,0x0000000714100000)
 ParOldGen       total 293376K, used 197106K [0x0000000540000000, 0x0000000551e80000, 0x00000006eab00000)
  object space 293376K, 67% used [0x0000000540000000,0x000000054c07ca68,0x0000000551e80000)
 Metaspace       used 41556K, capacity 42828K, committed 42880K, reserved 1087488K
  class space    used 4671K, capacity 5077K, committed 5120K, reserved 1048576K
Event: 250.729 GC heap after
Heap after GC invocations=19 (full 2):
 PSYoungGen      total 677888K, used 17948K [0x00000006eab00000, 0x0000000722200000, 0x00000007c0000000)
  eden space 563712K, 0% used [0x00000006eab00000,0x00000006eab00000,0x000000070d180000)
  from space 114176K, 15% used [0x000000070d180000,0x000000070e3073f8,0x0000000714100000)
  to   space 112640K, 0% used [0x000000071b400000,0x000000071b400000,0x0000000722200000)
 ParOldGen       total 293376K, used 225691K [0x0000000540000000, 0x0000000551e80000, 0x00000006eab00000)
  object space 293376K, 76% used [0x0000000540000000,0x000000054dc66e00,0x0000000551e80000)
 Metaspace       used 41556K, capacity 42828K, committed 42880K, reserved 1087488K
  class space    used 4671K, capacity 5077K, committed 5120K, reserved 1048576K
}
Event: 250.729 GC heap before
{Heap before GC invocations=20 (full 3):
 PSYoungGen      total 677888K, used 17948K [0x00000006eab00000, 0x0000000722200000, 0x00000007c0000000)
  eden space 563712K, 0% used [0x00000006eab00000,0x00000006eab00000,0x000000070d180000)
  from space 114176K, 15% used [0x000000070d180000,0x000000070e3073f8,0x0000000714100000)
  to   space 112640K, 0% used [0x000000071b400000,0x000000071b400000,0x0000000722200000)
 ParOldGen       total 293376K, used 225691K [0x0000000540000000, 0x0000000551e80000, 0x00000006eab00000)
  object space 293376K, 76% used [0x0000000540000000,0x000000054dc66e00,0x0000000551e80000)
 Metaspace       used 41556K, capacity 42828K, committed 42880K, reserved 1087488K
  class space    used 4671K, capacity 5077K, committed 5120K, reserved 1048576K
Event: 251.568 GC heap after
Heap after GC invocations=20 (full 3):
 PSYoungGen      total 677888K, used 0K [0x00000006eab00000, 0x0000000722200000, 0x00000007c0000000)
  eden space 563712K, 0% used [0x00000006eab00000,0x00000006eab00000,0x000000070d180000)
  from space 114176K, 0% used [0x000000070d180000,0x000000070d180000,0x0000000714100000)
  to   space 112640K, 0% used [0x000000071b400000,0x000000071b400000,0x0000000722200000)
 ParOldGen       total 457216K, used 237851K [0x0000000540000000, 0x000000055be80000, 0x00000006eab00000)
  object space 457216K, 52% used [0x0000000540000000,0x000000054e846f80,0x000000055be80000)
 Metaspace       used 41556K, capacity 42828K, committed 42880K, reserved 1087488K
  class space    used 4671K, capacity 5077K, committed 5120K, reserved 1048576K
}
Event: 257.065 GC heap before
{Heap before GC invocations=21 (full 3):
 PSYoungGen      total 677888K, used 563712K [0x00000006eab00000, 0x0000000722200000, 0x00000007c0000000)
  eden space 563712K, 100% used [0x00000006eab00000,0x000000070d180000,0x000000070d180000)
  from space 114176K, 0% used [0x000000070d180000,0x000000070d180000,0x0000000714100000)
  to   space 112640K, 0% used [0x000000071b400000,0x000000071b400000,0x0000000722200000)
 ParOldGen       total 457216K, used 237851K [0x0000000540000000, 0x000000055be80000, 0x00000006eab00000)
  object space 457216K, 52% used [0x0000000540000000,0x000000054e846f80,0x000000055be80000)
 Metaspace       used 46857K, capacity 48215K, committed 48384K, reserved 1091584K
  class space    used 5209K, capacity 5632K, committed 5632K, reserved 1048576K
Event: 257.148 GC heap after
Heap after GC invocations=21 (full 3):
 PSYoungGen      total 780288K, used 105162K [0x00000006eab00000, 0x0000000724580000, 0x00000007c0000000)
  eden space 667648K, 0% used [0x00000006eab00000,0x00000006eab00000,0x0000000713700000)
  from space 112640K, 93% used [0x000000071b400000,0x0000000721ab28f0,0x0000000722200000)
  to   space 128000K, 0% used [0x0000000713700000,0x0000000713700000,0x000000071b400000)
 ParOldGen       total 457216K, used 237867K [0x0000000540000000, 0x000000055be80000, 0x00000006eab00000)
  object space 457216K, 52% used [0x0000000540000000,0x000000054e84af80,0x000000055be80000)
 Metaspace       used 46857K, capacity 48215K, committed 48384K, reserved 1091584K
  class space    used 5209K, capacity 5632K, committed 5632K, reserved 1048576K
}
Event: 262.755 GC heap before
{Heap before GC invocations=22 (full 3):
 PSYoungGen      total 780288K, used 772810K [0x00000006eab00000, 0x0000000724580000, 0x00000007c0000000)
  eden space 667648K, 100% used [0x00000006eab00000,0x0000000713700000,0x0000000713700000)
  from space 112640K, 93% used [0x000000071b400000,0x0000000721ab28f0,0x0000000722200000)
  to   space 128000K, 0% used [0x0000000713700000,0x0000000713700000,0x000000071b400000)
 ParOldGen       total 457216K, used 237867K [0x0000000540000000, 0x000000055be80000, 0x00000006eab00000)
  object space 457216K, 52% used [0x0000000540000000,0x000000054e84af80,0x000000055be80000)
 Metaspace       used 49347K, capacity 50711K, committed 50944K, reserved 1093632K
  class space    used 5378K, capacity 5824K, committed 5888K, reserved 1048576K
Event: 262.898 GC heap after
Heap after GC invocations=22 (full 3):
 PSYoungGen      total 795648K, used 127986K [0x00000006eab00000, 0x0000000730800000, 0x00000007c0000000)
  eden space 667648K, 0% used [0x00000006eab00000,0x00000006eab00000,0x0000000713700000)
  from space 128000K, 99% used [0x0000000713700000,0x000000071b3fc9d0,0x000000071b400000)
  to   space 160768K, 0% used [0x0000000726b00000,0x0000000726b00000,0x0000000730800000)
 ParOldGen       total 457216K, used 270418K [0x0000000540000000, 0x000000055be80000, 0x00000006eab00000)
  object space 457216K, 59% used [0x0000000540000000,0x0000000550814bf0,0x000000055be80000)
 Metaspace       used 49347K, capacity 50711K, committed 50944K, reserved 1093632K
  class space    used 5378K, capacity 5824K, committed 5888K, reserved 1048576K
}
Event: 266.319 GC heap before
{Heap before GC invocations=23 (full 3):
 PSYoungGen      total 795648K, used 795634K [0x00000006eab00000, 0x0000000730800000, 0x00000007c0000000)
  eden space 667648K, 100% used [0x00000006eab00000,0x0000000713700000,0x0000000713700000)
  from space 128000K, 99% used [0x0000000713700000,0x000000071b3fc9d0,0x000000071b400000)
  to   space 160768K, 0% used [0x0000000726b00000,0x0000000726b00000,0x0000000730800000)
 ParOldGen       total 457216K, used 270418K [0x0000000540000000, 0x000000055be80000, 0x00000006eab00000)
  object space 457216K, 59% used [0x0000000540000000,0x0000000550814bf0,0x000000055be80000)
 Metaspace       used 49834K, capacity 51191K, committed 51456K, reserved 1095680K
  class space    used 5398K, capacity 5856K, committed 5888K, reserved 1048576K
Event: 266.475 GC heap after
Heap after GC invocations=23 (full 3):
 PSYoungGen      total 991744K, used 56845K [0x00000006eab00000, 0x0000000730880000, 0x00000007c0000000)
  eden space 830976K, 0% used [0x00000006eab00000,0x00000006eab00000,0x000000071d680000)
  from space 160768K, 35% used [0x0000000726b00000,0x000000072a283568,0x0000000730800000)
  to   space 152064K, 0% used [0x000000071d680000,0x000000071d680000,0x0000000726b00000)
 ParOldGen       total 457216K, used 398136K [0x0000000540000000, 0x000000055be80000, 0x00000006eab00000)
  object space 457216K, 87% used [0x0000000540000000,0x00000005584ce1c8,0x000000055be80000)
 Metaspace       used 49834K, capacity 51191K, committed 51456K, reserved 1095680K
  class space    used 5398K, capacity 5856K, committed 5888K, reserved 1048576K
}
Event: 266.475 GC heap before
{Heap before GC invocations=24 (full 4):
 PSYoungGen      total 991744K, used 56845K [0x00000006eab00000, 0x0000000730880000, 0x00000007c0000000)
  eden space 830976K, 0% used [0x00000006eab00000,0x00000006eab00000,0x000000071d680000)
  from space 160768K, 35% used [0x0000000726b00000,0x000000072a283568,0x0000000730800000)
  to   space 152064K, 0% used [0x000000071d680000,0x000000071d680000,0x0000000726b00000)
 ParOldGen       total 457216K, used 398136K [0x0000000540000000, 0x000000055be80000, 0x00000006eab00000)
  object space 457216K, 87% used [0x0000000540000000,0x00000005584ce1c8,0x000000055be80000)
 Metaspace       used 49834K, capacity 51191K, committed 51456K, reserved 1095680K
  class space    used 5398K, capacity 5856K, committed 5888K, reserved 1048576K
Event: 266.834 GC heap after
Heap after GC invocations=24 (full 4):
 PSYoungGen      total 991744K, used 0K [0x00000006eab00000, 0x0000000730880000, 0x00000007c0000000)
  eden space 830976K, 0% used [0x00000006eab00000,0x00000006eab00000,0x000000071d680000)
  from space 160768K, 0% used [0x0000000726b00000,0x0000000726b00000,0x0000000730800000)
  to   space 152064K, 0% used [0x000000071d680000,0x000000071d680000,0x0000000726b00000)
 ParOldGen       total 622080K, used 319317K [0x0000000540000000, 0x0000000565f80000, 0x00000006eab00000)
  object space 622080K, 51% used [0x0000000540000000,0x00000005537d5678,0x0000000565f80000)
 Metaspace       used 49834K, capacity 51191K, committed 51456K, reserved 1095680K
  class space    used 5398K, capacity 5856K, committed 5888K, reserved 1048576K
}

