# JRE version: OpenJDK Runtime Environment (8.0_191-b12) (build 1.8.0_191-b12)
# Java VM: OpenJDK 64-Bit Server VM (25.191-b12 mixed mode linux-amd64 compressed oops)
Heap:
 PSYoungGen      total 2113536K, used 817792K [0x0000000715580000, 0x00000007bba80000, 0x00000007c0000000)
  eden space 1515008K, 49% used [0x0000000715580000,0x0000000742c855f8,0x0000000771d00000)
  from space 598528K, 12% used [0x0000000771d00000,0x000000077649aae0,0x0000000796580000)
  to   space 565248K, 0% used [0x0000000799280000,0x0000000799280000,0x00000007bba80000)
 ParOldGen       total 5592576K, used 4937337K [0x00000005c0000000, 0x0000000715580000, 0x0000000715580000)
  object space 5592576K, 88% used [0x00000005c0000000,0x00000006ed59e528,0x0000000715580000)
 Metaspace       used 308789K, capacity 323908K, committed 354048K, reserved 1357824K
  class space    used 41635K, capacity 45553K, committed 45824K, reserved 1048576K
GC Heap History (250 events):
Event: 80.238 GC heap before
{Heap before GC invocations=31 (full 5):
 PSYoungGen      total 1990656K, used 1990304K [0x0000000715580000, 0x00000007c0000000, 0x00000007c0000000)
  eden space 1430016K, 100% used [0x0000000715580000,0x000000076ca00000,0x000000076ca00000)
  from space 560640K, 99% used [0x000000076ca00000,0x000000078ed280d0,0x000000078ed80000)
  to   space 734720K, 0% used [0x0000000793280000,0x0000000793280000,0x00000007c0000000)
 ParOldGen       total 2548224K, used 636157K [0x00000005c0000000, 0x000000065b880000, 0x0000000715580000)
  object space 2548224K, 24% used [0x00000005c0000000,0x00000005e6d3f4e0,0x000000065b880000)
 Metaspace       used 254895K, capacity 267682K, committed 268032K, reserved 1277952K
  class space    used 36475K, capacity 39816K, committed 39936K, reserved 1048576K
Event: 80.613 GC heap after
Heap after GC invocations=31 (full 5):
 PSYoungGen      total 1964032K, used 581440K [0x0000000715580000, 0x00000007c0000000, 0x00000007c0000000)
  eden space 1229312K, 0% used [0x0000000715580000,0x0000000715580000,0x0000000760600000)
  from space 734720K, 79% used [0x0000000793280000,0x00000007b6a50218,0x00000007c0000000)
  to   space 783360K, 0% used [0x0000000760600000,0x0000000760600000,0x0000000790300000)
 ParOldGen       total 2548224K, used 636157K [0x00000005c0000000, 0x000000065b880000, 0x0000000715580000)
  object space 2548224K, 24% used [0x00000005c0000000,0x00000005e6d3f4e0,0x000000065b880000)
 Metaspace       used 254895K, capacity 267682K, committed 268032K, reserved 1277952K
  class space    used 36475K, capacity 39816K, committed 39936K, reserved 1048576K
}
Event: 82.969 GC heap before
{Heap before GC invocations=32 (full 5):
 PSYoungGen      total 1964032K, used 1810752K [0x0000000715580000, 0x00000007c0000000, 0x00000007c0000000)
  eden space 1229312K, 100% used [0x0000000715580000,0x0000000760600000,0x0000000760600000)
  from space 734720K, 79% used [0x0000000793280000,0x00000007b6a50218,0x00000007c0000000)
  to   space 783360K, 0% used [0x0000000760600000,0x0000000760600000,0x0000000790300000)
 ParOldGen       total 2548224K, used 636157K [0x00000005c0000000, 0x000000065b880000, 0x0000000715580000)
  object space 2548224K, 24% used [0x00000005c0000000,0x00000005e6d3f4e0,0x000000065b880000)
 Metaspace       used 254940K, capacity 267750K, committed 268032K, reserved 1277952K
  class space    used 36476K, capacity 39816K, committed 39936K, reserved 1048576K
Event: 83.298 GC heap after
Heap after GC invocations=32 (full 5):
 PSYoungGen      total 1879040K, used 649659K [0x0000000715580000, 0x00000007c0000000, 0x00000007c0000000)
  eden space 1229312K, 0% used [0x0000000715580000,0x0000000715580000,0x0000000760600000)
  from space 649728K, 99% used [0x0000000760600000,0x000000078806ee90,0x0000000788080000)
  to   space 845312K, 0% used [0x000000078c680000,0x000000078c680000,0x00000007c0000000)
 ParOldGen       total 2548224K, used 636165K [0x00000005c0000000, 0x000000065b880000, 0x0000000715580000)
  object space 2548224K, 24% used [0x00000005c0000000,0x00000005e6d414e0,0x000000065b880000)
 Metaspace       used 254940K, capacity 267750K, committed 268032K, reserved 1277952K
  class space    used 36476K, capacity 39816K, committed 39936K, reserved 1048576K
}
Event: 88.735 GC heap before
{Heap before GC invocations=33 (full 5):
 PSYoungGen      total 1879040K, used 1878971K [0x0000000715580000, 0x00000007c0000000, 0x00000007c0000000)
  eden space 1229312K, 100% used [0x0000000715580000,0x0000000760600000,0x0000000760600000)
  from space 649728K, 99% used [0x0000000760600000,0x000000078806ee90,0x0000000788080000)
  to   space 845312K, 0% used [0x000000078c680000,0x000000078c680000,0x00000007c0000000)
 ParOldGen       total 2548224K, used 636165K [0x00000005c0000000, 0x000000065b880000, 0x0000000715580000)
  object space 2548224K, 24% used [0x00000005c0000000,0x00000005e6d414e0,0x000000065b880000)
 Metaspace       used 255414K, capacity 268174K, committed 268544K, reserved 1277952K
  class space    used 36497K, capacity 39848K, committed 39936K, reserved 1048576K
Event: 89.108 GC heap after
Heap after GC invocations=33 (full 5):
 PSYoungGen      total 1869824K, used 627689K [0x0000000715580000, 0x00000007c0000000, 0x00000007c0000000)
  eden space 1024512K, 0% used [0x0000000715580000,0x0000000715580000,0x0000000753e00000)
  from space 845312K, 74% used [0x000000078c680000,0x00000007b2b7a540,0x00000007c0000000)
  to   space 885760K, 0% used [0x0000000753e00000,0x0000000753e00000,0x0000000789f00000)
 ParOldGen       total 2548224K, used 690531K [0x00000005c0000000, 0x000000065b880000, 0x0000000715580000)
  object space 2548224K, 27% used [0x00000005c0000000,0x00000005ea258da8,0x000000065b880000)
 Metaspace       used 255414K, capacity 268174K, committed 268544K, reserved 1277952K
  class space    used 36497K, capacity 39848K, committed 39936K, reserved 1048576K
}
Event: 91.246 GC heap before
{Heap before GC invocations=34 (full 5):
 PSYoungGen      total 1869824K, used 1652201K [0x0000000715580000, 0x00000007c0000000, 0x00000007c0000000)
  eden space 1024512K, 100% used [0x0000000715580000,0x0000000753e00000,0x0000000753e00000)
  from space 845312K, 74% used [0x000000078c680000,0x00000007b2b7a540,0x00000007c0000000)
  to   space 885760K, 0% used [0x0000000753e00000,0x0000000753e00000,0x0000000789f00000)
 ParOldGen       total 2548224K, used 690531K [0x00000005c0000000, 0x000000065b880000, 0x0000000715580000)
  object space 2548224K, 27% used [0x00000005c0000000,0x00000005ea258da8,0x000000065b880000)
 Metaspace       used 255630K, capacity 268438K, committed 268800K, reserved 1277952K
  class space    used 36497K, capacity 39848K, committed 39936K, reserved 1048576K
Event: 91.605 GC heap after
Heap after GC invocations=34 (full 5):
 PSYoungGen      total 1910272K, used 495525K [0x0000000715580000, 0x00000007c0000000, 0x00000007c0000000)
  eden space 1024512K, 0% used [0x0000000715580000,0x0000000715580000,0x0000000753e00000)
  from space 885760K, 55% used [0x0000000753e00000,0x00000007721e94b0,0x0000000789f00000)
  to   space 867328K, 0% used [0x000000078b100000,0x000000078b100000,0x00000007c0000000)
 ParOldGen       total 2548224K, used 854735K [0x00000005c0000000, 0x000000065b880000, 0x0000000715580000)
  object space 2548224K, 33% used [0x00000005c0000000,0x00000005f42b3ca0,0x000000065b880000)
 Metaspace       used 255630K, capacity 268438K, committed 268800K, reserved 1277952K
  class space    used 36497K, capacity 39848K, committed 39936K, reserved 1048576K
}
Event: 93.364 GC heap before
{Heap before GC invocations=35 (full 5):
 PSYoungGen      total 1910272K, used 1520037K [0x0000000715580000, 0x00000007c0000000, 0x00000007c0000000)
  eden space 1024512K, 100% used [0x0000000715580000,0x0000000753e00000,0x0000000753e00000)
  from space 885760K, 55% used [0x0000000753e00000,0x00000007721e94b0,0x0000000789f00000)
  to   space 867328K, 0% used [0x000000078b100000,0x000000078b100000,0x00000007c0000000)
 ParOldGen       total 2548224K, used 854735K [0x00000005c0000000, 0x000000065b880000, 0x0000000715580000)
  object space 2548224K, 33% used [0x00000005c0000000,0x00000005f42b3ca0,0x000000065b880000)
 Metaspace       used 255657K, capacity 268440K, committed 268800K, reserved 1277952K
  class space    used 36498K, capacity 39849K, committed 39936K, reserved 1048576K
Event: 93.624 GC heap after
Heap after GC invocations=35 (full 5):
 PSYoungGen      total 1803776K, used 427364K [0x0000000715580000, 0x00000007b9800000, 0x00000007c0000000)
  eden space 1042944K, 0% used [0x0000000715580000,0x0000000715580000,0x0000000755000000)
  from space 760832K, 56% used [0x000000078b100000,0x00000007a52591f8,0x00000007b9800000)
  to   space 823296K, 0% used [0x0000000755000000,0x0000000755000000,0x0000000787400000)
 ParOldGen       total 2548224K, used 951677K [0x00000005c0000000, 0x000000065b880000, 0x0000000715580000)
  object space 2548224K, 37% used [0x00000005c0000000,0x00000005fa15f758,0x000000065b880000)
 Metaspace       used 255657K, capacity 268440K, committed 268800K, reserved 1277952K
  class space    used 36498K, capacity 39849K, committed 39936K, reserved 1048576K
}
Event: 95.656 GC heap before
{Heap before GC invocations=36 (full 5):
 PSYoungGen      total 1803776K, used 1470308K [0x0000000715580000, 0x00000007b9800000, 0x00000007c0000000)
  eden space 1042944K, 100% used [0x0000000715580000,0x0000000755000000,0x0000000755000000)
  from space 760832K, 56% used [0x000000078b100000,0x00000007a52591f8,0x00000007b9800000)
  to   space 823296K, 0% used [0x0000000755000000,0x0000000755000000,0x0000000787400000)
 ParOldGen       total 2548224K, used 951677K [0x00000005c0000000, 0x000000065b880000, 0x0000000715580000)
  object space 2548224K, 37% used [0x00000005c0000000,0x00000005fa15f758,0x000000065b880000)
 Metaspace       used 255727K, capacity 268568K, committed 268800K, reserved 1277952K
  class space    used 36498K, capacity 39849K, committed 39936K, reserved 1048576K
Event: 95.954 GC heap after
Heap after GC invocations=36 (full 5):
 PSYoungGen      total 1866240K, used 415734K [0x0000000715580000, 0x00000007bf400000, 0x00000007c0000000)
  eden space 1042944K, 0% used [0x0000000715580000,0x0000000715580000,0x0000000755000000)
  from space 823296K, 50% used [0x0000000755000000,0x000000076e5fd898,0x0000000787400000)
  to   space 785920K, 0% used [0x000000078f480000,0x000000078f480000,0x00000007bf400000)
 ParOldGen       total 2548224K, used 998242K [0x00000005c0000000, 0x000000065b880000, 0x0000000715580000)
  object space 2548224K, 39% used [0x00000005c0000000,0x00000005fced8ac0,0x000000065b880000)
 Metaspace       used 255727K, capacity 268568K, committed 268800K, reserved 1277952K
  class space    used 36498K, capacity 39849K, committed 39936K, reserved 1048576K
}
Event: 99.243 GC heap before
{Heap before GC invocations=37 (full 5):
 PSYoungGen      total 1866240K, used 1458678K [0x0000000715580000, 0x00000007bf400000, 0x00000007c0000000)
  eden space 1042944K, 100% used [0x0000000715580000,0x0000000755000000,0x0000000755000000)
  from space 823296K, 50% used [0x0000000755000000,0x000000076e5fd898,0x0000000787400000)
  to   space 785920K, 0% used [0x000000078f480000,0x000000078f480000,0x00000007bf400000)
 ParOldGen       total 2548224K, used 998242K [0x00000005c0000000, 0x000000065b880000, 0x0000000715580000)
  object space 2548224K, 39% used [0x00000005c0000000,0x00000005fced8ac0,0x000000065b880000)
 Metaspace       used 259992K, capacity 272970K, committed 273068K, reserved 1282048K
  class space    used 36772K, capacity 40170K, committed 40192K, reserved 1048576K
Event: 99.603 GC heap after
Heap after GC invocations=37 (full 5):
 PSYoungGen      total 1891328K, used 379975K [0x0000000715580000, 0x00000007ba480000, 0x00000007c0000000)
  eden space 1186816K, 0% used [0x0000000715580000,0x0000000715580000,0x000000075dc80000)
  from space 704512K, 53% used [0x000000078f480000,0x00000007a6791d60,0x00000007ba480000)
  to   space 757760K, 0% used [0x000000075dc80000,0x000000075dc80000,0x000000078c080000)
 ParOldGen       total 2548224K, used 1069823K [0x00000005c0000000, 0x000000065b880000, 0x0000000715580000)
  object space 2548224K, 41% used [0x00000005c0000000,0x00000006014bfd18,0x000000065b880000)
 Metaspace       used 259992K, capacity 272970K, committed 273068K, reserved 1282048K
  class space    used 36772K, capacity 40170K, committed 40192K, reserved 1048576K
}
Event: 99.603 GC heap before
{Heap before GC invocations=38 (full 6):
 PSYoungGen      total 1891328K, used 379975K [0x0000000715580000, 0x00000007ba480000, 0x00000007c0000000)
  eden space 1186816K, 0% used [0x0000000715580000,0x0000000715580000,0x000000075dc80000)
  from space 704512K, 53% used [0x000000078f480000,0x00000007a6791d60,0x00000007ba480000)
  to   space 757760K, 0% used [0x000000075dc80000,0x000000075dc80000,0x000000078c080000)
 ParOldGen       total 2548224K, used 1069823K [0x00000005c0000000, 0x000000065b880000, 0x0000000715580000)
  object space 2548224K, 41% used [0x00000005c0000000,0x00000006014bfd18,0x000000065b880000)
 Metaspace       used 259992K, capacity 272970K, committed 273068K, reserved 1282048K
  class space    used 36772K, capacity 40170K, committed 40192K, reserved 1048576K
Event: 102.565 GC heap after
Heap after GC invocations=38 (full 6):
 PSYoungGen      total 1891328K, used 0K [0x0000000715580000, 0x00000007ba480000, 0x00000007c0000000)
  eden space 1186816K, 0% used [0x0000000715580000,0x0000000715580000,0x000000075dc80000)
  from space 704512K, 0% used [0x000000078f480000,0x000000078f480000,0x00000007ba480000)
  to   space 757760K, 0% used [0x000000075dc80000,0x000000075dc80000,0x000000078c080000)
 ParOldGen       total 3552768K, used 1352465K [0x00000005c0000000, 0x0000000698d80000, 0x0000000715580000)
  object space 3552768K, 38% used [0x00000005c0000000,0x00000006128c4738,0x0000000698d80000)
 Metaspace       used 259060K, capacity 271958K, committed 273068K, reserved 1282048K
  class space    used 36759K, capacity 40151K, committed 40192K, reserved 1048576K
}
Event: 105.841 GC heap before
{Heap before GC invocations=39 (full 6):
 PSYoungGen      total 1891328K, used 1186816K [0x0000000715580000, 0x00000007ba480000, 0x00000007c0000000)
  eden space 1186816K, 100% used [0x0000000715580000,0x000000075dc80000,0x000000075dc80000)
  from space 704512K, 0% used [0x000000078f480000,0x000000078f480000,0x00000007ba480000)
  to   space 757760K, 0% used [0x000000075dc80000,0x000000075dc80000,0x000000078c080000)
 ParOldGen       total 3552768K, used 1352465K [0x00000005c0000000, 0x0000000698d80000, 0x0000000715580000)
  object space 3552768K, 38% used [0x00000005c0000000,0x00000006128c4738,0x0000000698d80000)
 Metaspace       used 260865K, capacity 273784K, committed 274176K, reserved 1284096K
  class space    used 36776K, capacity 40164K, committed 40192K, reserved 1048576K
Event: 105.908 GC heap after
Heap after GC invocations=39 (full 6):
 PSYoungGen      total 1944576K, used 68622K [0x0000000715580000, 0x00000007c0000000, 0x00000007c0000000)
  eden space 1186816K, 0% used [0x0000000715580000,0x0000000715580000,0x000000075dc80000)
  from space 757760K, 9% used [0x000000075dc80000,0x0000000761f83950,0x000000078c080000)
  to   space 784384K, 0% used [0x0000000790200000,0x0000000790200000,0x00000007c0000000)
 ParOldGen       total 3552768K, used 1352473K [0x00000005c0000000, 0x0000000698d80000, 0x0000000715580000)
  object space 3552768K, 38% used [0x00000005c0000000,0x00000006128c6738,0x0000000698d80000)
 Metaspace       used 260865K, capacity 273784K, committed 274176K, reserved 1284096K
  class space    used 36776K, capacity 40164K, committed 40192K, reserved 1048576K
}
Event: 110.964 GC heap before
{Heap before GC invocations=40 (full 6):
 PSYoungGen      total 1944576K, used 1255438K [0x0000000715580000, 0x00000007c0000000, 0x00000007c0000000)
  eden space 1186816K, 100% used [0x0000000715580000,0x000000075dc80000,0x000000075dc80000)
  from space 757760K, 9% used [0x000000075dc80000,0x0000000761f83950,0x000000078c080000)
  to   space 784384K, 0% used [0x0000000790200000,0x0000000790200000,0x00000007c0000000)
 ParOldGen       total 3552768K, used 1352473K [0x00000005c0000000, 0x0000000698d80000, 0x0000000715580000)
  object space 3552768K, 38% used [0x00000005c0000000,0x00000006128c6738,0x0000000698d80000)
 Metaspace       used 274789K, capacity 287942K, committed 288256K, reserved 1298432K
  class space    used 36793K, capacity 40180K, committed 40192K, reserved 1048576K
Event: 111.052 GC heap after
Heap after GC invocations=40 (full 6):
 PSYoungGen      total 1992192K, used 95158K [0x0000000715580000, 0x00000007c0000000, 0x00000007c0000000)
  eden space 1207808K, 0% used [0x0000000715580000,0x0000000715580000,0x000000075f100000)
  from space 784384K, 12% used [0x0000000790200000,0x0000000795eeda08,0x00000007c0000000)
  to   space 794112K, 0% used [0x000000075f100000,0x000000075f100000,0x000000078f880000)
 ParOldGen       total 3552768K, used 1352473K [0x00000005c0000000, 0x0000000698d80000, 0x0000000715580000)
  object space 3552768K, 38% used [0x00000005c0000000,0x00000006128c6738,0x0000000698d80000)
 Metaspace       used 274789K, capacity 287942K, committed 288256K, reserved 1298432K
  class space    used 36793K, capacity 40180K, committed 40192K, reserved 1048576K
}
Event: 114.131 GC heap before
{Heap before GC invocations=41 (full 6):
 PSYoungGen      total 1992192K, used 1302966K [0x0000000715580000, 0x00000007c0000000, 0x00000007c0000000)
  eden space 1207808K, 100% used [0x0000000715580000,0x000000075f100000,0x000000075f100000)
  from space 784384K, 12% used [0x0000000790200000,0x0000000795eeda08,0x00000007c0000000)
  to   space 794112K, 0% used [0x000000075f100000,0x000000075f100000,0x000000078f880000)
 ParOldGen       total 3552768K, used 1352473K [0x00000005c0000000, 0x0000000698d80000, 0x0000000715580000)
  object space 3552768K, 38% used [0x00000005c0000000,0x00000006128c6738,0x0000000698d80000)
 Metaspace       used 278884K, capacity 292162K, committed 292608K, reserved 1302528K
  class space    used 36800K, capacity 40188K, committed 40192K, reserved 1048576K
Event: 114.227 GC heap after
Heap after GC invocations=41 (full 6):
 PSYoungGen      total 2001920K, used 151362K [0x0000000715580000, 0x00000007bf980000, 0x00000007c0000000)
  eden space 1207808K, 0% used [0x0000000715580000,0x0000000715580000,0x000000075f100000)
  from space 794112K, 19% used [0x000000075f100000,0x00000007684d0bd8,0x000000078f880000)
  to   space 785920K, 0% used [0x000000078fa00000,0x000000078fa00000,0x00000007bf980000)
 ParOldGen       total 3552768K, used 1352481K [0x00000005c0000000, 0x0000000698d80000, 0x0000000715580000)
  object space 3552768K, 38% used [0x00000005c0000000,0x00000006128c8738,0x0000000698d80000)
 Metaspace       used 278884K, capacity 292162K, committed 292608K, reserved 1302528K
  class space    used 36800K, capacity 40188K, committed 40192K, reserved 1048576K
}
Event: 117.364 GC heap before
{Heap before GC invocations=42 (full 6):
 PSYoungGen      total 2001920K, used 1359170K [0x0000000715580000, 0x00000007bf980000, 0x00000007c0000000)
  eden space 1207808K, 100% used [0x0000000715580000,0x000000075f100000,0x000000075f100000)
  from space 794112K, 19% used [0x000000075f100000,0x00000007684d0bd8,0x000000078f880000)
  to   space 785920K, 0% used [0x000000078fa00000,0x000000078fa00000,0x00000007bf980000)
 ParOldGen       total 3552768K, used 1352481K [0x00000005c0000000, 0x0000000698d80000, 0x0000000715580000)
  object space 3552768K, 38% used [0x00000005c0000000,0x00000006128c8738,0x0000000698d80000)
 Metaspace       used 284822K, capacity 298220K, committed 298880K, reserved 1308672K
  class space    used 36809K, capacity 40198K, committed 40320K, reserved 1048576K
Event: 117.482 GC heap after
Heap after GC invocations=42 (full 6):
 PSYoungGen      total 1961472K, used 186532K [0x0000000715580000, 0x00000007bd200000, 0x00000007c0000000)
  eden space 1216000K, 0% used [0x0000000715580000,0x0000000715580000,0x000000075f900000)
  from space 745472K, 25% used [0x000000078fa00000,0x000000079b029108,0x00000007bd200000)
  to   space 766464K, 0% used [0x000000075f900000,0x000000075f900000,0x000000078e580000)
 ParOldGen       total 3552768K, used 1352489K [0x00000005c0000000, 0x0000000698d80000, 0x0000000715580000)
  object space 3552768K, 38% used [0x00000005c0000000,0x00000006128ca738,0x0000000698d80000)
 Metaspace       used 284822K, capacity 298220K, committed 298880K, reserved 1308672K
  class space    used 36809K, capacity 40198K, committed 40320K, reserved 1048576K
}
Event: 120.357 GC heap before
{Heap before GC invocations=43 (full 6):
 PSYoungGen      total 1961472K, used 1402532K [0x0000000715580000, 0x00000007bd200000, 0x00000007c0000000)
  eden space 1216000K, 100% used [0x0000000715580000,0x000000075f900000,0x000000075f900000)
  from space 745472K, 25% used [0x000000078fa00000,0x000000079b029108,0x00000007bd200000)
  to   space 766464K, 0% used [0x000000075f900000,0x000000075f900000,0x000000078e580000)
 ParOldGen       total 3552768K, used 1352489K [0x00000005c0000000, 0x0000000698d80000, 0x0000000715580000)
  object space 3552768K, 38% used [0x00000005c0000000,0x00000006128ca738,0x0000000698d80000)
 Metaspace       used 290984K, capacity 304598K, committed 305024K, reserved 1314816K
  class space    used 36824K, capacity 40220K, committed 40320K, reserved 1048576K
Event: 120.506 GC heap after
Heap after GC invocations=43 (full 6):
 PSYoungGen      total 1982464K, used 237959K [0x0000000715580000, 0x00000007bd980000, 0x00000007c0000000)
  eden space 1216000K, 0% used [0x0000000715580000,0x0000000715580000,0x000000075f900000)
  from space 766464K, 31% used [0x000000075f900000,0x000000076e161dd0,0x000000078e580000)
  to   space 736256K, 0% used [0x0000000790a80000,0x0000000790a80000,0x00000007bd980000)
 ParOldGen       total 3552768K, used 1352497K [0x00000005c0000000, 0x0000000698d80000, 0x0000000715580000)
  object space 3552768K, 38% used [0x00000005c0000000,0x00000006128cc738,0x0000000698d80000)
 Metaspace       used 290984K, capacity 304598K, committed 305024K, reserved 1314816K
  class space    used 36824K, capacity 40220K, committed 40320K, reserved 1048576K
}
Event: 123.841 GC heap before
{Heap before GC invocations=44 (full 6):
 PSYoungGen      total 1982464K, used 1453959K [0x0000000715580000, 0x00000007bd980000, 0x00000007c0000000)
  eden space 1216000K, 100% used [0x0000000715580000,0x000000075f900000,0x000000075f900000)
  from space 766464K, 31% used [0x000000075f900000,0x000000076e161dd0,0x000000078e580000)
  to   space 736256K, 0% used [0x0000000790a80000,0x0000000790a80000,0x00000007bd980000)
 ParOldGen       total 3552768K, used 1352497K [0x00000005c0000000, 0x0000000698d80000, 0x0000000715580000)
  object space 3552768K, 38% used [0x00000005c0000000,0x00000006128cc738,0x0000000698d80000)
 Metaspace       used 298883K, capacity 312654K, committed 313216K, reserved 1323008K
  class space    used 36832K, capacity 40228K, committed 40320K, reserved 1048576K
Event: 124.017 GC heap after
Heap after GC invocations=44 (full 6):
 PSYoungGen      total 1970176K, used 267622K [0x0000000715580000, 0x00000007b9f80000, 0x00000007c0000000)
  eden space 1293312K, 0% used [0x0000000715580000,0x0000000715580000,0x0000000764480000)
  from space 676864K, 39% used [0x0000000790a80000,0x00000007a0fd9ba0,0x00000007b9f80000)
  to   space 701952K, 0% used [0x0000000764480000,0x0000000764480000,0x000000078f200000)
 ParOldGen       total 3552768K, used 1352497K [0x00000005c0000000, 0x0000000698d80000, 0x0000000715580000)
  object space 3552768K, 38% used [0x00000005c0000000,0x00000006128cc738,0x0000000698d80000)
 Metaspace       used 298883K, capacity 312654K, committed 313216K, reserved 1323008K
  class space    used 36832K, capacity 40228K, committed 40320K, reserved 1048576K
}
Event: 126.731 GC heap before
{Heap before GC invocations=45 (full 6):
 PSYoungGen      total 1970176K, used 1560934K [0x0000000715580000, 0x00000007b9f80000, 0x00000007c0000000)
  eden space 1293312K, 100% used [0x0000000715580000,0x0000000764480000,0x0000000764480000)
  from space 676864K, 39% used [0x0000000790a80000,0x00000007a0fd9ba0,0x00000007b9f80000)
  to   space 701952K, 0% used [0x0000000764480000,0x0000000764480000,0x000000078f200000)
 ParOldGen       total 3552768K, used 1352497K [0x00000005c0000000, 0x0000000698d80000, 0x0000000715580000)
  object space 3552768K, 38% used [0x00000005c0000000,0x00000006128cc738,0x0000000698d80000)
 Metaspace       used 301023K, capacity 314986K, committed 315520K, reserved 1325056K
  class space    used 36839K, capacity 40237K, committed 40320K, reserved 1048576K
Event: 126.987 GC heap after
Heap after GC invocations=45 (full 6):
 PSYoungGen      total 1995264K, used 321015K [0x0000000715580000, 0x00000007bd480000, 0x00000007c0000000)
  eden space 1293312K, 0% used [0x0000000715580000,0x0000000715580000,0x0000000764480000)
  from space 701952K, 45% used [0x0000000764480000,0x0000000777dfdf20,0x000000078f200000)
  to   space 667136K, 0% used [0x0000000794900000,0x0000000794900000,0x00000007bd480000)
 ParOldGen       total 3552768K, used 1352505K [0x00000005c0000000, 0x0000000698d80000, 0x0000000715580000)
  object space 3552768K, 38% used [0x00000005c0000000,0x00000006128ce738,0x0000000698d80000)
 Metaspace       used 301023K, capacity 314986K, committed 315520K, reserved 1325056K
  class space    used 36839K, capacity 40237K, committed 40320K, reserved 1048576K
}
Event: 130.709 GC heap before
{Heap before GC invocations=46 (full 6):
 PSYoungGen      total 1995264K, used 1614327K [0x0000000715580000, 0x00000007bd480000, 0x00000007c0000000)
  eden space 1293312K, 100% used [0x0000000715580000,0x0000000764480000,0x0000000764480000)
  from space 701952K, 45% used [0x0000000764480000,0x0000000777dfdf20,0x000000078f200000)
  to   space 667136K, 0% used [0x0000000794900000,0x0000000794900000,0x00000007bd480000)
 ParOldGen       total 3552768K, used 1352505K [0x00000005c0000000, 0x0000000698d80000, 0x0000000715580000)
  object space 3552768K, 38% used [0x00000005c0000000,0x00000006128ce738,0x0000000698d80000)
 Metaspace       used 307024K, capacity 321088K, committed 321664K, reserved 1331200K
  class space    used 36847K, capacity 40243K, committed 40320K, reserved 1048576K
Event: 130.943 GC heap after
Heap after GC invocations=46 (full 6):
 PSYoungGen      total 2045440K, used 346559K [0x0000000715580000, 0x00000007bab80000, 0x00000007c0000000)
  eden space 1420288K, 0% used [0x0000000715580000,0x0000000715580000,0x000000076c080000)
  from space 625152K, 55% used [0x0000000794900000,0x00000007a9b6ffc0,0x00000007bab80000)
  to   space 644608K, 0% used [0x000000076c080000,0x000000076c080000,0x0000000793600000)
 ParOldGen       total 3552768K, used 1352513K [0x00000005c0000000, 0x0000000698d80000, 0x0000000715580000)
  object space 3552768K, 38% used [0x00000005c0000000,0x00000006128d0738,0x0000000698d80000)
 Metaspace       used 307024K, capacity 321088K, committed 321664K, reserved 1331200K
  class space    used 36847K, capacity 40243K, committed 40320K, reserved 1048576K
}
Event: 133.935 GC heap before
{Heap before GC invocations=47 (full 6):
 PSYoungGen      total 2045440K, used 1766847K [0x0000000715580000, 0x00000007bab80000, 0x00000007c0000000)
  eden space 1420288K, 100% used [0x0000000715580000,0x000000076c080000,0x000000076c080000)
  from space 625152K, 55% used [0x0000000794900000,0x00000007a9b6ffc0,0x00000007bab80000)
  to   space 644608K, 0% used [0x000000076c080000,0x000000076c080000,0x0000000793600000)
 ParOldGen       total 3552768K, used 1352513K [0x00000005c0000000, 0x0000000698d80000, 0x0000000715580000)
  object space 3552768K, 38% used [0x00000005c0000000,0x00000006128d0738,0x0000000698d80000)
 Metaspace       used 314019K, capacity 328252K, committed 329088K, reserved 1337344K
  class space    used 36856K, capacity 40251K, committed 40320K, reserved 1048576K
Event: 134.238 GC heap after
Heap after GC invocations=47 (full 6):
 PSYoungGen      total 2064896K, used 400824K [0x0000000715580000, 0x00000007c0000000, 0x00000007c0000000)
  eden space 1420288K, 0% used [0x0000000715580000,0x0000000715580000,0x000000076c080000)
  from space 644608K, 62% used [0x000000076c080000,0x00000007847ee0a8,0x0000000793600000)
  to   space 644096K, 0% used [0x0000000798b00000,0x0000000798b00000,0x00000007c0000000)
 ParOldGen       total 3552768K, used 1352513K [0x00000005c0000000, 0x0000000698d80000, 0x0000000715580000)
  object space 3552768K, 38% used [0x00000005c0000000,0x00000006128d0738,0x0000000698d80000)
 Metaspace       used 314019K, capacity 328252K, committed 329088K, reserved 1337344K
  class space    used 36856K, capacity 40251K, committed 40320K, reserved 1048576K
}
Event: 137.500 GC heap before
{Heap before GC invocations=48 (full 6):
 PSYoungGen      total 2064896K, used 1821112K [0x0000000715580000, 0x00000007c0000000, 0x00000007c0000000)
  eden space 1420288K, 100% used [0x0000000715580000,0x000000076c080000,0x000000076c080000)
  from space 644608K, 62% used [0x000000076c080000,0x00000007847ee0a8,0x0000000793600000)
  to   space 644096K, 0% used [0x0000000798b00000,0x0000000798b00000,0x00000007c0000000)
 ParOldGen       total 3552768K, used 1352513K [0x00000005c0000000, 0x0000000698d80000, 0x0000000715580000)
  object space 3552768K, 38% used [0x00000005c0000000,0x00000006128d0738,0x0000000698d80000)
 Metaspace       used 318058K, capacity 332540K, committed 333184K, reserved 1341440K
  class space    used 36871K, capacity 40287K, committed 40320K, reserved 1048576K
Event: 137.764 GC heap after
Heap after GC invocations=48 (full 6):
 PSYoungGen      total 2136576K, used 430664K [0x0000000715580000, 0x00000007c0000000, 0x00000007c0000000)
  eden space 1492480K, 0% used [0x0000000715580000,0x0000000715580000,0x0000000770700000)
  from space 644096K, 66% used [0x0000000798b00000,0x00000007b2f922a8,0x00000007c0000000)
  to   space 651776K, 0% used [0x0000000770700000,0x0000000770700000,0x0000000798380000)
 ParOldGen       total 3552768K, used 1352521K [0x00000005c0000000, 0x0000000698d80000, 0x0000000715580000)
  object space 3552768K, 38% used [0x00000005c0000000,0x00000006128d2738,0x0000000698d80000)
 Metaspace       used 318058K, capacity 332540K, committed 333184K, reserved 1341440K
  class space    used 36871K, capacity 40287K, committed 40320K, reserved 1048576K
}
Event: 140.377 GC heap before
{Heap before GC invocations=49 (full 6):
 PSYoungGen      total 2136576K, used 1923144K [0x0000000715580000, 0x00000007c0000000, 0x00000007c0000000)
  eden space 1492480K, 100% used [0x0000000715580000,0x0000000770700000,0x0000000770700000)
  from space 644096K, 66% used [0x0000000798b00000,0x00000007b2f922a8,0x00000007c0000000)
  to   space 651776K, 0% used [0x0000000770700000,0x0000000770700000,0x0000000798380000)
 ParOldGen       total 3552768K, used 1352521K [0x00000005c0000000, 0x0000000698d80000, 0x0000000715580000)
  object space 3552768K, 38% used [0x00000005c0000000,0x00000006128d2738,0x0000000698d80000)
 Metaspace       used 323908K, capacity 338462K, committed 339328K, reserved 1347584K
  class space    used 36886K, capacity 40295K, committed 40320K, reserved 1048576K
Event: 140.684 GC heap after
Heap after GC invocations=49 (full 6):
 PSYoungGen      total 1976832K, used 484096K [0x0000000715580000, 0x00000007c0000000, 0x00000007c0000000)
  eden space 1492480K, 0% used [0x0000000715580000,0x0000000715580000,0x0000000770700000)
  from space 484352K, 99% used [0x0000000770700000,0x000000078dfc0058,0x000000078e000000)
  to   space 675840K, 0% used [0x0000000796c00000,0x0000000796c00000,0x00000007c0000000)
 ParOldGen       total 3552768K, used 1352529K [0x00000005c0000000, 0x0000000698d80000, 0x0000000715580000)
  object space 3552768K, 38% used [0x00000005c0000000,0x00000006128d4738,0x0000000698d80000)
 Metaspace       used 323908K, capacity 338462K, committed 339328K, reserved 1347584K
  class space    used 36886K, capacity 40295K, committed 40320K, reserved 1048576K
}
Event: 143.766 GC heap before
{Heap before GC invocations=50 (full 6):
 PSYoungGen      total 1976832K, used 1976576K [0x0000000715580000, 0x00000007c0000000, 0x00000007c0000000)
  eden space 1492480K, 100% used [0x0000000715580000,0x0000000770700000,0x0000000770700000)
  from space 484352K, 99% used [0x0000000770700000,0x000000078dfc0058,0x000000078e000000)
  to   space 675840K, 0% used [0x0000000796c00000,0x0000000796c00000,0x00000007c0000000)
 ParOldGen       total 3552768K, used 1352529K [0x00000005c0000000, 0x0000000698d80000, 0x0000000715580000)
  object space 3552768K, 38% used [0x00000005c0000000,0x00000006128d4738,0x0000000698d80000)
 Metaspace       used 329860K, capacity 344616K, committed 345472K, reserved 1353728K
  class space    used 36905K, capacity 40301K, committed 40320K, reserved 1048576K
Event: 144.095 GC heap after
Heap after GC invocations=50 (full 6):
 PSYoungGen      total 2060800K, used 516756K [0x0000000715580000, 0x00000007c0000000, 0x00000007c0000000)
  eden space 1384960K, 0% used [0x0000000715580000,0x0000000715580000,0x0000000769e00000)
  from space 675840K, 76% used [0x0000000796c00000,0x00000007b64a5260,0x00000007c0000000)
  to   space 705536K, 0% used [0x0000000769e00000,0x0000000769e00000,0x0000000794f00000)
 ParOldGen       total 3552768K, used 1352537K [0x00000005c0000000, 0x0000000698d80000, 0x0000000715580000)
  object space 3552768K, 38% used [0x00000005c0000000,0x00000006128d6738,0x0000000698d80000)
 Metaspace       used 329860K, capacity 344616K, committed 345472K, reserved 1353728K
  class space    used 36905K, capacity 40301K, committed 40320K, reserved 1048576K
}
Event: 148.425 GC heap before
{Heap before GC invocations=51 (full 6):
 PSYoungGen      total 2060800K, used 1901716K [0x0000000715580000, 0x00000007c0000000, 0x00000007c0000000)
  eden space 1384960K, 100% used [0x0000000715580000,0x0000000769e00000,0x0000000769e00000)
  from space 675840K, 76% used [0x0000000796c00000,0x00000007b64a5260,0x00000007c0000000)
  to   space 705536K, 0% used [0x0000000769e00000,0x0000000769e00000,0x0000000794f00000)
 ParOldGen       total 3552768K, used 1352537K [0x00000005c0000000, 0x0000000698d80000, 0x0000000715580000)
  object space 3552768K, 38% used [0x00000005c0000000,0x00000006128d6738,0x0000000698d80000)
 Metaspace       used 335837K, capacity 350706K, committed 351616K, reserved 1359872K
  class space    used 36911K, capacity 40307K, committed 40320K, reserved 1048576K
Event: 148.814 GC heap after
Heap after GC invocations=51 (full 6):
 PSYoungGen      total 1947648K, used 562606K [0x0000000715580000, 0x00000007c0000000, 0x00000007c0000000)
  eden space 1384960K, 0% used [0x0000000715580000,0x0000000715580000,0x0000000769e00000)
  from space 562688K, 99% used [0x0000000769e00000,0x000000078c36b840,0x000000078c380000)
  to   space 744448K, 0% used [0x0000000792900000,0x0000000792900000,0x00000007c0000000)
 ParOldGen       total 3552768K, used 1352545K [0x00000005c0000000, 0x0000000698d80000, 0x0000000715580000)
  object space 3552768K, 38% used [0x00000005c0000000,0x00000006128d8738,0x0000000698d80000)
 Metaspace       used 335837K, capacity 350706K, committed 351616K, reserved 1359872K
  class space    used 36911K, capacity 40307K, committed 40320K, reserved 1048576K
}
Event: 152.023 GC heap before
{Heap before GC invocations=52 (full 6):
 PSYoungGen      total 1947648K, used 1947566K [0x0000000715580000, 0x00000007c0000000, 0x00000007c0000000)
  eden space 1384960K, 100% used [0x0000000715580000,0x0000000769e00000,0x0000000769e00000)
  from space 562688K, 99% used [0x0000000769e00000,0x000000078c36b840,0x000000078c380000)
  to   space 744448K, 0% used [0x0000000792900000,0x0000000792900000,0x00000007c0000000)
 ParOldGen       total 3552768K, used 1352545K [0x00000005c0000000, 0x0000000698d80000, 0x0000000715580000)
  object space 3552768K, 38% used [0x00000005c0000000,0x00000006128d8738,0x0000000698d80000)
 Metaspace       used 342847K, capacity 357832K, committed 359040K, reserved 1368064K
  class space    used 37090K, capacity 40507K, committed 40576K, reserved 1048576K
Event: 152.472 GC heap after
Heap after GC invocations=52 (full 6):
 PSYoungGen      total 1955328K, used 612075K [0x0000000715580000, 0x00000007c0000000, 0x00000007c0000000)
  eden space 1210880K, 0% used [0x0000000715580000,0x0000000715580000,0x000000075f400000)
  from space 744448K, 82% used [0x0000000792900000,0x00000007b7ebad10,0x00000007c0000000)
  to   space 792576K, 0% used [0x000000075f400000,0x000000075f400000,0x000000078fa00000)
 ParOldGen       total 3552768K, used 1352553K [0x00000005c0000000, 0x0000000698d80000, 0x0000000715580000)
  object space 3552768K, 38% used [0x00000005c0000000,0x00000006128da738,0x0000000698d80000)
 Metaspace       used 342847K, capacity 357832K, committed 359040K, reserved 1368064K
  class space    used 37090K, capacity 40507K, committed 40576K, reserved 1048576K
}
Event: 156.766 GC heap before
{Heap before GC invocations=53 (full 6):
 PSYoungGen      total 1955328K, used 1822955K [0x0000000715580000, 0x00000007c0000000, 0x00000007c0000000)
  eden space 1210880K, 100% used [0x0000000715580000,0x000000075f400000,0x000000075f400000)
  from space 744448K, 82% used [0x0000000792900000,0x00000007b7ebad10,0x00000007c0000000)
  to   space 792576K, 0% used [0x000000075f400000,0x000000075f400000,0x000000078fa00000)
 ParOldGen       total 3552768K, used 1352553K [0x00000005c0000000, 0x0000000698d80000, 0x0000000715580000)
  object space 3552768K, 38% used [0x00000005c0000000,0x00000006128da738,0x0000000698d80000)
 Metaspace       used 344634K, capacity 359648K, committed 360704K, reserved 1370112K
  class space    used 37273K, capacity 40703K, committed 40704K, reserved 1048576K
Event: 157.136 GC heap after
Heap after GC invocations=53 (full 6):
 PSYoungGen      total 1821184K, used 610236K [0x0000000715580000, 0x00000007c0000000, 0x00000007c0000000)
  eden space 1210880K, 0% used [0x0000000715580000,0x0000000715580000,0x000000075f400000)
  from space 610304K, 99% used [0x000000075f400000,0x00000007847ef3b8,0x0000000784800000)
  to   space 828928K, 0% used [0x000000078d680000,0x000000078d680000,0x00000007c0000000)
 ParOldGen       total 3552768K, used 1352561K [0x00000005c0000000, 0x0000000698d80000, 0x0000000715580000)
  object space 3552768K, 38% used [0x00000005c0000000,0x00000006128dc738,0x0000000698d80000)
 Metaspace       used 344634K, capacity 359648K, committed 360704K, reserved 1370112K
  class space    used 37273K, capacity 40703K, committed 40704K, reserved 1048576K
}
Event: 159.690 GC heap before
{Heap before GC invocations=54 (full 6):
 PSYoungGen      total 1821184K, used 1821116K [0x0000000715580000, 0x00000007c0000000, 0x00000007c0000000)
  eden space 1210880K, 100% used [0x0000000715580000,0x000000075f400000,0x000000075f400000)
  from space 610304K, 99% used [0x000000075f400000,0x00000007847ef3b8,0x0000000784800000)
  to   space 828928K, 0% used [0x000000078d680000,0x000000078d680000,0x00000007c0000000)
 ParOldGen       total 3552768K, used 1352561K [0x00000005c0000000, 0x0000000698d80000, 0x0000000715580000)
  object space 3552768K, 38% used [0x00000005c0000000,0x00000006128dc738,0x0000000698d80000)
 Metaspace       used 345126K, capacity 360138K, committed 361344K, reserved 1370112K
  class space    used 37292K, capacity 40710K, committed 40832K, reserved 1048576K
Event: 160.071 GC heap after
Heap after GC invocations=54 (full 6):
 PSYoungGen      total 1940480K, used 571251K [0x0000000715580000, 0x00000007c0000000, 0x00000007c0000000)
  eden space 1111552K, 0% used [0x0000000715580000,0x0000000715580000,0x0000000759300000)
  from space 828928K, 68% used [0x000000078d680000,0x00000007b045cde8,0x00000007c0000000)
  to   space 842240K, 0% used [0x0000000759300000,0x0000000759300000,0x000000078c980000)
 ParOldGen       total 3552768K, used 1406896K [0x00000005c0000000, 0x0000000698d80000, 0x0000000715580000)
  object space 3552768K, 39% used [0x00000005c0000000,0x0000000615dec310,0x0000000698d80000)
 Metaspace       used 345126K, capacity 360138K, committed 361344K, reserved 1370112K
  class space    used 37292K, capacity 40710K, committed 40832K, reserved 1048576K
}
Event: 162.198 GC heap before
{Heap before GC invocations=55 (full 6):
 PSYoungGen      total 1940480K, used 1682803K [0x0000000715580000, 0x00000007c0000000, 0x00000007c0000000)
  eden space 1111552K, 100% used [0x0000000715580000,0x0000000759300000,0x0000000759300000)
  from space 828928K, 68% used [0x000000078d680000,0x00000007b045cde8,0x00000007c0000000)
  to   space 842240K, 0% used [0x0000000759300000,0x0000000759300000,0x000000078c980000)
 ParOldGen       total 3552768K, used 1406896K [0x00000005c0000000, 0x0000000698d80000, 0x0000000715580000)
  object space 3552768K, 39% used [0x00000005c0000000,0x0000000615dec310,0x0000000698d80000)
 Metaspace       used 345416K, capacity 360418K, committed 361600K, reserved 1370112K
  class space    used 37295K, capacity 40714K, committed 40832K, reserved 1048576K
Event: 162.549 GC heap after
Heap after GC invocations=55 (full 6):
 PSYoungGen      total 1670656K, used 558601K [0x0000000715580000, 0x00000007c0000000, 0x00000007c0000000)
  eden space 1111552K, 0% used [0x0000000715580000,0x0000000715580000,0x0000000759300000)
  from space 559104K, 99% used [0x0000000759300000,0x000000077b4825a0,0x000000077b500000)
  to   space 845312K, 0% used [0x000000078c680000,0x000000078c680000,0x00000007c0000000)
 ParOldGen       total 3552768K, used 1437646K [0x00000005c0000000, 0x0000000698d80000, 0x0000000715580000)
  object space 3552768K, 40% used [0x00000005c0000000,0x0000000617bf38d0,0x0000000698d80000)
 Metaspace       used 345416K, capacity 360418K, committed 361600K, reserved 1370112K
  class space    used 37295K, capacity 40714K, committed 40832K, reserved 1048576K
}
Event: 166.030 GC heap before
{Heap before GC invocations=56 (full 6):
 PSYoungGen      total 1670656K, used 1670153K [0x0000000715580000, 0x00000007c0000000, 0x00000007c0000000)
  eden space 1111552K, 100% used [0x0000000715580000,0x0000000759300000,0x0000000759300000)
  from space 559104K, 99% used [0x0000000759300000,0x000000077b4825a0,0x000000077b500000)
  to   space 845312K, 0% used [0x000000078c680000,0x000000078c680000,0x00000007c0000000)
 ParOldGen       total 3552768K, used 1437646K [0x00000005c0000000, 0x0000000698d80000, 0x0000000715580000)
  object space 3552768K, 40% used [0x00000005c0000000,0x0000000617bf38d0,0x0000000698d80000)
 Metaspace       used 345538K, capacity 360564K, committed 361600K, reserved 1370112K
  class space    used 37298K, capacity 40717K, committed 40832K, reserved 1048576K
Event: 166.360 GC heap after
Heap after GC invocations=56 (full 6):
 PSYoungGen      total 1986048K, used 465090K [0x0000000715580000, 0x00000007c0000000, 0x00000007c0000000)
  eden space 1140736K, 0% used [0x0000000715580000,0x0000000715580000,0x000000075af80000)
  from space 845312K, 55% used [0x000000078c680000,0x00000007a8cb09a0,0x00000007c0000000)
  to   space 809984K, 0% used [0x000000075af80000,0x000000075af80000,0x000000078c680000)
 ParOldGen       total 3552768K, used 1523481K [0x00000005c0000000, 0x0000000698d80000, 0x0000000715580000)
  object space 3552768K, 42% used [0x00000005c0000000,0x000000061cfc6440,0x0000000698d80000)
 Metaspace       used 345538K, capacity 360564K, committed 361600K, reserved 1370112K
  class space    used 37298K, capacity 40717K, committed 40832K, reserved 1048576K
}
Event: 168.243 GC heap before
{Heap before GC invocations=57 (full 6):
 PSYoungGen      total 1986048K, used 1605826K [0x0000000715580000, 0x00000007c0000000, 0x00000007c0000000)
  eden space 1140736K, 100% used [0x0000000715580000,0x000000075af80000,0x000000075af80000)
  from space 845312K, 55% used [0x000000078c680000,0x00000007a8cb09a0,0x00000007c0000000)
  to   space 809984K, 0% used [0x000000075af80000,0x000000075af80000,0x000000078c680000)
 ParOldGen       total 3552768K, used 1523481K [0x00000005c0000000, 0x0000000698d80000, 0x0000000715580000)
  object space 3552768K, 42% used [0x00000005c0000000,0x000000061cfc6440,0x0000000698d80000)
 Metaspace       used 345785K, capacity 360788K, committed 361856K, reserved 1370112K
  class space    used 37316K, capacity 40749K, committed 40832K, reserved 1048576K
Event: 168.581 GC heap after
Heap after GC invocations=57 (full 6):
 PSYoungGen      total 1581056K, used 440100K [0x0000000715580000, 0x00000007b9d80000, 0x00000007c0000000)
  eden space 1140736K, 0% used [0x0000000715580000,0x0000000715580000,0x000000075af80000)
  from space 440320K, 99% used [0x000000075af80000,0x0000000775d49018,0x0000000775d80000)
  to   space 777216K, 0% used [0x000000078a680000,0x000000078a680000,0x00000007b9d80000)
 ParOldGen       total 3552768K, used 1563758K [0x00000005c0000000, 0x0000000698d80000, 0x0000000715580000)
  object space 3552768K, 44% used [0x00000005c0000000,0x000000061f71b9b0,0x0000000698d80000)
 Metaspace       used 345785K, capacity 360788K, committed 361856K, reserved 1370112K
  class space    used 37316K, capacity 40749K, committed 40832K, reserved 1048576K
}
Event: 170.867 GC heap before
{Heap before GC invocations=58 (full 6):
 PSYoungGen      total 1581056K, used 1580836K [0x0000000715580000, 0x00000007b9d80000, 0x00000007c0000000)
  eden space 1140736K, 100% used [0x0000000715580000,0x000000075af80000,0x000000075af80000)
  from space 440320K, 99% used [0x000000075af80000,0x0000000775d49018,0x0000000775d80000)
  to   space 777216K, 0% used [0x000000078a680000,0x000000078a680000,0x00000007b9d80000)
 ParOldGen       total 3552768K, used 1563758K [0x00000005c0000000, 0x0000000698d80000, 0x0000000715580000)
  object space 3552768K, 44% used [0x00000005c0000000,0x000000061f71b9b0,0x0000000698d80000)
 Metaspace       used 345843K, capacity 360852K, committed 361856K, reserved 1370112K
  class space    used 37317K, capacity 40749K, committed 40832K, reserved 1048576K
Event: 171.167 GC heap after
Heap after GC invocations=58 (full 6):
 PSYoungGen      total 1939456K, used 389485K [0x0000000715580000, 0x00000007bf400000, 0x00000007c0000000)
  eden space 1162240K, 0% used [0x0000000715580000,0x0000000715580000,0x000000075c480000)
  from space 777216K, 50% used [0x000000078a680000,0x00000007a22db6b8,0x00000007b9d80000)
  to   space 755712K, 0% used [0x000000075c480000,0x000000075c480000,0x000000078a680000)
 ParOldGen       total 3552768K, used 1641545K [0x00000005c0000000, 0x0000000698d80000, 0x0000000715580000)
  object space 3552768K, 46% used [0x00000005c0000000,0x00000006243127b0,0x0000000698d80000)
 Metaspace       used 345843K, capacity 360852K, committed 361856K, reserved 1370112K
  class space    used 37317K, capacity 40749K, committed 40832K, reserved 1048576K
}
Event: 180.619 GC heap before
{Heap before GC invocations=59 (full 6):
 PSYoungGen      total 1939456K, used 1551725K [0x0000000715580000, 0x00000007bf400000, 0x00000007c0000000)
  eden space 1162240K, 100% used [0x0000000715580000,0x000000075c480000,0x000000075c480000)
  from space 777216K, 50% used [0x000000078a680000,0x00000007a22db6b8,0x00000007b9d80000)
  to   space 755712K, 0% used [0x000000075c480000,0x000000075c480000,0x000000078a680000)
 ParOldGen       total 3552768K, used 1641545K [0x00000005c0000000, 0x0000000698d80000, 0x0000000715580000)
  object space 3552768K, 46% used [0x00000005c0000000,0x00000006243127b0,0x0000000698d80000)
 Metaspace       used 346097K, capacity 361144K, committed 362112K, reserved 1370112K
  class space    used 37330K, capacity 40755K, committed 40832K, reserved 1048576K
Event: 180.844 GC heap after
Heap after GC invocations=59 (full 6):
 PSYoungGen      total 1917952K, used 318679K [0x0000000715580000, 0x00000007bd900000, 0x00000007c0000000)
  eden space 1162240K, 0% used [0x0000000715580000,0x0000000715580000,0x000000075c480000)
  from space 755712K, 42% used [0x000000075c480000,0x000000076fbb5e18,0x000000078a680000)
  to   space 746496K, 0% used [0x0000000790000000,0x0000000790000000,0x00000007bd900000)
 ParOldGen       total 3552768K, used 1711436K [0x00000005c0000000, 0x0000000698d80000, 0x0000000715580000)
  object space 3552768K, 48% used [0x00000005c0000000,0x0000000628753220,0x0000000698d80000)
 Metaspace       used 346097K, capacity 361144K, committed 362112K, reserved 1370112K
  class space    used 37330K, capacity 40755K, committed 40832K, reserved 1048576K
}
Event: 183.295 GC heap before
{Heap before GC invocations=60 (full 6):
 PSYoungGen      total 1917952K, used 1480919K [0x0000000715580000, 0x00000007bd900000, 0x00000007c0000000)
  eden space 1162240K, 100% used [0x0000000715580000,0x000000075c480000,0x000000075c480000)
  from space 755712K, 42% used [0x000000075c480000,0x000000076fbb5e18,0x000000078a680000)
  to   space 746496K, 0% used [0x0000000790000000,0x0000000790000000,0x00000007bd900000)
 ParOldGen       total 3552768K, used 1711436K [0x00000005c0000000, 0x0000000698d80000, 0x0000000715580000)
  object space 3552768K, 48% used [0x00000005c0000000,0x0000000628753220,0x0000000698d80000)
 Metaspace       used 346223K, capacity 361272K, committed 362368K, reserved 1370112K
  class space    used 37330K, capacity 40755K, committed 40832K, reserved 1048576K
Event: 183.504 GC heap after
Heap after GC invocations=60 (full 6):
 PSYoungGen      total 2016768K, used 293542K [0x0000000715580000, 0x00000007bdc00000, 0x00000007c0000000)
  eden space 1270272K, 0% used [0x0000000715580000,0x0000000715580000,0x0000000762e00000)
  from space 746496K, 39% used [0x0000000790000000,0x00000007a1ea9bd8,0x00000007bd900000)
  to   space 739328K, 0% used [0x0000000762e00000,0x0000000762e00000,0x0000000790000000)
 ParOldGen       total 3552768K, used 1752836K [0x00000005c0000000, 0x0000000698d80000, 0x0000000715580000)
  object space 3552768K, 49% used [0x00000005c0000000,0x000000062afc1050,0x0000000698d80000)
 Metaspace       used 346223K, capacity 361272K, committed 362368K, reserved 1370112K
  class space    used 37330K, capacity 40755K, committed 40832K, reserved 1048576K
}
Event: 185.780 GC heap before
{Heap before GC invocations=61 (full 6):
 PSYoungGen      total 2016768K, used 1563814K [0x0000000715580000, 0x00000007bdc00000, 0x00000007c0000000)
  eden space 1270272K, 100% used [0x0000000715580000,0x0000000762e00000,0x0000000762e00000)
  from space 746496K, 39% used [0x0000000790000000,0x00000007a1ea9bd8,0x00000007bd900000)
  to   space 739328K, 0% used [0x0000000762e00000,0x0000000762e00000,0x0000000790000000)
 ParOldGen       total 3552768K, used 1752836K [0x00000005c0000000, 0x0000000698d80000, 0x0000000715580000)
  object space 3552768K, 49% used [0x00000005c0000000,0x000000062afc1050,0x0000000698d80000)
 Metaspace       used 346327K, capacity 361336K, committed 362368K, reserved 1370112K
  class space    used 37333K, capacity 40755K, committed 40832K, reserved 1048576K
Event: 186.003 GC heap after
Heap after GC invocations=61 (full 6):
 PSYoungGen      total 2009600K, used 362814K [0x0000000715580000, 0x00000007bce00000, 0x00000007c0000000)
  eden space 1270272K, 0% used [0x0000000715580000,0x0000000715580000,0x0000000762e00000)
  from space 739328K, 49% used [0x0000000762e00000,0x000000077904fb60,0x0000000790000000)
  to   space 717312K, 0% used [0x0000000791180000,0x0000000791180000,0x00000007bce00000)
 ParOldGen       total 3552768K, used 1795595K [0x00000005c0000000, 0x0000000698d80000, 0x0000000715580000)
  object space 3552768K, 50% used [0x00000005c0000000,0x000000062d982e08,0x0000000698d80000)
 Metaspace       used 346327K, capacity 361336K, committed 362368K, reserved 1370112K
  class space    used 37333K, capacity 40755K, committed 40832K, reserved 1048576K
}
Event: 187.650 GC heap before
{Heap before GC invocations=62 (full 6):
 PSYoungGen      total 2009600K, used 1633086K [0x0000000715580000, 0x00000007bce00000, 0x00000007c0000000)
  eden space 1270272K, 100% used [0x0000000715580000,0x0000000762e00000,0x0000000762e00000)
  from space 739328K, 49% used [0x0000000762e00000,0x000000077904fb60,0x0000000790000000)
  to   space 717312K, 0% used [0x0000000791180000,0x0000000791180000,0x00000007bce00000)
 ParOldGen       total 3552768K, used 1795595K [0x00000005c0000000, 0x0000000698d80000, 0x0000000715580000)
  object space 3552768K, 50% used [0x00000005c0000000,0x000000062d982e08,0x0000000698d80000)
 Metaspace       used 346327K, capacity 361336K, committed 362368K, reserved 1370112K
  class space    used 37333K, capacity 40755K, committed 40832K, reserved 1048576K
Event: 187.866 GC heap after
Heap after GC invocations=62 (full 6):
 PSYoungGen      total 2026496K, used 410856K [0x0000000715580000, 0x00000007bb080000, 0x00000007c0000000)
  eden space 1339392K, 0% used [0x0000000715580000,0x0000000715580000,0x0000000767180000)
  from space 687104K, 59% used [0x0000000791180000,0x00000007aa2ba1a8,0x00000007bb080000)
  to   space 687616K, 0% used [0x0000000767180000,0x0000000767180000,0x0000000791100000)
 ParOldGen       total 3552768K, used 1834492K [0x00000005c0000000, 0x0000000698d80000, 0x0000000715580000)
  object space 3552768K, 51% used [0x00000005c0000000,0x000000062ff7f210,0x0000000698d80000)
 Metaspace       used 346327K, capacity 361336K, committed 362368K, reserved 1370112K
  class space    used 37333K, capacity 40755K, committed 40832K, reserved 1048576K
}
Event: 189.729 GC heap before
{Heap before GC invocations=63 (full 6):
 PSYoungGen      total 2026496K, used 1750248K [0x0000000715580000, 0x00000007bb080000, 0x00000007c0000000)
  eden space 1339392K, 100% used [0x0000000715580000,0x0000000767180000,0x0000000767180000)
  from space 687104K, 59% used [0x0000000791180000,0x00000007aa2ba1a8,0x00000007bb080000)
  to   space 687616K, 0% used [0x0000000767180000,0x0000000767180000,0x0000000791100000)
 ParOldGen       total 3552768K, used 1834492K [0x00000005c0000000, 0x0000000698d80000, 0x0000000715580000)
  object space 3552768K, 51% used [0x00000005c0000000,0x000000062ff7f210,0x0000000698d80000)
 Metaspace       used 346327K, capacity 361336K, committed 362368K, reserved 1370112K
  class space    used 37333K, capacity 40755K, committed 40832K, reserved 1048576K
Event: 189.926 GC heap after
Heap after GC invocations=63 (full 6):
 PSYoungGen      total 2027008K, used 390091K [0x0000000715580000, 0x00000007bd380000, 0x00000007c0000000)
  eden space 1339392K, 0% used [0x0000000715580000,0x0000000715580000,0x0000000767180000)
  from space 687616K, 56% used [0x0000000767180000,0x000000077ee72d68,0x0000000791100000)
  to   space 664576K, 0% used [0x0000000794a80000,0x0000000794a80000,0x00000007bd380000)
 ParOldGen       total 3552768K, used 1870170K [0x00000005c0000000, 0x0000000698d80000, 0x0000000715580000)
  object space 3552768K, 52% used [0x00000005c0000000,0x0000000632256b38,0x0000000698d80000)
 Metaspace       used 346327K, capacity 361336K, committed 362368K, reserved 1370112K
  class space    used 37333K, capacity 40755K, committed 40832K, reserved 1048576K
}
Event: 191.660 GC heap before
{Heap before GC invocations=64 (full 6):
 PSYoungGen      total 2027008K, used 1729483K [0x0000000715580000, 0x00000007bd380000, 0x00000007c0000000)
  eden space 1339392K, 100% used [0x0000000715580000,0x0000000767180000,0x0000000767180000)
  from space 687616K, 56% used [0x0000000767180000,0x000000077ee72d68,0x0000000791100000)
  to   space 664576K, 0% used [0x0000000794a80000,0x0000000794a80000,0x00000007bd380000)
 ParOldGen       total 3552768K, used 1870170K [0x00000005c0000000, 0x0000000698d80000, 0x0000000715580000)
  object space 3552768K, 52% used [0x00000005c0000000,0x0000000632256b38,0x0000000698d80000)
 Metaspace       used 346329K, capacity 361336K, committed 362368K, reserved 1370112K
  class space    used 37333K, capacity 40755K, committed 40832K, reserved 1048576K
Event: 191.845 GC heap after
Heap after GC invocations=64 (full 6):
 PSYoungGen      total 2092032K, used 357463K [0x0000000715580000, 0x00000007bc980000, 0x00000007c0000000)
  eden space 1437696K, 0% used [0x0000000715580000,0x0000000715580000,0x000000076d180000)
  from space 654336K, 54% used [0x0000000794a80000,0x00000007aa795df0,0x00000007bc980000)
  to   space 648192K, 0% used [0x000000076d180000,0x000000076d180000,0x0000000794a80000)
 ParOldGen       total 3552768K, used 1899225K [0x00000005c0000000, 0x0000000698d80000, 0x0000000715580000)
  object space 3552768K, 53% used [0x00000005c0000000,0x0000000633eb6400,0x0000000698d80000)
 Metaspace       used 346329K, capacity 361336K, committed 362368K, reserved 1370112K
  class space    used 37333K, capacity 40755K, committed 40832K, reserved 1048576K
}
Event: 193.566 GC heap before
{Heap before GC invocations=65 (full 6):
 PSYoungGen      total 2092032K, used 1795159K [0x0000000715580000, 0x00000007bc980000, 0x00000007c0000000)
  eden space 1437696K, 100% used [0x0000000715580000,0x000000076d180000,0x000000076d180000)
  from space 654336K, 54% used [0x0000000794a80000,0x00000007aa795df0,0x00000007bc980000)
  to   space 648192K, 0% used [0x000000076d180000,0x000000076d180000,0x0000000794a80000)
 ParOldGen       total 3552768K, used 1899225K [0x00000005c0000000, 0x0000000698d80000, 0x0000000715580000)
  object space 3552768K, 53% used [0x00000005c0000000,0x0000000633eb6400,0x0000000698d80000)
 Metaspace       used 346330K, capacity 361336K, committed 362368K, reserved 1370112K
  class space    used 37333K, capacity 40755K, committed 40832K, reserved 1048576K
Event: 193.728 GC heap after
Heap after GC invocations=65 (full 6):
 PSYoungGen      total 2085888K, used 348959K [0x0000000715580000, 0x00000007bde00000, 0x00000007c0000000)
  eden space 1437696K, 0% used [0x0000000715580000,0x0000000715580000,0x000000076d180000)
  from space 648192K, 53% used [0x000000076d180000,0x0000000782647d78,0x0000000794a80000)
  to   space 633856K, 0% used [0x0000000797300000,0x0000000797300000,0x00000007bde00000)
 ParOldGen       total 3552768K, used 1921496K [0x00000005c0000000, 0x0000000698d80000, 0x0000000715580000)
  object space 3552768K, 54% used [0x00000005c0000000,0x0000000635476310,0x0000000698d80000)
 Metaspace       used 346330K, capacity 361336K, committed 362368K, reserved 1370112K
  class space    used 37333K, capacity 40755K, committed 40832K, reserved 1048576K
}
Event: 195.605 GC heap before
{Heap before GC invocations=66 (full 6):
 PSYoungGen      total 2085888K, used 1786655K [0x0000000715580000, 0x00000007bde00000, 0x00000007c0000000)
  eden space 1437696K, 100% used [0x0000000715580000,0x000000076d180000,0x000000076d180000)
  from space 648192K, 53% used [0x000000076d180000,0x0000000782647d78,0x0000000794a80000)
  to   space 633856K, 0% used [0x0000000797300000,0x0000000797300000,0x00000007bde00000)
 ParOldGen       total 3552768K, used 1921496K [0x00000005c0000000, 0x0000000698d80000, 0x0000000715580000)
  object space 3552768K, 54% used [0x00000005c0000000,0x0000000635476310,0x0000000698d80000)
 Metaspace       used 346330K, capacity 361336K, committed 362368K, reserved 1370112K
  class space    used 37333K, capacity 40755K, committed 40832K, reserved 1048576K
Event: 195.750 GC heap after
Heap after GC invocations=66 (full 6):
 PSYoungGen      total 2135552K, used 334890K [0x0000000715580000, 0x00000007bda00000, 0x00000007c0000000)
  eden space 1505792K, 0% used [0x0000000715580000,0x0000000715580000,0x0000000771400000)
  from space 629760K, 53% used [0x0000000797300000,0x00000007aba0aa68,0x00000007bda00000)
  to   space 621568K, 0% used [0x0000000771400000,0x0000000771400000,0x0000000797300000)
 ParOldGen       total 3552768K, used 1940374K [0x00000005c0000000, 0x0000000698d80000, 0x0000000715580000)
  object space 3552768K, 54% used [0x00000005c0000000,0x00000006366e5860,0x0000000698d80000)
 Metaspace       used 346330K, capacity 361336K, committed 362368K, reserved 1370112K
  class space    used 37333K, capacity 40755K, committed 40832K, reserved 1048576K
}
Event: 197.721 GC heap before
{Heap before GC invocations=67 (full 6):
 PSYoungGen      total 2135552K, used 1840682K [0x0000000715580000, 0x00000007bda00000, 0x00000007c0000000)
  eden space 1505792K, 100% used [0x0000000715580000,0x0000000771400000,0x0000000771400000)
  from space 629760K, 53% used [0x0000000797300000,0x00000007aba0aa68,0x00000007bda00000)
  to   space 621568K, 0% used [0x0000000771400000,0x0000000771400000,0x0000000797300000)
 ParOldGen       total 3552768K, used 1940374K [0x00000005c0000000, 0x0000000698d80000, 0x0000000715580000)
  object space 3552768K, 54% used [0x00000005c0000000,0x00000006366e5860,0x0000000698d80000)
 Metaspace       used 346330K, capacity 361336K, committed 362368K, reserved 1370112K
  class space    used 37333K, capacity 40755K, committed 40832K, reserved 1048576K
Event: 197.861 GC heap after
Heap after GC invocations=67 (full 6):
 PSYoungGen      total 2127360K, used 339344K [0x0000000715580000, 0x00000007bde00000, 0x00000007c0000000)
  eden space 1505792K, 0% used [0x0000000715580000,0x0000000715580000,0x0000000771400000)
  from space 621568K, 54% used [0x0000000771400000,0x0000000785f64168,0x0000000797300000)
  to   space 608256K, 0% used [0x0000000798c00000,0x0000000798c00000,0x00000007bde00000)
 ParOldGen       total 3552768K, used 1953322K [0x00000005c0000000, 0x0000000698d80000, 0x0000000715580000)
  object space 3552768K, 54% used [0x00000005c0000000,0x000000063738aad8,0x0000000698d80000)
 Metaspace       used 346330K, capacity 361336K, committed 362368K, reserved 1370112K
  class space    used 37333K, capacity 40755K, committed 40832K, reserved 1048576K
}
Event: 199.802 GC heap before
{Heap before GC invocations=68 (full 6):
 PSYoungGen      total 2127360K, used 1845136K [0x0000000715580000, 0x00000007bde00000, 0x00000007c0000000)
  eden space 1505792K, 100% used [0x0000000715580000,0x0000000771400000,0x0000000771400000)
  from space 621568K, 54% used [0x0000000771400000,0x0000000785f64168,0x0000000797300000)
  to   space 608256K, 0% used [0x0000000798c00000,0x0000000798c00000,0x00000007bde00000)
 ParOldGen       total 3552768K, used 1953322K [0x00000005c0000000, 0x0000000698d80000, 0x0000000715580000)
  object space 3552768K, 54% used [0x00000005c0000000,0x000000063738aad8,0x0000000698d80000)
 Metaspace       used 346934K, capacity 362056K, committed 363008K, reserved 1372160K
  class space    used 37397K, capacity 40843K, committed 40960K, reserved 1048576K
Event: 199.914 GC heap after
Heap after GC invocations=68 (full 6):
 PSYoungGen      total 2155008K, used 273034K [0x0000000715580000, 0x00000007bef00000, 0x00000007c0000000)
  eden space 1546752K, 0% used [0x0000000715580000,0x0000000715580000,0x0000000773c00000)
  from space 608256K, 44% used [0x0000000798c00000,0x00000007a96a2a90,0x00000007bde00000)
  to   space 606208K, 0% used [0x0000000773c00000,0x0000000773c00000,0x0000000798c00000)
 ParOldGen       total 3552768K, used 1953330K [0x00000005c0000000, 0x0000000698d80000, 0x0000000715580000)
  object space 3552768K, 54% used [0x00000005c0000000,0x000000063738cad8,0x0000000698d80000)
 Metaspace       used 346934K, capacity 362056K, committed 363008K, reserved 1372160K
  class space    used 37397K, capacity 40843K, committed 40960K, reserved 1048576K
}
Event: 203.867 GC heap before
{Heap before GC invocations=69 (full 6):
 PSYoungGen      total 2155008K, used 1819212K [0x0000000715580000, 0x00000007bef00000, 0x00000007c0000000)
  eden space 1546752K, 99% used [0x0000000715580000,0x0000000773b708f8,0x0000000773c00000)
  from space 608256K, 44% used [0x0000000798c00000,0x00000007a96a2a90,0x00000007bde00000)
  to   space 606208K, 0% used [0x0000000773c00000,0x0000000773c00000,0x0000000798c00000)
 ParOldGen       total 3552768K, used 1953330K [0x00000005c0000000, 0x0000000698d80000, 0x0000000715580000)
  object space 3552768K, 54% used [0x00000005c0000000,0x000000063738cad8,0x0000000698d80000)
 Metaspace       used 347586K, capacity 362666K, committed 363520K, reserved 1372160K
  class space    used 37448K, capacity 40886K, committed 40960K, reserved 1048576K
Event: 204.030 GC heap after
Heap after GC invocations=69 (full 6):
 PSYoungGen      total 2152960K, used 170654K [0x0000000715580000, 0x00000007c0000000, 0x00000007c0000000)
  eden space 1546752K, 0% used [0x0000000715580000,0x0000000715580000,0x0000000773c00000)
  from space 606208K, 28% used [0x0000000773c00000,0x000000077e2a7a80,0x0000000798c00000)
  to   space 617984K, 0% used [0x000000079a480000,0x000000079a480000,0x00000007c0000000)
 ParOldGen       total 3552768K, used 1953330K [0x00000005c0000000, 0x0000000698d80000, 0x0000000715580000)
  object space 3552768K, 54% used [0x00000005c0000000,0x000000063738cad8,0x0000000698d80000)
 Metaspace       used 347586K, capacity 362666K, committed 363520K, reserved 1372160K
  class space    used 37448K, capacity 40886K, committed 40960K, reserved 1048576K
}
Event: 207.990 GC heap before
{Heap before GC invocations=70 (full 6):
 PSYoungGen      total 2152960K, used 1717406K [0x0000000715580000, 0x00000007c0000000, 0x00000007c0000000)
  eden space 1546752K, 100% used [0x0000000715580000,0x0000000773c00000,0x0000000773c00000)
  from space 606208K, 28% used [0x0000000773c00000,0x000000077e2a7a80,0x0000000798c00000)
  to   space 617984K, 0% used [0x000000079a480000,0x000000079a480000,0x00000007c0000000)
 ParOldGen       total 3552768K, used 1953330K [0x00000005c0000000, 0x0000000698d80000, 0x0000000715580000)
  object space 3552768K, 54% used [0x00000005c0000000,0x000000063738cad8,0x0000000698d80000)
 Metaspace       used 348107K, capacity 363242K, committed 364032K, reserved 1372160K
  class space    used 37514K, capacity 40950K, committed 40960K, reserved 1048576K
Event: 208.233 GC heap after
Heap after GC invocations=70 (full 6):
 PSYoungGen      total 2182656K, used 230613K [0x0000000715580000, 0x00000007c0000000, 0x00000007c0000000)
  eden space 1564672K, 0% used [0x0000000715580000,0x0000000715580000,0x0000000774d80000)
  from space 617984K, 37% used [0x000000079a480000,0x00000007a85b5578,0x00000007c0000000)
  to   space 613376K, 0% used [0x0000000774d80000,0x0000000774d80000,0x000000079a480000)
 ParOldGen       total 3552768K, used 1953338K [0x00000005c0000000, 0x0000000698d80000, 0x0000000715580000)
  object space 3552768K, 54% used [0x00000005c0000000,0x000000063738ead8,0x0000000698d80000)
 Metaspace       used 348107K, capacity 363242K, committed 364032K, reserved 1372160K
  class space    used 37514K, capacity 40950K, committed 40960K, reserved 1048576K
}
Event: 209.296 GC heap before
{Heap before GC invocations=71 (full 6):
 PSYoungGen      total 2182656K, used 1795285K [0x0000000715580000, 0x00000007c0000000, 0x00000007c0000000)
  eden space 1564672K, 100% used [0x0000000715580000,0x0000000774d80000,0x0000000774d80000)
  from space 617984K, 37% used [0x000000079a480000,0x00000007a85b5578,0x00000007c0000000)
  to   space 613376K, 0% used [0x0000000774d80000,0x0000000774d80000,0x000000079a480000)
 ParOldGen       total 3552768K, used 1953338K [0x00000005c0000000, 0x0000000698d80000, 0x0000000715580000)
  object space 3552768K, 54% used [0x00000005c0000000,0x000000063738ead8,0x0000000698d80000)
 Metaspace       used 348109K, capacity 363242K, committed 364032K, reserved 1372160K
  class space    used 37514K, capacity 40950K, committed 40960K, reserved 1048576K
Event: 209.589 GC heap after
Heap after GC invocations=71 (full 6):
 PSYoungGen      total 1951744K, used 386778K [0x0000000715580000, 0x00000007be680000, 0x00000007c0000000)
  eden space 1564672K, 0% used [0x0000000715580000,0x0000000715580000,0x0000000774d80000)
  from space 387072K, 99% used [0x0000000774d80000,0x000000078c7368a8,0x000000078c780000)
  to   space 602624K, 0% used [0x0000000799a00000,0x0000000799a00000,0x00000007be680000)
 ParOldGen       total 3552768K, used 1967764K [0x00000005c0000000, 0x0000000698d80000, 0x0000000715580000)
  object space 3552768K, 55% used [0x00000005c0000000,0x00000006381a5138,0x0000000698d80000)
 Metaspace       used 348109K, capacity 363242K, committed 364032K, reserved 1372160K
  class space    used 37514K, capacity 40950K, committed 40960K, reserved 1048576K
}
Event: 212.619 GC heap before
{Heap before GC invocations=72 (full 6):
 PSYoungGen      total 1951744K, used 1951450K [0x0000000715580000, 0x00000007be680000, 0x00000007c0000000)
  eden space 1564672K, 100% used [0x0000000715580000,0x0000000774d80000,0x0000000774d80000)
  from space 387072K, 99% used [0x0000000774d80000,0x000000078c7368a8,0x000000078c780000)
  to   space 602624K, 0% used [0x0000000799a00000,0x0000000799a00000,0x00000007be680000)
 ParOldGen       total 3552768K, used 1967764K [0x00000005c0000000, 0x0000000698d80000, 0x0000000715580000)
  object space 3552768K, 55% used [0x00000005c0000000,0x00000006381a5138,0x0000000698d80000)
 Metaspace       used 348475K, capacity 363626K, committed 364672K, reserved 1372160K
  class space    used 37556K, capacity 41014K, committed 41088K, reserved 1048576K
Event: 212.950 GC heap after
Heap after GC invocations=72 (full 6):
 PSYoungGen      total 2165248K, used 422243K [0x0000000715580000, 0x00000007c0000000, 0x00000007c0000000)
  eden space 1562624K, 0% used [0x0000000715580000,0x0000000715580000,0x0000000774b80000)
  from space 602624K, 70% used [0x0000000799a00000,0x00000007b3658e88,0x00000007be680000)
  to   space 604672K, 0% used [0x0000000774b80000,0x0000000774b80000,0x0000000799a00000)
 ParOldGen       total 3552768K, used 1980425K [0x00000005c0000000, 0x0000000698d80000, 0x0000000715580000)
  object space 3552768K, 55% used [0x00000005c0000000,0x0000000638e02458,0x0000000698d80000)
 Metaspace       used 348475K, capacity 363626K, committed 364672K, reserved 1372160K
  class space    used 37556K, capacity 41014K, committed 41088K, reserved 1048576K
}
Event: 215.399 GC heap before
{Heap before GC invocations=73 (full 6):
 PSYoungGen      total 2165248K, used 1984867K [0x0000000715580000, 0x00000007c0000000, 0x00000007c0000000)
  eden space 1562624K, 100% used [0x0000000715580000,0x0000000774b80000,0x0000000774b80000)
  from space 602624K, 70% used [0x0000000799a00000,0x00000007b3658e88,0x00000007be680000)
  to   space 604672K, 0% used [0x0000000774b80000,0x0000000774b80000,0x0000000799a00000)
 ParOldGen       total 3552768K, used 1980425K [0x00000005c0000000, 0x0000000698d80000, 0x0000000715580000)
  object space 3552768K, 55% used [0x00000005c0000000,0x0000000638e02458,0x0000000698d80000)
 Metaspace       used 348595K, capacity 363690K, committed 364672K, reserved 1372160K
  class space    used 37575K, capacity 41014K, committed 41088K, reserved 1048576K
Event: 215.711 GC heap after
Heap after GC invocations=73 (full 6):
 PSYoungGen      total 2167296K, used 423304K [0x0000000715580000, 0x00000007c0000000, 0x00000007c0000000)
  eden space 1562624K, 0% used [0x0000000715580000,0x0000000715580000,0x0000000774b80000)
  from space 604672K, 70% used [0x0000000774b80000,0x000000078e8e2218,0x0000000799a00000)
  to   space 604672K, 0% used [0x000000079b180000,0x000000079b180000,0x00000007c0000000)
 ParOldGen       total 3552768K, used 1994091K [0x00000005c0000000, 0x0000000698d80000, 0x0000000715580000)
  object space 3552768K, 56% used [0x00000005c0000000,0x0000000639b5ac58,0x0000000698d80000)
 Metaspace       used 348595K, capacity 363690K, committed 364672K, reserved 1372160K
  class space    used 37575K, capacity 41014K, committed 41088K, reserved 1048576K
}
Event: 217.637 GC heap before
{Heap before GC invocations=74 (full 6):
 PSYoungGen      total 2167296K, used 1985928K [0x0000000715580000, 0x00000007c0000000, 0x00000007c0000000)
  eden space 1562624K, 100% used [0x0000000715580000,0x0000000774b80000,0x0000000774b80000)
  from space 604672K, 70% used [0x0000000774b80000,0x000000078e8e2218,0x0000000799a00000)
  to   space 604672K, 0% used [0x000000079b180000,0x000000079b180000,0x00000007c0000000)
 ParOldGen       total 3552768K, used 1994091K [0x00000005c0000000, 0x0000000698d80000, 0x0000000715580000)
  object space 3552768K, 56% used [0x00000005c0000000,0x0000000639b5ac58,0x0000000698d80000)
 Metaspace       used 348745K, capacity 363914K, committed 364928K, reserved 1374208K
  class space    used 37592K, capacity 41046K, committed 41088K, reserved 1048576K
Event: 218.037 GC heap after
Heap after GC invocations=74 (full 6):
 PSYoungGen      total 2166784K, used 460835K [0x0000000715580000, 0x00000007c0000000, 0x00000007c0000000)
  eden space 1562112K, 0% used [0x0000000715580000,0x0000000715580000,0x0000000774b00000)
  from space 604672K, 76% used [0x000000079b180000,0x00000007b7388e90,0x00000007c0000000)
  to   space 616960K, 0% used [0x0000000774b00000,0x0000000774b00000,0x000000079a580000)
 ParOldGen       total 3552768K, used 2023370K [0x00000005c0000000, 0x0000000698d80000, 0x0000000715580000)
  object space 3552768K, 56% used [0x00000005c0000000,0x000000063b7f2b10,0x0000000698d80000)
 Metaspace       used 348745K, capacity 363914K, committed 364928K, reserved 1374208K
  class space    used 37592K, capacity 41046K, committed 41088K, reserved 1048576K
}
Event: 219.642 GC heap before
{Heap before GC invocations=75 (full 6):
 PSYoungGen      total 2166784K, used 2018048K [0x0000000715580000, 0x00000007c0000000, 0x00000007c0000000)
  eden space 1562112K, 99% used [0x0000000715580000,0x00000007746374d8,0x0000000774b00000)
  from space 604672K, 76% used [0x000000079b180000,0x00000007b7388e90,0x00000007c0000000)
  to   space 616960K, 0% used [0x0000000774b00000,0x0000000774b00000,0x000000079a580000)
 ParOldGen       total 3552768K, used 2023370K [0x00000005c0000000, 0x0000000698d80000, 0x0000000715580000)
  object space 3552768K, 56% used [0x00000005c0000000,0x000000063b7f2b10,0x0000000698d80000)
 Metaspace       used 348759K, capacity 363914K, committed 364928K, reserved 1374208K
  class space    used 37592K, capacity 41046K, committed 41088K, reserved 1048576K
Event: 220.124 GC heap after
Heap after GC invocations=75 (full 6):
 PSYoungGen      total 2179072K, used 616930K [0x0000000715580000, 0x00000007c0000000, 0x00000007c0000000)
  eden space 1562112K, 0% used [0x0000000715580000,0x0000000715580000,0x0000000774b00000)
  from space 616960K, 99% used [0x0000000774b00000,0x000000079a578a80,0x000000079a580000)
  to   space 616960K, 0% used [0x000000079a580000,0x000000079a580000,0x00000007c0000000)
 ParOldGen       total 3552768K, used 2073648K [0x00000005c0000000, 0x0000000698d80000, 0x0000000715580000)
  object space 3552768K, 58% used [0x00000005c0000000,0x000000063e90c390,0x0000000698d80000)
 Metaspace       used 348759K, capacity 363914K, committed 364928K, reserved 1374208K
  class space    used 37592K, capacity 41046K, committed 41088K, reserved 1048576K
}
Event: 221.392 GC heap before
{Heap before GC invocations=76 (full 6):
 PSYoungGen      total 2179072K, used 2179042K [0x0000000715580000, 0x00000007c0000000, 0x00000007c0000000)
  eden space 1562112K, 100% used [0x0000000715580000,0x0000000774b00000,0x0000000774b00000)
  from space 616960K, 99% used [0x0000000774b00000,0x000000079a578a80,0x000000079a580000)
  to   space 616960K, 0% used [0x000000079a580000,0x000000079a580000,0x00000007c0000000)
 ParOldGen       total 3552768K, used 2073648K [0x00000005c0000000, 0x0000000698d80000, 0x0000000715580000)
  object space 3552768K, 58% used [0x00000005c0000000,0x000000063e90c390,0x0000000698d80000)
 Metaspace       used 348759K, capacity 363914K, committed 364928K, reserved 1374208K
  class space    used 37592K, capacity 41046K, committed 41088K, reserved 1048576K
Event: 221.882 GC heap after
Heap after GC invocations=76 (full 6):
 PSYoungGen      total 1756160K, used 616945K [0x0000000715580000, 0x00000007c0000000, 0x00000007c0000000)
  eden space 1139200K, 0% used [0x0000000715580000,0x0000000715580000,0x000000075ae00000)
  from space 616960K, 99% used [0x000000079a580000,0x00000007bfffc488,0x00000007c0000000)
  to   space 828416K, 0% used [0x000000075ae00000,0x000000075ae00000,0x000000078d700000)
 ParOldGen       total 3552768K, used 2281866K [0x00000005c0000000, 0x0000000698d80000, 0x0000000715580000)
  object space 3552768K, 64% used [0x00000005c0000000,0x000000064b462a48,0x0000000698d80000)
 Metaspace       used 348759K, capacity 363914K, committed 364928K, reserved 1374208K
  class space    used 37592K, capacity 41046K, committed 41088K, reserved 1048576K
}
Event: 223.961 GC heap before
{Heap before GC invocations=77 (full 6):
 PSYoungGen      total 1756160K, used 1756145K [0x0000000715580000, 0x00000007c0000000, 0x00000007c0000000)
  eden space 1139200K, 100% used [0x0000000715580000,0x000000075ae00000,0x000000075ae00000)
  from space 616960K, 99% used [0x000000079a580000,0x00000007bfffc488,0x00000007c0000000)
  to   space 828416K, 0% used [0x000000075ae00000,0x000000075ae00000,0x000000078d700000)
 ParOldGen       total 3552768K, used 2281866K [0x00000005c0000000, 0x0000000698d80000, 0x0000000715580000)
  object space 3552768K, 64% used [0x00000005c0000000,0x000000064b462a48,0x0000000698d80000)
 Metaspace       used 349325K, capacity 364458K, committed 365440K, reserved 1374208K
  class space    used 37629K, capacity 41078K, committed 41088K, reserved 1048576K
Event: 224.666 GC heap after
Heap after GC invocations=77 (full 6):
 PSYoungGen      total 1967616K, used 828406K [0x0000000715580000, 0x00000007c0000000, 0x00000007c0000000)
  eden space 1139200K, 0% used [0x0000000715580000,0x0000000715580000,0x000000075ae00000)
  from space 828416K, 99% used [0x000000075ae00000,0x000000078d6fdb28,0x000000078d700000)
  to   space 828416K, 0% used [0x000000078d700000,0x000000078d700000,0x00000007c0000000)
 ParOldGen       total 3552768K, used 2369375K [0x00000005c0000000, 0x0000000698d80000, 0x0000000715580000)
  object space 3552768K, 66% used [0x00000005c0000000,0x00000006509d7e90,0x0000000698d80000)
 Metaspace       used 349325K, capacity 364458K, committed 365440K, reserved 1374208K
  class space    used 37629K, capacity 41078K, committed 41088K, reserved 1048576K
}
Event: 227.860 GC heap before
{Heap before GC invocations=78 (full 6):
 PSYoungGen      total 1967616K, used 1965791K [0x0000000715580000, 0x00000007c0000000, 0x00000007c0000000)
  eden space 1139200K, 99% used [0x0000000715580000,0x000000075ac3a1f8,0x000000075ae00000)
  from space 828416K, 99% used [0x000000075ae00000,0x000000078d6fdb28,0x000000078d700000)
  to   space 828416K, 0% used [0x000000078d700000,0x000000078d700000,0x00000007c0000000)
 ParOldGen       total 3552768K, used 2369375K [0x00000005c0000000, 0x0000000698d80000, 0x0000000715580000)
  object space 3552768K, 66% used [0x00000005c0000000,0x00000006509d7e90,0x0000000698d80000)
 Metaspace       used 349515K, capacity 364650K, committed 365440K, reserved 1374208K
  class space    used 37642K, capacity 41078K, committed 41088K, reserved 1048576K
Event: 228.696 GC heap after
Heap after GC invocations=78 (full 6):
 PSYoungGen      total 1760768K, used 828400K [0x0000000715580000, 0x00000007c0000000, 0x00000007c0000000)
  eden space 932352K, 0% used [0x0000000715580000,0x0000000715580000,0x000000074e400000)
  from space 828416K, 99% used [0x000000078d700000,0x00000007bfffc100,0x00000007c0000000)
  to   space 931840K, 0% used [0x000000074e400000,0x000000074e400000,0x0000000787200000)
 ParOldGen       total 3552768K, used 2584277K [0x00000005c0000000, 0x0000000698d80000, 0x0000000715580000)
  object space 3552768K, 72% used [0x00000005c0000000,0x000000065dbb54b8,0x0000000698d80000)
 Metaspace       used 349515K, capacity 364650K, committed 365440K, reserved 1374208K
  class space    used 37642K, capacity 41078K, committed 41088K, reserved 1048576K
}
Event: 230.294 GC heap before
{Heap before GC invocations=79 (full 6):
 PSYoungGen      total 1760768K, used 1677413K [0x0000000715580000, 0x00000007c0000000, 0x00000007c0000000)
  eden space 932352K, 91% used [0x0000000715580000,0x000000074929d6d0,0x000000074e400000)
  from space 828416K, 99% used [0x000000078d700000,0x00000007bfffc100,0x00000007c0000000)
  to   space 931840K, 0% used [0x000000074e400000,0x000000074e400000,0x0000000787200000)
 ParOldGen       total 3552768K, used 2584277K [0x00000005c0000000, 0x0000000698d80000, 0x0000000715580000)
  object space 3552768K, 72% used [0x00000005c0000000,0x000000065dbb54b8,0x0000000698d80000)
 Metaspace       used 349538K, capacity 364650K, committed 365440K, reserved 1374208K
  class space    used 37644K, capacity 41078K, committed 41088K, reserved 1048576K
Event: 230.991 GC heap after
Heap after GC invocations=79 (full 6):
 PSYoungGen      total 1864192K, used 931819K [0x0000000715580000, 0x00000007c0000000, 0x00000007c0000000)
  eden space 932352K, 0% used [0x0000000715580000,0x0000000715580000,0x000000074e400000)
  from space 931840K, 99% used [0x000000074e400000,0x00000007871fae40,0x0000000787200000)
  to   space 931840K, 0% used [0x0000000787200000,0x0000000787200000,0x00000007c0000000)
 ParOldGen       total 3552768K, used 2717901K [0x00000005c0000000, 0x0000000698d80000, 0x0000000715580000)
  object space 3552768K, 76% used [0x00000005c0000000,0x0000000665e33650,0x0000000698d80000)
 Metaspace       used 349538K, capacity 364650K, committed 365440K, reserved 1374208K
  class space    used 37644K, capacity 41078K, committed 41088K, reserved 1048576K
}
Event: 232.134 GC heap before
{Heap before GC invocations=80 (full 6):
 PSYoungGen      total 1864192K, used 1849073K [0x0000000715580000, 0x00000007c0000000, 0x00000007c0000000)
  eden space 932352K, 98% used [0x0000000715580000,0x000000074d541700,0x000000074e400000)
  from space 931840K, 99% used [0x000000074e400000,0x00000007871fae40,0x0000000787200000)
  to   space 931840K, 0% used [0x0000000787200000,0x0000000787200000,0x00000007c0000000)
 ParOldGen       total 3552768K, used 2717901K [0x00000005c0000000, 0x0000000698d80000, 0x0000000715580000)
  object space 3552768K, 76% used [0x00000005c0000000,0x0000000665e33650,0x0000000698d80000)
 Metaspace       used 349613K, capacity 364810K, committed 365824K, reserved 1374208K
  class space    used 37650K, capacity 41110K, committed 41216K, reserved 1048576K
Event: 232.907 GC heap after
Heap after GC invocations=80 (full 6):
 PSYoungGen      total 1864192K, used 931829K [0x0000000715580000, 0x00000007c0000000, 0x00000007c0000000)
  eden space 932352K, 0% used [0x0000000715580000,0x0000000715580000,0x000000074e400000)
  from space 931840K, 99% used [0x0000000787200000,0x00000007bfffd690,0x00000007c0000000)
  to   space 931840K, 0% used [0x000000074e400000,0x000000074e400000,0x0000000787200000)
 ParOldGen       total 3552768K, used 3275328K [0x00000005c0000000, 0x0000000698d80000, 0x0000000715580000)
  object space 3552768K, 92% used [0x00000005c0000000,0x0000000687e901e8,0x0000000698d80000)
 Metaspace       used 349613K, capacity 364810K, committed 365824K, reserved 1374208K
  class space    used 37650K, capacity 41110K, committed 41216K, reserved 1048576K
}
Event: 232.908 GC heap before
{Heap before GC invocations=81 (full 7):
 PSYoungGen      total 1864192K, used 931829K [0x0000000715580000, 0x00000007c0000000, 0x00000007c0000000)
  eden space 932352K, 0% used [0x0000000715580000,0x0000000715580000,0x000000074e400000)
  from space 931840K, 99% used [0x0000000787200000,0x00000007bfffd690,0x00000007c0000000)
  to   space 931840K, 0% used [0x000000074e400000,0x000000074e400000,0x0000000787200000)
 ParOldGen       total 3552768K, used 3275328K [0x00000005c0000000, 0x0000000698d80000, 0x0000000715580000)
  object space 3552768K, 92% used [0x00000005c0000000,0x0000000687e901e8,0x0000000698d80000)
 Metaspace       used 349613K, capacity 364810K, committed 365824K, reserved 1374208K
  class space    used 37650K, capacity 41110K, committed 41216K, reserved 1048576K
Event: 240.675 GC heap after
Heap after GC invocations=81 (full 7):
 PSYoungGen      total 1864192K, used 0K [0x0000000715580000, 0x00000007c0000000, 0x00000007c0000000)
  eden space 932352K, 0% used [0x0000000715580000,0x0000000715580000,0x000000074e400000)
  from space 931840K, 0% used [0x0000000787200000,0x0000000787200000,0x00000007c0000000)
  to   space 931840K, 0% used [0x000000074e400000,0x000000074e400000,0x0000000787200000)
 ParOldGen       total 5592576K, used 3532199K [0x00000005c0000000, 0x0000000715580000, 0x0000000715580000)
  object space 5592576K, 63% used [0x00000005c0000000,0x0000000697969d90,0x0000000715580000)
 Metaspace       used 268970K, capacity 282238K, committed 347392K, reserved 1355776K
  class space    used 37576K, capacity 41026K, committed 41216K, reserved 1048576K
}
Event: 241.848 GC heap before
{Heap before GC invocations=82 (full 7):
 PSYoungGen      total 1864192K, used 932352K [0x0000000715580000, 0x00000007c0000000, 0x00000007c0000000)
  eden space 932352K, 100% used [0x0000000715580000,0x000000074e400000,0x000000074e400000)
  from space 931840K, 0% used [0x0000000787200000,0x0000000787200000,0x00000007c0000000)
  to   space 931840K, 0% used [0x000000074e400000,0x000000074e400000,0x0000000787200000)
 ParOldGen       total 5592576K, used 3532199K [0x00000005c0000000, 0x0000000715580000, 0x0000000715580000)
  object space 5592576K, 63% used [0x00000005c0000000,0x0000000697969d90,0x0000000715580000)
 Metaspace       used 269068K, capacity 282314K, committed 347392K, reserved 1355776K
  class space    used 37586K, capacity 41028K, committed 41216K, reserved 1048576K
Event: 241.946 GC heap after
Heap after GC invocations=82 (full 7):
 PSYoungGen      total 1864192K, used 232755K [0x0000000715580000, 0x00000007c0000000, 0x00000007c0000000)
  eden space 932352K, 0% used [0x0000000715580000,0x0000000715580000,0x000000074e400000)
  from space 931840K, 24% used [0x000000074e400000,0x000000075c74cfc0,0x0000000787200000)
  to   space 931840K, 0% used [0x0000000787200000,0x0000000787200000,0x00000007c0000000)
 ParOldGen       total 5592576K, used 3532207K [0x00000005c0000000, 0x0000000715580000, 0x0000000715580000)
  object space 5592576K, 63% used [0x00000005c0000000,0x000000069796bd90,0x0000000715580000)
 Metaspace       used 269068K, capacity 282314K, committed 347392K, reserved 1355776K
  class space    used 37586K, capacity 41028K, committed 41216K, reserved 1048576K
}
Event: 242.381 GC heap before
{Heap before GC invocations=83 (full 7):
 PSYoungGen      total 1864192K, used 990030K [0x0000000715580000, 0x00000007c0000000, 0x00000007c0000000)
  eden space 932352K, 81% used [0x0000000715580000,0x0000000743906a10,0x000000074e400000)
  from space 931840K, 24% used [0x000000074e400000,0x000000075c74cfc0,0x0000000787200000)
  to   space 931840K, 0% used [0x0000000787200000,0x0000000787200000,0x00000007c0000000)
 ParOldGen       total 5592576K, used 3532207K [0x00000005c0000000, 0x0000000715580000, 0x0000000715580000)
  object space 5592576K, 63% used [0x00000005c0000000,0x000000069796bd90,0x0000000715580000)
 Metaspace       used 269133K, capacity 282378K, committed 347392K, reserved 1355776K
  class space    used 37594K, capacity 41028K, committed 41216K, reserved 1048576K
Event: 242.428 GC heap after
Heap after GC invocations=83 (full 7):
 PSYoungGen      total 1864192K, used 490678K [0x0000000715580000, 0x00000007c0000000, 0x00000007c0000000)
  eden space 932352K, 0% used [0x0000000715580000,0x0000000715580000,0x000000074e400000)
  from space 931840K, 52% used [0x0000000787200000,0x00000007a512d970,0x00000007c0000000)
  to   space 931840K, 0% used [0x000000074e400000,0x000000074e400000,0x0000000787200000)
 ParOldGen       total 5592576K, used 3532215K [0x00000005c0000000, 0x0000000715580000, 0x0000000715580000)
  object space 5592576K, 63% used [0x00000005c0000000,0x000000069796dd90,0x0000000715580000)
 Metaspace       used 269133K, capacity 282378K, committed 347392K, reserved 1355776K
  class space    used 37594K, capacity 41028K, committed 41216K, reserved 1048576K
}
Event: 242.519 GC heap before
{Heap before GC invocations=84 (full 7):
 PSYoungGen      total 1864192K, used 1357750K [0x0000000715580000, 0x00000007c0000000, 0x00000007c0000000)
  eden space 932352K, 92% used [0x0000000715580000,0x000000074a440228,0x000000074e400000)
  from space 931840K, 52% used [0x0000000787200000,0x00000007a512d970,0x00000007c0000000)
  to   space 931840K, 0% used [0x000000074e400000,0x000000074e400000,0x0000000787200000)
 ParOldGen       total 5592576K, used 3532215K [0x00000005c0000000, 0x0000000715580000, 0x0000000715580000)
  object space 5592576K, 63% used [0x00000005c0000000,0x000000069796dd90,0x0000000715580000)
 Metaspace       used 269133K, capacity 282378K, committed 347392K, reserved 1355776K
  class space    used 37594K, capacity 41028K, committed 41216K, reserved 1048576K
Event: 242.558 GC heap after
Heap after GC invocations=84 (full 7):
 PSYoungGen      total 1864192K, used 368596K [0x0000000715580000, 0x00000007c0000000, 0x00000007c0000000)
  eden space 932352K, 0% used [0x0000000715580000,0x0000000715580000,0x000000074e400000)
  from space 931840K, 39% used [0x000000074e400000,0x0000000764bf5318,0x0000000787200000)
  to   space 931840K, 0% used [0x0000000787200000,0x0000000787200000,0x00000007c0000000)
 ParOldGen       total 5592576K, used 3532215K [0x00000005c0000000, 0x0000000715580000, 0x0000000715580000)
  object space 5592576K, 63% used [0x00000005c0000000,0x000000069796dd90,0x0000000715580000)
 Metaspace       used 269133K, capacity 282378K, committed 347392K, reserved 1355776K
  class space    used 37594K, capacity 41028K, committed 41216K, reserved 1048576K
}
Event: 243.339 GC heap before
{Heap before GC invocations=85 (full 7):
 PSYoungGen      total 1864192K, used 1202964K [0x0000000715580000, 0x00000007c0000000, 0x00000007c0000000)
  eden space 932352K, 89% used [0x0000000715580000,0x0000000748450098,0x000000074e400000)
  from space 931840K, 39% used [0x000000074e400000,0x0000000764bf5318,0x0000000787200000)
  to   space 931840K, 0% used [0x0000000787200000,0x0000000787200000,0x00000007c0000000)
 ParOldGen       total 5592576K, used 3532215K [0x00000005c0000000, 0x0000000715580000, 0x0000000715580000)
  object space 5592576K, 63% used [0x00000005c0000000,0x000000069796dd90,0x0000000715580000)
 Metaspace       used 269150K, capacity 282384K, committed 347392K, reserved 1355776K
  class space    used 37595K, capacity 41029K, committed 41216K, reserved 1048576K
Event: 243.437 GC heap after
Heap after GC invocations=85 (full 7):
 PSYoungGen      total 1864192K, used 319740K [0x0000000715580000, 0x00000007c0000000, 0x00000007c0000000)
  eden space 932352K, 0% used [0x0000000715580000,0x0000000715580000,0x000000074e400000)
  from space 931840K, 34% used [0x0000000787200000,0x000000079aa3f328,0x00000007c0000000)
  to   space 931840K, 0% used [0x000000074e400000,0x000000074e400000,0x0000000787200000)
 ParOldGen       total 5592576K, used 3532215K [0x00000005c0000000, 0x0000000715580000, 0x0000000715580000)
  object space 5592576K, 63% used [0x00000005c0000000,0x000000069796dd90,0x0000000715580000)
 Metaspace       used 269150K, capacity 282384K, committed 347392K, reserved 1355776K
  class space    used 37595K, capacity 41029K, committed 41216K, reserved 1048576K
}
Event: 244.189 GC heap before
{Heap before GC invocations=86 (full 7):
 PSYoungGen      total 1864192K, used 1252092K [0x0000000715580000, 0x00000007c0000000, 0x00000007c0000000)
  eden space 932352K, 100% used [0x0000000715580000,0x000000074e400000,0x000000074e400000)
  from space 931840K, 34% used [0x0000000787200000,0x000000079aa3f328,0x00000007c0000000)
  to   space 931840K, 0% used [0x000000074e400000,0x000000074e400000,0x0000000787200000)
 ParOldGen       total 5592576K, used 3532215K [0x00000005c0000000, 0x0000000715580000, 0x0000000715580000)
  object space 5592576K, 63% used [0x00000005c0000000,0x000000069796dd90,0x0000000715580000)
 Metaspace       used 269661K, capacity 282896K, committed 347392K, reserved 1355776K
  class space    used 37662K, capacity 41093K, committed 41216K, reserved 1048576K
Event: 244.293 GC heap after
Heap after GC invocations=86 (full 7):
 PSYoungGen      total 1864192K, used 421110K [0x0000000715580000, 0x00000007c0000000, 0x00000007c0000000)
  eden space 932352K, 0% used [0x0000000715580000,0x0000000715580000,0x000000074e400000)
  from space 931840K, 45% used [0x000000074e400000,0x0000000767f3d8b8,0x0000000787200000)
  to   space 931840K, 0% used [0x0000000787200000,0x0000000787200000,0x00000007c0000000)
 ParOldGen       total 5592576K, used 3644175K [0x00000005c0000000, 0x0000000715580000, 0x0000000715580000)
  object space 5592576K, 65% used [0x00000005c0000000,0x000000069e6c3d20,0x0000000715580000)
 Metaspace       used 269661K, capacity 282896K, committed 347392K, reserved 1355776K
  class space    used 37662K, capacity 41093K, committed 41216K, reserved 1048576K
}
Event: 248.451 GC heap before
{Heap before GC invocations=87 (full 7):
 PSYoungGen      total 1864192K, used 1353462K [0x0000000715580000, 0x00000007c0000000, 0x00000007c0000000)
  eden space 932352K, 100% used [0x0000000715580000,0x000000074e400000,0x000000074e400000)
  from space 931840K, 45% used [0x000000074e400000,0x0000000767f3d8b8,0x0000000787200000)
  to   space 931840K, 0% used [0x0000000787200000,0x0000000787200000,0x00000007c0000000)
 ParOldGen       total 5592576K, used 3644175K [0x00000005c0000000, 0x0000000715580000, 0x0000000715580000)
  object space 5592576K, 65% used [0x00000005c0000000,0x000000069e6c3d20,0x0000000715580000)
 Metaspace       used 269858K, capacity 283094K, committed 347520K, reserved 1355776K
  class space    used 37689K, capacity 41142K, committed 41344K, reserved 1048576K
Event: 248.471 GC heap after
Heap after GC invocations=87 (full 7):
 PSYoungGen      total 1864192K, used 19390K [0x0000000715580000, 0x00000007c0000000, 0x00000007c0000000)
  eden space 932352K, 0% used [0x0000000715580000,0x0000000715580000,0x000000074e400000)
  from space 931840K, 2% used [0x0000000787200000,0x00000007884ef940,0x00000007c0000000)
  to   space 931840K, 0% used [0x000000074e400000,0x000000074e400000,0x0000000787200000)
 ParOldGen       total 5592576K, used 3655620K [0x00000005c0000000, 0x0000000715580000, 0x0000000715580000)
  object space 5592576K, 65% used [0x00000005c0000000,0x000000069f1f1370,0x0000000715580000)
 Metaspace       used 269858K, capacity 283094K, committed 347520K, reserved 1355776K
  class space    used 37689K, capacity 41142K, committed 41344K, reserved 1048576K
}
Event: 777.076 GC heap before
{Heap before GC invocations=88 (full 7):
 PSYoungGen      total 1864192K, used 951742K [0x0000000715580000, 0x00000007c0000000, 0x00000007c0000000)
  eden space 932352K, 100% used [0x0000000715580000,0x000000074e400000,0x000000074e400000)
  from space 931840K, 2% used [0x0000000787200000,0x00000007884ef940,0x00000007c0000000)
  to   space 931840K, 0% used [0x000000074e400000,0x000000074e400000,0x0000000787200000)
 ParOldGen       total 5592576K, used 3655620K [0x00000005c0000000, 0x0000000715580000, 0x0000000715580000)
  object space 5592576K, 65% used [0x00000005c0000000,0x000000069f1f1370,0x0000000715580000)
 Metaspace       used 281836K, capacity 295616K, committed 349184K, reserved 1355776K
  class space    used 39054K, capacity 42623K, committed 42752K, reserved 1048576K
Event: 777.136 GC heap after
Heap after GC invocations=88 (full 7):
 PSYoungGen      total 1864192K, used 70192K [0x0000000715580000, 0x00000007c0000000, 0x00000007c0000000)
  eden space 932352K, 0% used [0x0000000715580000,0x0000000715580000,0x000000074e400000)
  from space 931840K, 7% used [0x000000074e400000,0x000000075288c370,0x0000000787200000)
  to   space 931840K, 0% used [0x0000000787200000,0x0000000787200000,0x00000007c0000000)
 ParOldGen       total 5592576K, used 3658012K [0x00000005c0000000, 0x0000000715580000, 0x0000000715580000)
  object space 5592576K, 65% used [0x00000005c0000000,0x000000069f447370,0x0000000715580000)
 Metaspace       used 281836K, capacity 295616K, committed 349184K, reserved 1355776K
  class space    used 39054K, capacity 42623K, committed 42752K, reserved 1048576K
}
Event: 786.355 GC heap before
{Heap before GC invocations=89 (full 7):
 PSYoungGen      total 1864192K, used 1002544K [0x0000000715580000, 0x00000007c0000000, 0x00000007c0000000)
  eden space 932352K, 100% used [0x0000000715580000,0x000000074e400000,0x000000074e400000)
  from space 931840K, 7% used [0x000000074e400000,0x000000075288c370,0x0000000787200000)
  to   space 931840K, 0% used [0x0000000787200000,0x0000000787200000,0x00000007c0000000)
 ParOldGen       total 5592576K, used 3658012K [0x00000005c0000000, 0x0000000715580000, 0x0000000715580000)
  object space 5592576K, 65% used [0x00000005c0000000,0x000000069f447370,0x0000000715580000)
 Metaspace       used 294404K, capacity 308478K, committed 350976K, reserved 1355776K
  class space    used 40530K, capacity 44190K, committed 44288K, reserved 1048576K
Event: 786.464 GC heap after
Heap after GC invocations=89 (full 7):
 PSYoungGen      total 1864192K, used 40525K [0x0000000715580000, 0x00000007c0000000, 0x00000007c0000000)
  eden space 932352K, 0% used [0x0000000715580000,0x0000000715580000,0x000000074e400000)
  from space 931840K, 4% used [0x0000000787200000,0x0000000789993788,0x00000007c0000000)
  to   space 931840K, 0% used [0x000000074e400000,0x000000074e400000,0x0000000787200000)
 ParOldGen       total 5592576K, used 3708783K [0x00000005c0000000, 0x0000000715580000, 0x0000000715580000)
  object space 5592576K, 66% used [0x00000005c0000000,0x00000006a25dbca8,0x0000000715580000)
 Metaspace       used 294404K, capacity 308478K, committed 350976K, reserved 1355776K
  class space    used 40530K, capacity 44190K, committed 44288K, reserved 1048576K
}
Event: 820.866 GC heap before
{Heap before GC invocations=90 (full 7):
 PSYoungGen      total 1864192K, used 972877K [0x0000000715580000, 0x00000007c0000000, 0x00000007c0000000)
  eden space 932352K, 100% used [0x0000000715580000,0x000000074e400000,0x000000074e400000)
  from space 931840K, 4% used [0x0000000787200000,0x0000000789993788,0x00000007c0000000)
  to   space 931840K, 0% used [0x000000074e400000,0x000000074e400000,0x0000000787200000)
 ParOldGen       total 5592576K, used 3708783K [0x00000005c0000000, 0x0000000715580000, 0x0000000715580000)
  object space 5592576K, 66% used [0x00000005c0000000,0x00000006a25dbca8,0x0000000715580000)
 Metaspace       used 303103K, capacity 317462K, committed 352000K, reserved 1355776K
  class space    used 41224K, capacity 44959K, committed 45056K, reserved 1048576K
Event: 820.936 GC heap after
Heap after GC invocations=90 (full 7):
 PSYoungGen      total 1864192K, used 38792K [0x0000000715580000, 0x00000007c0000000, 0x00000007c0000000)
  eden space 932352K, 0% used [0x0000000715580000,0x0000000715580000,0x000000074e400000)
  from space 931840K, 4% used [0x000000074e400000,0x00000007509e20b0,0x0000000787200000)
  to   space 931840K, 0% used [0x0000000787200000,0x0000000787200000,0x00000007c0000000)
 ParOldGen       total 5592576K, used 3724349K [0x00000005c0000000, 0x0000000715580000, 0x0000000715580000)
  object space 5592576K, 66% used [0x00000005c0000000,0x00000006a350f540,0x0000000715580000)
 Metaspace       used 303103K, capacity 317462K, committed 352000K, reserved 1355776K
  class space    used 41224K, capacity 44959K, committed 45056K, reserved 1048576K
}
Event: 845.650 GC heap before
{Heap before GC invocations=91 (full 7):
 PSYoungGen      total 1864192K, used 971144K [0x0000000715580000, 0x00000007c0000000, 0x00000007c0000000)
  eden space 932352K, 100% used [0x0000000715580000,0x000000074e400000,0x000000074e400000)
  from space 931840K, 4% used [0x000000074e400000,0x00000007509e20b0,0x0000000787200000)
  to   space 931840K, 0% used [0x0000000787200000,0x0000000787200000,0x00000007c0000000)
 ParOldGen       total 5592576K, used 3724349K [0x00000005c0000000, 0x0000000715580000, 0x0000000715580000)
  object space 5592576K, 66% used [0x00000005c0000000,0x00000006a350f540,0x0000000715580000)
 Metaspace       used 304800K, capacity 319360K, committed 352512K, reserved 1355776K
  class space    used 41404K, capacity 45197K, committed 45312K, reserved 1048576K
Event: 845.709 GC heap after
Heap after GC invocations=91 (full 7):
 PSYoungGen      total 1864192K, used 32964K [0x0000000715580000, 0x00000007c0000000, 0x00000007c0000000)
  eden space 932352K, 0% used [0x0000000715580000,0x0000000715580000,0x000000074e400000)
  from space 931840K, 3% used [0x0000000787200000,0x0000000789231378,0x00000007c0000000)
  to   space 931840K, 0% used [0x000000074e400000,0x000000074e400000,0x0000000787200000)
 ParOldGen       total 5592576K, used 3741461K [0x00000005c0000000, 0x0000000715580000, 0x0000000715580000)
  object space 5592576K, 66% used [0x00000005c0000000,0x00000006a45c5420,0x0000000715580000)
 Metaspace       used 304800K, capacity 319360K, committed 352512K, reserved 1355776K
  class space    used 41404K, capacity 45197K, committed 45312K, reserved 1048576K
}
Event: 848.467 GC heap before
{Heap before GC invocations=92 (full 7):
 PSYoungGen      total 1864192K, used 965316K [0x0000000715580000, 0x00000007c0000000, 0x00000007c0000000)
  eden space 932352K, 100% used [0x0000000715580000,0x000000074e400000,0x000000074e400000)
  from space 931840K, 3% used [0x0000000787200000,0x0000000789231378,0x00000007c0000000)
  to   space 931840K, 0% used [0x000000074e400000,0x000000074e400000,0x0000000787200000)
 ParOldGen       total 5592576K, used 3741461K [0x00000005c0000000, 0x0000000715580000, 0x0000000715580000)
  object space 5592576K, 66% used [0x00000005c0000000,0x00000006a45c5420,0x0000000715580000)
 Metaspace       used 305392K, capacity 320048K, committed 352512K, reserved 1355776K
  class space    used 41466K, capacity 45297K, committed 45312K, reserved 1048576K
Event: 848.618 GC heap after
Heap after GC invocations=92 (full 7):
 PSYoungGen      total 1864192K, used 46719K [0x0000000715580000, 0x00000007c0000000, 0x00000007c0000000)
  eden space 932352K, 0% used [0x0000000715580000,0x0000000715580000,0x000000074e400000)
  from space 931840K, 5% used [0x000000074e400000,0x000000075119fce0,0x0000000787200000)
  to   space 931840K, 0% used [0x0000000787200000,0x0000000787200000,0x00000007c0000000)
 ParOldGen       total 5592576K, used 3757750K [0x00000005c0000000, 0x0000000715580000, 0x0000000715580000)
  object space 5592576K, 67% used [0x00000005c0000000,0x00000006a55ad818,0x0000000715580000)
 Metaspace       used 305392K, capacity 320048K, committed 352512K, reserved 1355776K
  class space    used 41466K, capacity 45297K, committed 45312K, reserved 1048576K
}
Event: 853.725 GC heap before
{Heap before GC invocations=93 (full 7):
 PSYoungGen      total 1864192K, used 979071K [0x0000000715580000, 0x00000007c0000000, 0x00000007c0000000)
  eden space 932352K, 100% used [0x0000000715580000,0x000000074e400000,0x000000074e400000)
  from space 931840K, 5% used [0x000000074e400000,0x000000075119fce0,0x0000000787200000)
  to   space 931840K, 0% used [0x0000000787200000,0x0000000787200000,0x00000007c0000000)
 ParOldGen       total 5592576K, used 3757750K [0x00000005c0000000, 0x0000000715580000, 0x0000000715580000)
  object space 5592576K, 67% used [0x00000005c0000000,0x00000006a55ad818,0x0000000715580000)
 Metaspace       used 305640K, capacity 320308K, committed 352640K, reserved 1355776K
  class space    used 41500K, capacity 45377K, committed 45440K, reserved 1048576K
Event: 853.930 GC heap after
Heap after GC invocations=93 (full 7):
 PSYoungGen      total 1864192K, used 82868K [0x0000000715580000, 0x00000007c0000000, 0x00000007c0000000)
  eden space 932352K, 0% used [0x0000000715580000,0x0000000715580000,0x000000074e400000)
  from space 931840K, 8% used [0x0000000787200000,0x000000078c2ed098,0x00000007c0000000)
  to   space 931840K, 0% used [0x000000074e400000,0x000000074e400000,0x0000000787200000)
 ParOldGen       total 5592576K, used 3791845K [0x00000005c0000000, 0x0000000715580000, 0x0000000715580000)
  object space 5592576K, 67% used [0x00000005c0000000,0x00000006a76f9548,0x0000000715580000)
 Metaspace       used 305640K, capacity 320308K, committed 352640K, reserved 1355776K
  class space    used 41500K, capacity 45377K, committed 45440K, reserved 1048576K
}
Event: 855.690 GC heap before
{Heap before GC invocations=94 (full 7):
 PSYoungGen      total 1864192K, used 1015220K [0x0000000715580000, 0x00000007c0000000, 0x00000007c0000000)
  eden space 932352K, 100% used [0x0000000715580000,0x000000074e400000,0x000000074e400000)
  from space 931840K, 8% used [0x0000000787200000,0x000000078c2ed098,0x00000007c0000000)
  to   space 931840K, 0% used [0x000000074e400000,0x000000074e400000,0x0000000787200000)
 ParOldGen       total 5592576K, used 3791845K [0x00000005c0000000, 0x0000000715580000, 0x0000000715580000)
  object space 5592576K, 67% used [0x00000005c0000000,0x00000006a76f9548,0x0000000715580000)
 Metaspace       used 306149K, capacity 320936K, committed 353024K, reserved 1357824K
  class space    used 41557K, capacity 45471K, committed 45568K, reserved 1048576K
Event: 855.845 GC heap after
Heap after GC invocations=94 (full 7):
 PSYoungGen      total 1864192K, used 30793K [0x0000000715580000, 0x00000007c0000000, 0x00000007c0000000)
  eden space 932352K, 0% used [0x0000000715580000,0x0000000715580000,0x000000074e400000)
  from space 931840K, 3% used [0x000000074e400000,0x0000000750212628,0x0000000787200000)
  to   space 931840K, 0% used [0x0000000787200000,0x0000000787200000,0x00000007c0000000)
 ParOldGen       total 5592576K, used 3857182K [0x00000005c0000000, 0x0000000715580000, 0x0000000715580000)
  object space 5592576K, 68% used [0x00000005c0000000,0x00000006ab6c7988,0x0000000715580000)
 Metaspace       used 306149K, capacity 320936K, committed 353024K, reserved 1357824K
  class space    used 41557K, capacity 45471K, committed 45568K, reserved 1048576K
}
Event: 857.333 GC heap before
{Heap before GC invocations=95 (full 7):
 PSYoungGen      total 1864192K, used 963145K [0x0000000715580000, 0x00000007c0000000, 0x00000007c0000000)
  eden space 932352K, 100% used [0x0000000715580000,0x000000074e400000,0x000000074e400000)
  from space 931840K, 3% used [0x000000074e400000,0x0000000750212628,0x0000000787200000)
  to   space 931840K, 0% used [0x0000000787200000,0x0000000787200000,0x00000007c0000000)
 ParOldGen       total 5592576K, used 3857182K [0x00000005c0000000, 0x0000000715580000, 0x0000000715580000)
  object space 5592576K, 68% used [0x00000005c0000000,0x00000006ab6c7988,0x0000000715580000)
 Metaspace       used 306471K, capacity 321388K, committed 353280K, reserved 1357824K
  class space    used 41596K, capacity 45536K, committed 45568K, reserved 1048576K
Event: 857.425 GC heap after
Heap after GC invocations=95 (full 7):
 PSYoungGen      total 1864192K, used 80448K [0x0000000715580000, 0x00000007c0000000, 0x00000007c0000000)
  eden space 932352K, 0% used [0x0000000715580000,0x0000000715580000,0x000000074e400000)
  from space 931840K, 8% used [0x0000000787200000,0x000000078c090000,0x00000007c0000000)
  to   space 931840K, 0% used [0x000000074e400000,0x000000074e400000,0x0000000787200000)
 ParOldGen       total 5592576K, used 3880691K [0x00000005c0000000, 0x0000000715580000, 0x0000000715580000)
  object space 5592576K, 69% used [0x00000005c0000000,0x00000006acdbcee8,0x0000000715580000)
 Metaspace       used 306471K, capacity 321388K, committed 353280K, reserved 1357824K
  class space    used 41596K, capacity 45536K, committed 45568K, reserved 1048576K
}
Event: 1600.470 GC heap before
{Heap before GC invocations=96 (full 7):
 PSYoungGen      total 1864192K, used 1012800K [0x0000000715580000, 0x00000007c0000000, 0x00000007c0000000)
  eden space 932352K, 100% used [0x0000000715580000,0x000000074e400000,0x000000074e400000)
  from space 931840K, 8% used [0x0000000787200000,0x000000078c090000,0x00000007c0000000)
  to   space 931840K, 0% used [0x000000074e400000,0x000000074e400000,0x0000000787200000)
 ParOldGen       total 5592576K, used 3880691K [0x00000005c0000000, 0x0000000715580000, 0x0000000715580000)
  object space 5592576K, 69% used [0x00000005c0000000,0x00000006acdbcee8,0x0000000715580000)
 Metaspace       used 307025K, capacity 321916K, committed 353408K, reserved 1357824K
  class space    used 41609K, capacity 45577K, committed 45696K, reserved 1048576K
Event: 1600.686 GC heap after
Heap after GC invocations=96 (full 7):
 PSYoungGen      total 1864192K, used 223452K [0x0000000715580000, 0x00000007c0000000, 0x00000007c0000000)
  eden space 932352K, 0% used [0x0000000715580000,0x0000000715580000,0x000000074e400000)
  from space 931840K, 23% used [0x000000074e400000,0x000000075be37348,0x0000000787200000)
  to   space 931840K, 0% used [0x0000000787200000,0x0000000787200000,0x00000007c0000000)
 ParOldGen       total 5592576K, used 3958244K [0x00000005c0000000, 0x0000000715580000, 0x0000000715580000)
  object space 5592576K, 70% used [0x00000005c0000000,0x00000006b1979220,0x0000000715580000)
 Metaspace       used 307025K, capacity 321916K, committed 353408K, reserved 1357824K
  class space    used 41609K, capacity 45577K, committed 45696K, reserved 1048576K
}
Event: 1604.974 GC heap before
{Heap before GC invocations=97 (full 7):
 PSYoungGen      total 1864192K, used 1155804K [0x0000000715580000, 0x00000007c0000000, 0x00000007c0000000)
  eden space 932352K, 100% used [0x0000000715580000,0x000000074e400000,0x000000074e400000)
  from space 931840K, 23% used [0x000000074e400000,0x000000075be37348,0x0000000787200000)
  to   space 931840K, 0% used [0x0000000787200000,0x0000000787200000,0x00000007c0000000)
 ParOldGen       total 5592576K, used 3958244K [0x00000005c0000000, 0x0000000715580000, 0x0000000715580000)
  object space 5592576K, 70% used [0x00000005c0000000,0x00000006b1979220,0x0000000715580000)
 Metaspace       used 307043K, capacity 321934K, committed 353408K, reserved 1357824K
  class space    used 41611K, capacity 45580K, committed 45696K, reserved 1048576K
Event: 1606.187 GC heap after
Heap after GC invocations=97 (full 7):
 PSYoungGen      total 1864192K, used 110659K [0x0000000715580000, 0x00000007c0000000, 0x00000007c0000000)
  eden space 932352K, 0% used [0x0000000715580000,0x0000000715580000,0x000000074e400000)
  from space 931840K, 11% used [0x0000000787200000,0x000000078de10d90,0x00000007c0000000)
  to   space 931840K, 0% used [0x000000074e400000,0x000000074e400000,0x0000000787200000)
 ParOldGen       total 5592576K, used 4175823K [0x00000005c0000000, 0x0000000715580000, 0x0000000715580000)
  object space 5592576K, 74% used [0x00000005c0000000,0x00000006bedf3dd0,0x0000000715580000)
 Metaspace       used 307043K, capacity 321934K, committed 353408K, reserved 1357824K
  class space    used 41611K, capacity 45580K, committed 45696K, reserved 1048576K
}
Event: 1608.048 GC heap before
{Heap before GC invocations=98 (full 7):
 PSYoungGen      total 1864192K, used 1043011K [0x0000000715580000, 0x00000007c0000000, 0x00000007c0000000)
  eden space 932352K, 100% used [0x0000000715580000,0x000000074e400000,0x000000074e400000)
  from space 931840K, 11% used [0x0000000787200000,0x000000078de10d90,0x00000007c0000000)
  to   space 931840K, 0% used [0x000000074e400000,0x000000074e400000,0x0000000787200000)
 ParOldGen       total 5592576K, used 4175823K [0x00000005c0000000, 0x0000000715580000, 0x0000000715580000)
  object space 5592576K, 74% used [0x00000005c0000000,0x00000006bedf3dd0,0x0000000715580000)
 Metaspace       used 307254K, capacity 322276K, committed 353664K, reserved 1357824K
  class space    used 41639K, capacity 45618K, committed 45696K, reserved 1048576K
Event: 1608.142 GC heap after
Heap after GC invocations=98 (full 7):
 PSYoungGen      total 1020416K, used 87961K [0x0000000715580000, 0x00000007bb600000, 0x00000007c0000000)
  eden space 932352K, 0% used [0x0000000715580000,0x0000000715580000,0x000000074e400000)
  from space 88064K, 99% used [0x000000074e400000,0x00000007539e6668,0x0000000753a00000)
  to   space 893952K, 0% used [0x0000000784d00000,0x0000000784d00000,0x00000007bb600000)
 ParOldGen       total 5592576K, used 4189399K [0x00000005c0000000, 0x0000000715580000, 0x0000000715580000)
  object space 5592576K, 74% used [0x00000005c0000000,0x00000006bfb35c00,0x0000000715580000)
 Metaspace       used 307254K, capacity 322276K, committed 353664K, reserved 1357824K
  class space    used 41639K, capacity 45618K, committed 45696K, reserved 1048576K
}
Event: 1609.150 GC heap before
{Heap before GC invocations=99 (full 7):
 PSYoungGen      total 1020416K, used 1020313K [0x0000000715580000, 0x00000007bb600000, 0x00000007c0000000)
  eden space 932352K, 100% used [0x0000000715580000,0x000000074e400000,0x000000074e400000)
  from space 88064K, 99% used [0x000000074e400000,0x00000007539e6668,0x0000000753a00000)
  to   space 893952K, 0% used [0x0000000784d00000,0x0000000784d00000,0x00000007bb600000)
 ParOldGen       total 5592576K, used 4189399K [0x00000005c0000000, 0x0000000715580000, 0x0000000715580000)
  object space 5592576K, 74% used [0x00000005c0000000,0x00000006bfb35c00,0x0000000715580000)
 Metaspace       used 307421K, capacity 322356K, committed 353664K, reserved 1357824K
  class space    used 41648K, capacity 45621K, committed 45696K, reserved 1048576K
Event: 1609.245 GC heap after
Heap after GC invocations=99 (full 7):
 PSYoungGen      total 1863680K, used 125150K [0x0000000715580000, 0x00000007ba780000, 0x00000007c0000000)
  eden space 984576K, 0% used [0x0000000715580000,0x0000000715580000,0x0000000751700000)
  from space 879104K, 14% used [0x0000000784d00000,0x000000078c737b20,0x00000007ba780000)
  to   space 841728K, 0% used [0x0000000751700000,0x0000000751700000,0x0000000784d00000)
 ParOldGen       total 5592576K, used 4189399K [0x00000005c0000000, 0x0000000715580000, 0x0000000715580000)
  object space 5592576K, 74% used [0x00000005c0000000,0x00000006bfb35c00,0x0000000715580000)
 Metaspace       used 307421K, capacity 322356K, committed 353664K, reserved 1357824K
  class space    used 41648K, capacity 45621K, committed 45696K, reserved 1048576K
}
Event: 1610.025 GC heap before
{Heap before GC invocations=100 (full 7):
 PSYoungGen      total 1863680K, used 1109726K [0x0000000715580000, 0x00000007ba780000, 0x00000007c0000000)
  eden space 984576K, 100% used [0x0000000715580000,0x0000000751700000,0x0000000751700000)
  from space 879104K, 14% used [0x0000000784d00000,0x000000078c737b20,0x00000007ba780000)
  to   space 841728K, 0% used [0x0000000751700000,0x0000000751700000,0x0000000784d00000)
 ParOldGen       total 5592576K, used 4189399K [0x00000005c0000000, 0x0000000715580000, 0x0000000715580000)
  object space 5592576K, 74% used [0x00000005c0000000,0x00000006bfb35c00,0x0000000715580000)
 Metaspace       used 307505K, capacity 322484K, committed 353664K, reserved 1357824K
  class space    used 41653K, capacity 45621K, committed 45696K, reserved 1048576K
Event: 1610.134 GC heap after
Heap after GC invocations=100 (full 7):
 PSYoungGen      total 1826304K, used 79424K [0x0000000715580000, 0x00000007b8a80000, 0x00000007c0000000)
  eden space 984576K, 0% used [0x0000000715580000,0x0000000715580000,0x0000000751700000)
  from space 841728K, 9% used [0x0000000751700000,0x0000000756490070,0x0000000784d00000)
  to   space 800256K, 0% used [0x0000000787d00000,0x0000000787d00000,0x00000007b8a80000)
 ParOldGen       total 5592576K, used 4269568K [0x00000005c0000000, 0x0000000715580000, 0x0000000715580000)
  object space 5592576K, 76% used [0x00000005c0000000,0x00000006c4980120,0x0000000715580000)
 Metaspace       used 307505K, capacity 322484K, committed 353664K, reserved 1357824K
  class space    used 41653K, capacity 45621K, committed 45696K, reserved 1048576K
}
Event: 1610.868 GC heap before
{Heap before GC invocations=101 (full 7):
 PSYoungGen      total 1826304K, used 1064000K [0x0000000715580000, 0x00000007b8a80000, 0x00000007c0000000)
  eden space 984576K, 100% used [0x0000000715580000,0x0000000751700000,0x0000000751700000)
  from space 841728K, 9% used [0x0000000751700000,0x0000000756490070,0x0000000784d00000)
  to   space 800256K, 0% used [0x0000000787d00000,0x0000000787d00000,0x00000007b8a80000)
 ParOldGen       total 5592576K, used 4269568K [0x00000005c0000000, 0x0000000715580000, 0x0000000715580000)
  object space 5592576K, 76% used [0x00000005c0000000,0x00000006c4980120,0x0000000715580000)
 Metaspace       used 307528K, capacity 322484K, committed 353664K, reserved 1357824K
  class space    used 41658K, capacity 45621K, committed 45696K, reserved 1048576K
Event: 1610.940 GC heap after
Heap after GC invocations=101 (full 7):
 PSYoungGen      total 1815040K, used 78337K [0x0000000715580000, 0x00000007b4580000, 0x00000007c0000000)
  eden space 1085440K, 0% used [0x0000000715580000,0x0000000715580000,0x0000000757980000)
  from space 729600K, 10% used [0x0000000787d00000,0x000000078c980560,0x00000007b4580000)
  to   space 759808K, 0% used [0x0000000757980000,0x0000000757980000,0x0000000785f80000)
 ParOldGen       total 5592576K, used 4311068K [0x00000005c0000000, 0x0000000715580000, 0x0000000715580000)
  object space 5592576K, 77% used [0x00000005c0000000,0x00000006c7207390,0x0000000715580000)
 Metaspace       used 307528K, capacity 322484K, committed 353664K, reserved 1357824K
  class space    used 41658K, capacity 45621K, committed 45696K, reserved 1048576K
}
Event: 1611.934 GC heap before
{Heap before GC invocations=102 (full 7):
 PSYoungGen      total 1815040K, used 1163777K [0x0000000715580000, 0x00000007b4580000, 0x00000007c0000000)
  eden space 1085440K, 100% used [0x0000000715580000,0x0000000757980000,0x0000000757980000)
  from space 729600K, 10% used [0x0000000787d00000,0x000000078c980560,0x00000007b4580000)
  to   space 759808K, 0% used [0x0000000757980000,0x0000000757980000,0x0000000785f80000)
 ParOldGen       total 5592576K, used 4311068K [0x00000005c0000000, 0x0000000715580000, 0x0000000715580000)
  object space 5592576K, 77% used [0x00000005c0000000,0x00000006c7207390,0x0000000715580000)
 Metaspace       used 307535K, capacity 322488K, committed 353664K, reserved 1357824K
  class space    used 41660K, capacity 45621K, committed 45696K, reserved 1048576K
Event: 1612.043 GC heap after
Heap after GC invocations=102 (full 7):
 PSYoungGen      total 1845248K, used 165441K [0x0000000715580000, 0x00000007b4900000, 0x00000007c0000000)
  eden space 1085440K, 0% used [0x0000000715580000,0x0000000715580000,0x0000000757980000)
  from space 759808K, 21% used [0x0000000757980000,0x0000000761b10550,0x0000000785f80000)
  to   space 705536K, 0% used [0x0000000789800000,0x0000000789800000,0x00000007b4900000)
 ParOldGen       total 5592576K, used 4348461K [0x00000005c0000000, 0x0000000715580000, 0x0000000715580000)
  object space 5592576K, 77% used [0x00000005c0000000,0x00000006c968b420,0x0000000715580000)
 Metaspace       used 307535K, capacity 322488K, committed 353664K, reserved 1357824K
  class space    used 41660K, capacity 45621K, committed 45696K, reserved 1048576K
}
Event: 1612.840 GC heap before
{Heap before GC invocations=103 (full 7):
 PSYoungGen      total 1845248K, used 1250881K [0x0000000715580000, 0x00000007b4900000, 0x00000007c0000000)
  eden space 1085440K, 100% used [0x0000000715580000,0x0000000757980000,0x0000000757980000)
  from space 759808K, 21% used [0x0000000757980000,0x0000000761b10550,0x0000000785f80000)
  to   space 705536K, 0% used [0x0000000789800000,0x0000000789800000,0x00000007b4900000)
 ParOldGen       total 5592576K, used 4348461K [0x00000005c0000000, 0x0000000715580000, 0x0000000715580000)
  object space 5592576K, 77% used [0x00000005c0000000,0x00000006c968b420,0x0000000715580000)
 Metaspace       used 307535K, capacity 322488K, committed 353664K, reserved 1357824K
  class space    used 41660K, capacity 45621K, committed 45696K, reserved 1048576K
Event: 1612.935 GC heap after
Heap after GC invocations=103 (full 7):
 PSYoungGen      total 1820160K, used 133140K [0x0000000715580000, 0x00000007af580000, 0x00000007c0000000)
  eden space 1200128K, 0% used [0x0000000715580000,0x0000000715580000,0x000000075e980000)
  from space 620032K, 21% used [0x0000000789800000,0x0000000791a05020,0x00000007af580000)
  to   space 661504K, 0% used [0x000000075e980000,0x000000075e980000,0x0000000786f80000)
 ParOldGen       total 5592576K, used 4389886K [0x00000005c0000000, 0x0000000715580000, 0x0000000715580000)
  object space 5592576K, 78% used [0x00000005c0000000,0x00000006cbeff9b0,0x0000000715580000)
 Metaspace       used 307535K, capacity 322488K, committed 353664K, reserved 1357824K
  class space    used 41660K, capacity 45621K, committed 45696K, reserved 1048576K
}
Event: 1613.955 GC heap before
{Heap before GC invocations=104 (full 7):
 PSYoungGen      total 1820160K, used 1333268K [0x0000000715580000, 0x00000007af580000, 0x00000007c0000000)
  eden space 1200128K, 100% used [0x0000000715580000,0x000000075e980000,0x000000075e980000)
  from space 620032K, 21% used [0x0000000789800000,0x0000000791a05020,0x00000007af580000)
  to   space 661504K, 0% used [0x000000075e980000,0x000000075e980000,0x0000000786f80000)
 ParOldGen       total 5592576K, used 4389886K [0x00000005c0000000, 0x0000000715580000, 0x0000000715580000)
  object space 5592576K, 78% used [0x00000005c0000000,0x00000006cbeff9b0,0x0000000715580000)
 Metaspace       used 307535K, capacity 322488K, committed 353664K, reserved 1357824K
  class space    used 41660K, capacity 45621K, committed 45696K, reserved 1048576K
Event: 1614.069 GC heap after
Heap after GC invocations=104 (full 7):
 PSYoungGen      total 1861632K, used 4160K [0x0000000715580000, 0x00000007b4d00000, 0x00000007c0000000)
  eden space 1200128K, 0% used [0x0000000715580000,0x0000000715580000,0x000000075e980000)
  from space 661504K, 0% used [0x000000075e980000,0x000000075ed90210,0x0000000786f80000)
  to   space 642560K, 0% used [0x000000078d980000,0x000000078d980000,0x00000007b4d00000)
 ParOldGen       total 5592576K, used 4522785K [0x00000005c0000000, 0x0000000715580000, 0x0000000715580000)
  object space 5592576K, 80% used [0x00000005c0000000,0x00000006d40c85b0,0x0000000715580000)
 Metaspace       used 307535K, capacity 322488K, committed 353664K, reserved 1357824K
  class space    used 41660K, capacity 45621K, committed 45696K, reserved 1048576K
}
Event: 1614.328 GC heap before
{Heap before GC invocations=105 (full 7):
 PSYoungGen      total 1861632K, used 1204288K [0x0000000715580000, 0x00000007b4d00000, 0x00000007c0000000)
  eden space 1200128K, 100% used [0x0000000715580000,0x000000075e980000,0x000000075e980000)
  from space 661504K, 0% used [0x000000075e980000,0x000000075ed90210,0x0000000786f80000)
  to   space 642560K, 0% used [0x000000078d980000,0x000000078d980000,0x00000007b4d00000)
 ParOldGen       total 5592576K, used 4522785K [0x00000005c0000000, 0x0000000715580000, 0x0000000715580000)
  object space 5592576K, 80% used [0x00000005c0000000,0x00000006d40c85b0,0x0000000715580000)
 Metaspace       used 307535K, capacity 322488K, committed 353664K, reserved 1357824K
  class space    used 41660K, capacity 45621K, committed 45696K, reserved 1048576K
Event: 1614.362 GC heap after
Heap after GC invocations=105 (full 7):
 PSYoungGen      total 1920000K, used 41018K [0x0000000715580000, 0x00000007b1900000, 0x00000007c0000000)
  eden space 1330688K, 0% used [0x0000000715580000,0x0000000715580000,0x0000000766900000)
  from space 589312K, 6% used [0x000000078d980000,0x000000079018e9b0,0x00000007b1900000)
  to   space 614400K, 0% used [0x0000000766900000,0x0000000766900000,0x000000078c100000)
 ParOldGen       total 5592576K, used 4526792K [0x00000005c0000000, 0x0000000715580000, 0x0000000715580000)
  object space 5592576K, 80% used [0x00000005c0000000,0x00000006d44b2380,0x0000000715580000)
 Metaspace       used 307535K, capacity 322488K, committed 353664K, reserved 1357824K
  class space    used 41660K, capacity 45621K, committed 45696K, reserved 1048576K
}
Event: 1619.181 GC heap before
{Heap before GC invocations=106 (full 7):
 PSYoungGen      total 1920000K, used 1371706K [0x0000000715580000, 0x00000007b1900000, 0x00000007c0000000)
  eden space 1330688K, 100% used [0x0000000715580000,0x0000000766900000,0x0000000766900000)
  from space 589312K, 6% used [0x000000078d980000,0x000000079018e9b0,0x00000007b1900000)
  to   space 614400K, 0% used [0x0000000766900000,0x0000000766900000,0x000000078c100000)
 ParOldGen       total 5592576K, used 4526792K [0x00000005c0000000, 0x0000000715580000, 0x0000000715580000)
  object space 5592576K, 80% used [0x00000005c0000000,0x00000006d44b2380,0x0000000715580000)
 Metaspace       used 307543K, capacity 322500K, committed 353664K, reserved 1357824K
  class space    used 41661K, capacity 45623K, committed 45696K, reserved 1048576K
Event: 1619.262 GC heap after
Heap after GC invocations=106 (full 7):
 PSYoungGen      total 1945088K, used 23244K [0x0000000715580000, 0x00000007b6580000, 0x00000007c0000000)
  eden space 1330688K, 0% used [0x0000000715580000,0x0000000715580000,0x0000000766900000)
  from space 614400K, 3% used [0x0000000766900000,0x0000000767fb30f0,0x000000078c100000)
  to   space 588800K, 0% used [0x0000000792680000,0x0000000792680000,0x00000007b6580000)
 ParOldGen       total 5592576K, used 4568155K [0x00000005c0000000, 0x0000000715580000, 0x0000000715580000)
  object space 5592576K, 81% used [0x00000005c0000000,0x00000006d6d16d40,0x0000000715580000)
 Metaspace       used 307543K, capacity 322500K, committed 353664K, reserved 1357824K
  class space    used 41661K, capacity 45623K, committed 45696K, reserved 1048576K
}
Event: 1623.473 GC heap before
{Heap before GC invocations=107 (full 7):
 PSYoungGen      total 1945088K, used 1353932K [0x0000000715580000, 0x00000007b6580000, 0x00000007c0000000)
  eden space 1330688K, 100% used [0x0000000715580000,0x0000000766900000,0x0000000766900000)
  from space 614400K, 3% used [0x0000000766900000,0x0000000767fb30f0,0x000000078c100000)
  to   space 588800K, 0% used [0x0000000792680000,0x0000000792680000,0x00000007b6580000)
 ParOldGen       total 5592576K, used 4568155K [0x00000005c0000000, 0x0000000715580000, 0x0000000715580000)
  object space 5592576K, 81% used [0x00000005c0000000,0x00000006d6d16d40,0x0000000715580000)
 Metaspace       used 307576K, capacity 322574K, committed 353664K, reserved 1357824K
  class space    used 41666K, capacity 45662K, committed 45696K, reserved 1048576K
Event: 1623.525 GC heap after
Heap after GC invocations=107 (full 7):
 PSYoungGen      total 1961984K, used 30340K [0x0000000715580000, 0x00000007b2000000, 0x00000007c0000000)
  eden space 1444352K, 0% used [0x0000000715580000,0x0000000715580000,0x000000076d800000)
  from space 517632K, 5% used [0x0000000792680000,0x00000007944211c0,0x00000007b2000000)
  to   space 561152K, 0% used [0x000000076d800000,0x000000076d800000,0x000000078fc00000)
 ParOldGen       total 5592576K, used 4590451K [0x00000005c0000000, 0x0000000715580000, 0x0000000715580000)
  object space 5592576K, 82% used [0x00000005c0000000,0x00000006d82dcfd8,0x0000000715580000)
 Metaspace       used 307576K, capacity 322574K, committed 353664K, reserved 1357824K
  class space    used 41666K, capacity 45662K, committed 45696K, reserved 1048576K
}
Event: 1627.519 GC heap before
{Heap before GC invocations=108 (full 7):
 PSYoungGen      total 1961984K, used 1474692K [0x0000000715580000, 0x00000007b2000000, 0x00000007c0000000)
  eden space 1444352K, 100% used [0x0000000715580000,0x000000076d800000,0x000000076d800000)
  from space 517632K, 5% used [0x0000000792680000,0x00000007944211c0,0x00000007b2000000)
  to   space 561152K, 0% used [0x000000076d800000,0x000000076d800000,0x000000078fc00000)
 ParOldGen       total 5592576K, used 4590451K [0x00000005c0000000, 0x0000000715580000, 0x0000000715580000)
  object space 5592576K, 82% used [0x00000005c0000000,0x00000006d82dcfd8,0x0000000715580000)
 Metaspace       used 307582K, capacity 322586K, committed 353664K, reserved 1357824K
  class space    used 41667K, capacity 45664K, committed 45696K, reserved 1048576K
Event: 1627.563 GC heap after
Heap after GC invocations=108 (full 7):
 PSYoungGen      total 2005504K, used 58165K [0x0000000715580000, 0x00000007b4a00000, 0x00000007c0000000)
  eden space 1444352K, 0% used [0x0000000715580000,0x0000000715580000,0x000000076d800000)
  from space 561152K, 10% used [0x000000076d800000,0x00000007710cd538,0x000000078fc00000)
  to   space 528896K, 0% used [0x0000000794580000,0x0000000794580000,0x00000007b4a00000)
 ParOldGen       total 5592576K, used 4590451K [0x00000005c0000000, 0x0000000715580000, 0x0000000715580000)
  object space 5592576K, 82% used [0x00000005c0000000,0x00000006d82dcfd8,0x0000000715580000)
 Metaspace       used 307582K, capacity 322586K, committed 353664K, reserved 1357824K
  class space    used 41667K, capacity 45664K, committed 45696K, reserved 1048576K
}
Event: 1631.885 GC heap before
{Heap before GC invocations=109 (full 7):
 PSYoungGen      total 2005504K, used 1502517K [0x0000000715580000, 0x00000007b4a00000, 0x00000007c0000000)
  eden space 1444352K, 100% used [0x0000000715580000,0x000000076d800000,0x000000076d800000)
  from space 561152K, 10% used [0x000000076d800000,0x00000007710cd538,0x000000078fc00000)
  to   space 528896K, 0% used [0x0000000794580000,0x0000000794580000,0x00000007b4a00000)
 ParOldGen       total 5592576K, used 4590451K [0x00000005c0000000, 0x0000000715580000, 0x0000000715580000)
  object space 5592576K, 82% used [0x00000005c0000000,0x00000006d82dcfd8,0x0000000715580000)
 Metaspace       used 307612K, capacity 322640K, committed 353664K, reserved 1357824K
  class space    used 41672K, capacity 45673K, committed 45696K, reserved 1048576K
Event: 1631.940 GC heap after
Heap after GC invocations=109 (full 7):
 PSYoungGen      total 1983488K, used 82735K [0x0000000715580000, 0x00000007af880000, 0x00000007c0000000)
  eden space 1538048K, 0% used [0x0000000715580000,0x0000000715580000,0x0000000773380000)
  from space 445440K, 18% used [0x0000000794580000,0x000000079964bc20,0x00000007af880000)
  to   space 494080K, 0% used [0x0000000773380000,0x0000000773380000,0x0000000791600000)
 ParOldGen       total 5592576K, used 4590451K [0x00000005c0000000, 0x0000000715580000, 0x0000000715580000)
  object space 5592576K, 82% used [0x00000005c0000000,0x00000006d82dcfd8,0x0000000715580000)
 Metaspace       used 307612K, capacity 322640K, committed 353664K, reserved 1357824K
  class space    used 41672K, capacity 45673K, committed 45696K, reserved 1048576K
}
Event: 1636.401 GC heap before
{Heap before GC invocations=110 (full 7):
 PSYoungGen      total 1983488K, used 1620783K [0x0000000715580000, 0x00000007af880000, 0x00000007c0000000)
  eden space 1538048K, 100% used [0x0000000715580000,0x0000000773380000,0x0000000773380000)
  from space 445440K, 18% used [0x0000000794580000,0x000000079964bc20,0x00000007af880000)
  to   space 494080K, 0% used [0x0000000773380000,0x0000000773380000,0x0000000791600000)
 ParOldGen       total 5592576K, used 4590451K [0x00000005c0000000, 0x0000000715580000, 0x0000000715580000)
  object space 5592576K, 82% used [0x00000005c0000000,0x00000006d82dcfd8,0x0000000715580000)
 Metaspace       used 307612K, capacity 322640K, committed 353664K, reserved 1357824K
  class space    used 41672K, capacity 45673K, committed 45696K, reserved 1048576K
Event: 1636.494 GC heap after
Heap after GC invocations=110 (full 7):
 PSYoungGen      total 2032128K, used 109584K [0x0000000715580000, 0x00000007b0980000, 0x00000007c0000000)
  eden space 1538048K, 0% used [0x0000000715580000,0x0000000715580000,0x0000000773380000)
  from space 494080K, 22% used [0x0000000773380000,0x0000000779e84188,0x0000000791600000)
  to   space 457216K, 0% used [0x0000000794b00000,0x0000000794b00000,0x00000007b0980000)
 ParOldGen       total 5592576K, used 4590451K [0x00000005c0000000, 0x0000000715580000, 0x0000000715580000)
  object space 5592576K, 82% used [0x00000005c0000000,0x00000006d82dcfd8,0x0000000715580000)
 Metaspace       used 307612K, capacity 322640K, committed 353664K, reserved 1357824K
  class space    used 41672K, capacity 45673K, committed 45696K, reserved 1048576K
}
Event: 1641.185 GC heap before
{Heap before GC invocations=111 (full 7):
 PSYoungGen      total 2032128K, used 1647632K [0x0000000715580000, 0x00000007b0980000, 0x00000007c0000000)
  eden space 1538048K, 100% used [0x0000000715580000,0x0000000773380000,0x0000000773380000)
  from space 494080K, 22% used [0x0000000773380000,0x0000000779e84188,0x0000000791600000)
  to   space 457216K, 0% used [0x0000000794b00000,0x0000000794b00000,0x00000007b0980000)
 ParOldGen       total 5592576K, used 4590451K [0x00000005c0000000, 0x0000000715580000, 0x0000000715580000)
  object space 5592576K, 82% used [0x00000005c0000000,0x00000006d82dcfd8,0x0000000715580000)
 Metaspace       used 307625K, capacity 322676K, committed 353664K, reserved 1357824K
  class space    used 41675K, capacity 45679K, committed 45696K, reserved 1048576K
Event: 1641.267 GC heap after
Heap after GC invocations=111 (full 7):
 PSYoungGen      total 2017792K, used 138587K [0x0000000715580000, 0x00000007acf00000, 0x00000007c0000000)
  eden space 1620480K, 0% used [0x0000000715580000,0x0000000715580000,0x0000000778400000)
  from space 397312K, 34% used [0x0000000794b00000,0x000000079d256dc0,0x00000007acf00000)
  to   space 431616K, 0% used [0x0000000778400000,0x0000000778400000,0x0000000792980000)
 ParOldGen       total 5592576K, used 4590451K [0x00000005c0000000, 0x0000000715580000, 0x0000000715580000)
  object space 5592576K, 82% used [0x00000005c0000000,0x00000006d82dcfd8,0x0000000715580000)
 Metaspace       used 307625K, capacity 322676K, committed 353664K, reserved 1357824K
  class space    used 41675K, capacity 45679K, committed 45696K, reserved 1048576K
}
Event: 1646.001 GC heap before
{Heap before GC invocations=112 (full 7):
 PSYoungGen      total 2017792K, used 1759067K [0x0000000715580000, 0x00000007acf00000, 0x00000007c0000000)
  eden space 1620480K, 100% used [0x0000000715580000,0x0000000778400000,0x0000000778400000)
  from space 397312K, 34% used [0x0000000794b00000,0x000000079d256dc0,0x00000007acf00000)
  to   space 431616K, 0% used [0x0000000778400000,0x0000000778400000,0x0000000792980000)
 ParOldGen       total 5592576K, used 4590451K [0x00000005c0000000, 0x0000000715580000, 0x0000000715580000)
  object space 5592576K, 82% used [0x00000005c0000000,0x00000006d82dcfd8,0x0000000715580000)
 Metaspace       used 307629K, capacity 322688K, committed 353664K, reserved 1357824K
  class space    used 41677K, capacity 45681K, committed 45696K, reserved 1048576K
Event: 1646.143 GC heap after
Heap after GC invocations=112 (full 7):
 PSYoungGen      total 2052096K, used 179160K [0x0000000715580000, 0x00000007b1300000, 0x00000007c0000000)
  eden space 1620480K, 0% used [0x0000000715580000,0x0000000715580000,0x0000000778400000)
  from space 431616K, 41% used [0x0000000778400000,0x00000007832f6030,0x0000000792980000)
  to   space 423424K, 0% used [0x0000000797580000,0x0000000797580000,0x00000007b1300000)
 ParOldGen       total 5592576K, used 4590451K [0x00000005c0000000, 0x0000000715580000, 0x0000000715580000)
  object space 5592576K, 82% used [0x00000005c0000000,0x00000006d82dcfd8,0x0000000715580000)
 Metaspace       used 307629K, capacity 322688K, committed 353664K, reserved 1357824K
  class space    used 41677K, capacity 45681K, committed 45696K, reserved 1048576K
}
Event: 1647.859 GC heap before
{Heap before GC invocations=113 (full 7):
 PSYoungGen      total 2052096K, used 1799640K [0x0000000715580000, 0x00000007b1300000, 0x00000007c0000000)
  eden space 1620480K, 100% used [0x0000000715580000,0x0000000778400000,0x0000000778400000)
  from space 431616K, 41% used [0x0000000778400000,0x00000007832f6030,0x0000000792980000)
  to   space 423424K, 0% used [0x0000000797580000,0x0000000797580000,0x00000007b1300000)
 ParOldGen       total 5592576K, used 4590451K [0x00000005c0000000, 0x0000000715580000, 0x0000000715580000)
  object space 5592576K, 82% used [0x00000005c0000000,0x00000006d82dcfd8,0x0000000715580000)
 Metaspace       used 307632K, capacity 322688K, committed 353664K, reserved 1357824K
  class space    used 41677K, capacity 45681K, committed 45696K, reserved 1048576K
Event: 1648.027 GC heap after
Heap after GC invocations=113 (full 7):
 PSYoungGen      total 2118144K, used 235363K [0x0000000715580000, 0x00000007b4400000, 0x00000007c0000000)
  eden space 1694720K, 0% used [0x0000000715580000,0x0000000715580000,0x000000077cc80000)
  from space 423424K, 55% used [0x0000000797580000,0x00000007a5b58d48,0x00000007b1300000)
  to   space 435200K, 0% used [0x000000077cc80000,0x000000077cc80000,0x0000000797580000)
 ParOldGen       total 5592576K, used 4590451K [0x00000005c0000000, 0x0000000715580000, 0x0000000715580000)
  object space 5592576K, 82% used [0x00000005c0000000,0x00000006d82dcfd8,0x0000000715580000)
 Metaspace       used 307632K, capacity 322688K, committed 353664K, reserved 1357824K
  class space    used 41677K, capacity 45681K, committed 45696K, reserved 1048576K
}
Event: 1649.365 GC heap before
{Heap before GC invocations=114 (full 7):
 PSYoungGen      total 2118144K, used 1909666K [0x0000000715580000, 0x00000007b4400000, 0x00000007c0000000)
  eden space 1694720K, 98% used [0x0000000715580000,0x000000077b88feb0,0x000000077cc80000)
  from space 423424K, 55% used [0x0000000797580000,0x00000007a5b58d48,0x00000007b1300000)
  to   space 435200K, 0% used [0x000000077cc80000,0x000000077cc80000,0x0000000797580000)
 ParOldGen       total 5592576K, used 4590451K [0x00000005c0000000, 0x0000000715580000, 0x0000000715580000)
  object space 5592576K, 82% used [0x00000005c0000000,0x00000006d82dcfd8,0x0000000715580000)
 Metaspace       used 307637K, capacity 322688K, committed 353664K, reserved 1357824K
  class space    used 41677K, capacity 45681K, committed 45696K, reserved 1048576K
Event: 1649.513 GC heap after
Heap after GC invocations=114 (full 7):
 PSYoungGen      total 2129920K, used 303870K [0x0000000715580000, 0x00000007be600000, 0x00000007c0000000)
  eden space 1694720K, 0% used [0x0000000715580000,0x0000000715580000,0x000000077cc80000)
  from space 435200K, 69% used [0x000000077cc80000,0x000000078f53f858,0x0000000797580000)
  to   space 467968K, 0% used [0x00000007a1d00000,0x00000007a1d00000,0x00000007be600000)
 ParOldGen       total 5592576K, used 4590451K [0x00000005c0000000, 0x0000000715580000, 0x0000000715580000)
  object space 5592576K, 82% used [0x00000005c0000000,0x00000006d82dcfd8,0x0000000715580000)
 Metaspace       used 307637K, capacity 322688K, committed 353664K, reserved 1357824K
  class space    used 41677K, capacity 45681K, committed 45696K, reserved 1048576K
}
Event: 1650.040 GC heap before
{Heap before GC invocations=115 (full 7):
 PSYoungGen      total 2129920K, used 1998590K [0x0000000715580000, 0x00000007be600000, 0x00000007c0000000)
  eden space 1694720K, 100% used [0x0000000715580000,0x000000077cc80000,0x000000077cc80000)
  from space 435200K, 69% used [0x000000077cc80000,0x000000078f53f858,0x0000000797580000)
  to   space 467968K, 0% used [0x00000007a1d00000,0x00000007a1d00000,0x00000007be600000)
 ParOldGen       total 5592576K, used 4590451K [0x00000005c0000000, 0x0000000715580000, 0x0000000715580000)
  object space 5592576K, 82% used [0x00000005c0000000,0x00000006d82dcfd8,0x0000000715580000)
 Metaspace       used 307638K, capacity 322688K, committed 353664K, reserved 1357824K
  class space    used 41677K, capacity 45681K, committed 45696K, reserved 1048576K
Event: 1650.445 GC heap after
Heap after GC invocations=115 (full 7):
 PSYoungGen      total 2159104K, used 465671K [0x0000000715580000, 0x00000007c0000000, 0x00000007c0000000)
  eden space 1691136K, 0% used [0x0000000715580000,0x0000000715580000,0x000000077c900000)
  from space 467968K, 99% used [0x00000007a1d00000,0x00000007be3c1cb8,0x00000007be600000)
  to   space 552448K, 0% used [0x000000077c900000,0x000000077c900000,0x000000079e480000)
 ParOldGen       total 5592576K, used 4590451K [0x00000005c0000000, 0x0000000715580000, 0x0000000715580000)
  object space 5592576K, 82% used [0x00000005c0000000,0x00000006d82dcfd8,0x0000000715580000)
 Metaspace       used 307638K, capacity 322688K, committed 353664K, reserved 1357824K
  class space    used 41677K, capacity 45681K, committed 45696K, reserved 1048576K
}
Event: 1932.997 GC heap before
{Heap before GC invocations=116 (full 7):
 PSYoungGen      total 2159104K, used 2156807K [0x0000000715580000, 0x00000007c0000000, 0x00000007c0000000)
  eden space 1691136K, 100% used [0x0000000715580000,0x000000077c900000,0x000000077c900000)
  from space 467968K, 99% used [0x00000007a1d00000,0x00000007be3c1cb8,0x00000007be600000)
  to   space 552448K, 0% used [0x000000077c900000,0x000000077c900000,0x000000079e480000)
 ParOldGen       total 5592576K, used 4590451K [0x00000005c0000000, 0x0000000715580000, 0x0000000715580000)
  object space 5592576K, 82% used [0x00000005c0000000,0x00000006d82dcfd8,0x0000000715580000)
 Metaspace       used 307929K, capacity 323088K, committed 354048K, reserved 1357824K
  class space    used 41685K, capacity 45721K, committed 45824K, reserved 1048576K
Event: 1933.339 GC heap after
Heap after GC invocations=116 (full 7):
 PSYoungGen      total 2067968K, used 376586K [0x0000000715580000, 0x00000007c0000000, 0x00000007c0000000)
  eden space 1691136K, 0% used [0x0000000715580000,0x0000000715580000,0x000000077c900000)
  from space 376832K, 99% used [0x000000077c900000,0x00000007938c2870,0x0000000793900000)
  to   space 587264K, 0% used [0x000000079c280000,0x000000079c280000,0x00000007c0000000)
 ParOldGen       total 5592576K, used 4646742K [0x00000005c0000000, 0x0000000715580000, 0x0000000715580000)
  object space 5592576K, 83% used [0x00000005c0000000,0x00000006db9d5b50,0x0000000715580000)
 Metaspace       used 307929K, capacity 323088K, committed 354048K, reserved 1357824K
  class space    used 41685K, capacity 45721K, committed 45824K, reserved 1048576K
}
Event: 1939.350 GC heap before
{Heap before GC invocations=117 (full 7):
 PSYoungGen      total 2067968K, used 2067722K [0x0000000715580000, 0x00000007c0000000, 0x00000007c0000000)
  eden space 1691136K, 100% used [0x0000000715580000,0x000000077c900000,0x000000077c900000)
  from space 376832K, 99% used [0x000000077c900000,0x00000007938c2870,0x0000000793900000)
  to   space 587264K, 0% used [0x000000079c280000,0x000000079c280000,0x00000007c0000000)
 ParOldGen       total 5592576K, used 4646742K [0x00000005c0000000, 0x0000000715580000, 0x0000000715580000)
  object space 5592576K, 83% used [0x00000005c0000000,0x00000006db9d5b50,0x0000000715580000)
 Metaspace       used 308043K, capacity 323242K, committed 354048K, reserved 1357824K
  class space    used 41698K, capacity 45746K, committed 45824K, reserved 1048576K
Event: 1940.599 GC heap after
Heap after GC invocations=117 (full 7):
 PSYoungGen      total 2128896K, used 413177K [0x0000000715580000, 0x00000007c0000000, 0x00000007c0000000)
  eden space 1541632K, 0% used [0x0000000715580000,0x0000000715580000,0x0000000773700000)
  from space 587264K, 70% used [0x000000079c280000,0x00000007b55fe4d8,0x00000007c0000000)
  to   space 627200K, 0% used [0x0000000773700000,0x0000000773700000,0x0000000799b80000)
 ParOldGen       total 5592576K, used 4697987K [0x00000005c0000000, 0x0000000715580000, 0x0000000715580000)
  object space 5592576K, 84% used [0x00000005c0000000,0x00000006debe0f58,0x0000000715580000)
 Metaspace       used 308043K, capacity 323242K, committed 354048K, reserved 1357824K
  class space    used 41698K, capacity 45746K, committed 45824K, reserved 1048576K
}
Event: 1943.700 GC heap before
{Heap before GC invocations=118 (full 7):
 PSYoungGen      total 2128896K, used 1954809K [0x0000000715580000, 0x00000007c0000000, 0x00000007c0000000)
  eden space 1541632K, 100% used [0x0000000715580000,0x0000000773700000,0x0000000773700000)
  from space 587264K, 70% used [0x000000079c280000,0x00000007b55fe4d8,0x00000007c0000000)
  to   space 627200K, 0% used [0x0000000773700000,0x0000000773700000,0x0000000799b80000)
 ParOldGen       total 5592576K, used 4697987K [0x00000005c0000000, 0x0000000715580000, 0x0000000715580000)
  object space 5592576K, 84% used [0x00000005c0000000,0x00000006debe0f58,0x0000000715580000)
 Metaspace       used 308045K, capacity 323242K, committed 354048K, reserved 1357824K
  class space    used 41698K, capacity 45746K, committed 45824K, reserved 1048576K
Event: 1944.083 GC heap after
Heap after GC invocations=118 (full 7):
 PSYoungGen      total 1940992K, used 399262K [0x0000000715580000, 0x00000007c0000000, 0x00000007c0000000)
  eden space 1541632K, 0% used [0x0000000715580000,0x0000000715580000,0x0000000773700000)
  from space 399360K, 99% used [0x0000000773700000,0x000000078bce7a10,0x000000078bd00000)
  to   space 651776K, 0% used [0x0000000798380000,0x0000000798380000,0x00000007c0000000)
 ParOldGen       total 5592576K, used 4761771K [0x00000005c0000000, 0x0000000715580000, 0x0000000715580000)
  object space 5592576K, 85% used [0x00000005c0000000,0x00000006e2a2acc0,0x0000000715580000)
 Metaspace       used 308045K, capacity 323242K, committed 354048K, reserved 1357824K
  class space    used 41698K, capacity 45746K, committed 45824K, reserved 1048576K
}
Event: 1947.878 GC heap before
{Heap before GC invocations=119 (full 7):
 PSYoungGen      total 1940992K, used 1940894K [0x0000000715580000, 0x00000007c0000000, 0x00000007c0000000)
  eden space 1541632K, 100% used [0x0000000715580000,0x0000000773700000,0x0000000773700000)
  from space 399360K, 99% used [0x0000000773700000,0x000000078bce7a10,0x000000078bd00000)
  to   space 651776K, 0% used [0x0000000798380000,0x0000000798380000,0x00000007c0000000)
 ParOldGen       total 5592576K, used 4761771K [0x00000005c0000000, 0x0000000715580000, 0x0000000715580000)
  object space 5592576K, 85% used [0x00000005c0000000,0x00000006e2a2acc0,0x0000000715580000)
 Metaspace       used 308045K, capacity 323242K, committed 354048K, reserved 1357824K
  class space    used 41698K, capacity 45746K, committed 45824K, reserved 1048576K
Event: 1948.136 GC heap after
Heap after GC invocations=119 (full 7):
 PSYoungGen      total 2122752K, used 380380K [0x0000000715580000, 0x00000007c0000000, 0x00000007c0000000)
  eden space 1470976K, 0% used [0x0000000715580000,0x0000000715580000,0x000000076f200000)
  from space 651776K, 58% used [0x0000000798380000,0x00000007af6f73a8,0x00000007c0000000)
  to   space 662528K, 0% used [0x000000076f200000,0x000000076f200000,0x0000000797900000)
 ParOldGen       total 5592576K, used 4815676K [0x00000005c0000000, 0x0000000715580000, 0x0000000715580000)
  object space 5592576K, 86% used [0x00000005c0000000,0x00000006e5ecf060,0x0000000715580000)
 Metaspace       used 308045K, capacity 323242K, committed 354048K, reserved 1357824K
  class space    used 41698K, capacity 45746K, committed 45824K, reserved 1048576K
}
Event: 1951.738 GC heap before
{Heap before GC invocations=120 (full 7):
 PSYoungGen      total 2122752K, used 1851356K [0x0000000715580000, 0x00000007c0000000, 0x00000007c0000000)
  eden space 1470976K, 100% used [0x0000000715580000,0x000000076f200000,0x000000076f200000)
  from space 651776K, 58% used [0x0000000798380000,0x00000007af6f73a8,0x00000007c0000000)
  to   space 662528K, 0% used [0x000000076f200000,0x000000076f200000,0x0000000797900000)
 ParOldGen       total 5592576K, used 4815676K [0x00000005c0000000, 0x0000000715580000, 0x0000000715580000)
  object space 5592576K, 86% used [0x00000005c0000000,0x00000006e5ecf060,0x0000000715580000)
 Metaspace       used 308045K, capacity 323242K, committed 354048K, reserved 1357824K
  class space    used 41698K, capacity 45746K, committed 45824K, reserved 1048576K
Event: 1952.284 GC heap after
Heap after GC invocations=120 (full 7):
 PSYoungGen      total 1699328K, used 228102K [0x0000000715580000, 0x00000007bc380000, 0x00000007c0000000)
  eden space 1470976K, 0% used [0x0000000715580000,0x0000000715580000,0x000000076f200000)
  from space 228352K, 99% used [0x000000076f200000,0x000000077d0c1930,0x000000077d100000)
  to   space 626176K, 0% used [0x0000000796000000,0x0000000796000000,0x00000007bc380000)
 ParOldGen       total 5592576K, used 5004903K [0x00000005c0000000, 0x0000000715580000, 0x0000000715580000)
  object space 5592576K, 89% used [0x00000005c0000000,0x00000006f1799fd8,0x0000000715580000)
 Metaspace       used 308045K, capacity 323242K, committed 354048K, reserved 1357824K
  class space    used 41698K, capacity 45746K, committed 45824K, reserved 1048576K
}
Event: 1956.119 GC heap before
{Heap before GC invocations=121 (full 7):
 PSYoungGen      total 1699328K, used 1699078K [0x0000000715580000, 0x00000007bc380000, 0x00000007c0000000)
  eden space 1470976K, 100% used [0x0000000715580000,0x000000076f200000,0x000000076f200000)
  from space 228352K, 99% used [0x000000076f200000,0x000000077d0c1930,0x000000077d100000)
  to   space 626176K, 0% used [0x0000000796000000,0x0000000796000000,0x00000007bc380000)
 ParOldGen       total 5592576K, used 5004903K [0x00000005c0000000, 0x0000000715580000, 0x0000000715580000)
  object space 5592576K, 89% used [0x00000005c0000000,0x00000006f1799fd8,0x0000000715580000)
 Metaspace       used 308045K, capacity 323242K, committed 354048K, reserved 1357824K
  class space    used 41698K, capacity 45746K, committed 45824K, reserved 1048576K
Event: 1956.364 GC heap after
Heap after GC invocations=121 (full 7):
 PSYoungGen      total 2121728K, used 112295K [0x0000000715580000, 0x00000007c0000000, 0x00000007c0000000)
  eden space 1495552K, 0% used [0x0000000715580000,0x0000000715580000,0x0000000770a00000)
  from space 626176K, 17% used [0x0000000796000000,0x000000079cda9c48,0x00000007bc380000)
  to   space 612352K, 0% used [0x0000000770a00000,0x0000000770a00000,0x0000000796000000)
 ParOldGen       total 5592576K, used 5158130K [0x00000005c0000000, 0x0000000715580000, 0x0000000715580000)
  object space 5592576K, 92% used [0x00000005c0000000,0x00000006fad3cbb8,0x0000000715580000)
 Metaspace       used 308045K, capacity 323242K, committed 354048K, reserved 1357824K
  class space    used 41698K, capacity 45746K, committed 45824K, reserved 1048576K
}
Event: 1958.246 GC heap before
{Heap before GC invocations=122 (full 7):
 PSYoungGen      total 2121728K, used 1607847K [0x0000000715580000, 0x00000007c0000000, 0x00000007c0000000)
  eden space 1495552K, 100% used [0x0000000715580000,0x0000000770a00000,0x0000000770a00000)
  from space 626176K, 17% used [0x0000000796000000,0x000000079cda9c48,0x00000007bc380000)
  to   space 612352K, 0% used [0x0000000770a00000,0x0000000770a00000,0x0000000796000000)
 ParOldGen       total 5592576K, used 5158130K [0x00000005c0000000, 0x0000000715580000, 0x0000000715580000)
  object space 5592576K, 92% used [0x00000005c0000000,0x00000006fad3cbb8,0x0000000715580000)
 Metaspace       used 308046K, capacity 323242K, committed 354048K, reserved 1357824K
  class space    used 41698K, capacity 45746K, committed 45824K, reserved 1048576K
Event: 1958.390 GC heap after
Heap after GC invocations=122 (full 7):
 PSYoungGen      total 2107904K, used 96237K [0x0000000715580000, 0x00000007bd880000, 0x00000007c0000000)
  eden space 1495552K, 0% used [0x0000000715580000,0x0000000715580000,0x0000000770a00000)
  from space 612352K, 15% used [0x0000000770a00000,0x00000007767fb418,0x0000000796000000)
  to   space 599040K, 0% used [0x0000000798f80000,0x0000000798f80000,0x00000007bd880000)
 ParOldGen       total 5592576K, used 5231900K [0x00000005c0000000, 0x0000000715580000, 0x0000000715580000)
  object space 5592576K, 93% used [0x00000005c0000000,0x00000006ff5470c8,0x0000000715580000)
 Metaspace       used 308046K, capacity 323242K, committed 354048K, reserved 1357824K
  class space    used 41698K, capacity 45746K, committed 45824K, reserved 1048576K
}
Event: 1959.588 GC heap before
{Heap before GC invocations=123 (full 7):
 PSYoungGen      total 2107904K, used 1591789K [0x0000000715580000, 0x00000007bd880000, 0x00000007c0000000)
  eden space 1495552K, 100% used [0x0000000715580000,0x0000000770a00000,0x0000000770a00000)
  from space 612352K, 15% used [0x0000000770a00000,0x00000007767fb418,0x0000000796000000)
  to   space 599040K, 0% used [0x0000000798f80000,0x0000000798f80000,0x00000007bd880000)
 ParOldGen       total 5592576K, used 5231900K [0x00000005c0000000, 0x0000000715580000, 0x0000000715580000)
  object space 5592576K, 93% used [0x00000005c0000000,0x00000006ff5470c8,0x0000000715580000)
 Metaspace       used 308046K, capacity 323242K, committed 354048K, reserved 1357824K
  class space    used 41698K, capacity 45746K, committed 45824K, reserved 1048576K
Event: 1959.799 GC heap after
Heap after GC invocations=123 (full 7):
 PSYoungGen      total 2103808K, used 450410K [0x0000000715580000, 0x00000007c0000000, 0x00000007c0000000)
  eden space 1504768K, 0% used [0x0000000715580000,0x0000000715580000,0x0000000771300000)
  from space 599040K, 75% used [0x0000000798f80000,0x00000007b475a9e0,0x00000007bd880000)
  to   space 645632K, 0% used [0x0000000771300000,0x0000000771300000,0x0000000798980000)
 ParOldGen       total 5592576K, used 5269333K [0x00000005c0000000, 0x0000000715580000, 0x0000000715580000)
  object space 5592576K, 94% used [0x00000005c0000000,0x00000007019d57e0,0x0000000715580000)
 Metaspace       used 308046K, capacity 323242K, committed 354048K, reserved 1357824K
  class space    used 41698K, capacity 45746K, committed 45824K, reserved 1048576K
}
Event: 1960.215 GC heap before
{Heap before GC invocations=124 (full 7):
 PSYoungGen      total 2103808K, used 1754398K [0x0000000715580000, 0x00000007c0000000, 0x00000007c0000000)
  eden space 1504768K, 86% used [0x0000000715580000,0x0000000764eed1d8,0x0000000771300000)
  from space 599040K, 75% used [0x0000000798f80000,0x00000007b475a9e0,0x00000007bd880000)
  to   space 645632K, 0% used [0x0000000771300000,0x0000000771300000,0x0000000798980000)
 ParOldGen       total 5592576K, used 5269333K [0x00000005c0000000, 0x0000000715580000, 0x0000000715580000)
  object space 5592576K, 94% used [0x00000005c0000000,0x00000007019d57e0,0x0000000715580000)
 Metaspace       used 308047K, capacity 323242K, committed 354048K, reserved 1357824K
  class space    used 41698K, capacity 45746K, committed 45824K, reserved 1048576K
Event: 1960.433 GC heap after
Heap after GC invocations=124 (full 7):
 PSYoungGen      total 2127872K, used 622744K [0x0000000715580000, 0x00000007c0000000, 0x00000007c0000000)
  eden space 1504768K, 0% used [0x0000000715580000,0x0000000715580000,0x0000000771300000)
  from space 623104K, 99% used [0x0000000771300000,0x0000000797326140,0x0000000797380000)
  to   space 668160K, 0% used [0x0000000797380000,0x0000000797380000,0x00000007c0000000)
 ParOldGen       total 5592576K, used 5393679K [0x00000005c0000000, 0x0000000715580000, 0x0000000715580000)
  object space 5592576K, 96% used [0x00000005c0000000,0x0000000709343ff0,0x0000000715580000)
 Metaspace       used 308047K, capacity 323242K, committed 354048K, reserved 1357824K
  class space    used 41698K, capacity 45746K, committed 45824K, reserved 1048576K
}
Event: 1961.527 GC heap before
{Heap before GC invocations=125 (full 7):
 PSYoungGen      total 2127872K, used 2127512K [0x0000000715580000, 0x00000007c0000000, 0x00000007c0000000)
  eden space 1504768K, 100% used [0x0000000715580000,0x0000000771300000,0x0000000771300000)
  from space 623104K, 99% used [0x0000000771300000,0x0000000797326140,0x0000000797380000)
  to   space 668160K, 0% used [0x0000000797380000,0x0000000797380000,0x00000007c0000000)
 ParOldGen       total 5592576K, used 5393679K [0x00000005c0000000, 0x0000000715580000, 0x0000000715580000)
  object space 5592576K, 96% used [0x00000005c0000000,0x0000000709343ff0,0x0000000715580000)
 Metaspace       used 308049K, capacity 323242K, committed 354048K, reserved 1357824K
  class space    used 41698K, capacity 45746K, committed 45824K, reserved 1048576K
Event: 1961.551 GC heap after
Heap after GC invocations=125 (full 7):
 PSYoungGen      total 1973248K, used 9775K [0x0000000715580000, 0x00000007c0000000, 0x00000007c0000000)
  eden space 1305088K, 0% used [0x0000000715580000,0x0000000715580000,0x0000000765000000)
  from space 668160K, 1% used [0x0000000797380000,0x0000000797d0bc28,0x00000007c0000000)
  to   space 745472K, 0% used [0x0000000765000000,0x0000000765000000,0x0000000792800000)
 ParOldGen       total 5592576K, used 5405133K [0x00000005c0000000, 0x0000000715580000, 0x0000000715580000)
  object space 5592576K, 96% used [0x00000005c0000000,0x0000000709e734b8,0x0000000715580000)
 Metaspace       used 308049K, capacity 323242K, committed 354048K, reserved 1357824K
  class space    used 41698K, capacity 45746K, committed 45824K, reserved 1048576K
}
Event: 1961.552 GC heap before
{Heap before GC invocations=126 (full 8):
 PSYoungGen      total 1973248K, used 9775K [0x0000000715580000, 0x00000007c0000000, 0x00000007c0000000)
  eden space 1305088K, 0% used [0x0000000715580000,0x0000000715580000,0x0000000765000000)
  from space 668160K, 1% used [0x0000000797380000,0x0000000797d0bc28,0x00000007c0000000)
  to   space 745472K, 0% used [0x0000000765000000,0x0000000765000000,0x0000000792800000)
 ParOldGen       total 5592576K, used 5405133K [0x00000005c0000000, 0x0000000715580000, 0x0000000715580000)
  object space 5592576K, 96% used [0x00000005c0000000,0x0000000709e734b8,0x0000000715580000)
 Metaspace       used 308049K, capacity 323242K, committed 354048K, reserved 1357824K
  class space    used 41698K, capacity 45746K, committed 45824K, reserved 1048576K
Event: 1967.891 GC heap after
Heap after GC invocations=126 (full 8):
 PSYoungGen      total 1973248K, used 0K [0x0000000715580000, 0x00000007c0000000, 0x00000007c0000000)
  eden space 1305088K, 0% used [0x0000000715580000,0x0000000715580000,0x0000000765000000)
  from space 668160K, 0% used [0x0000000797380000,0x0000000797380000,0x00000007c0000000)
  to   space 745472K, 0% used [0x0000000765000000,0x0000000765000000,0x0000000792800000)
 ParOldGen       total 5592576K, used 3394077K [0x00000005c0000000, 0x0000000715580000, 0x0000000715580000)
  object space 5592576K, 60% used [0x00000005c0000000,0x000000068f2877a8,0x0000000715580000)
 Metaspace       used 307802K, capacity 322784K, committed 354048K, reserved 1357824K
  class space    used 41599K, capacity 45512K, committed 45824K, reserved 1048576K
}
Event: 5531.327 GC heap before
{Heap before GC invocations=127 (full 8):
 PSYoungGen      total 1973248K, used 1305088K [0x0000000715580000, 0x00000007c0000000, 0x00000007c0000000)
  eden space 1305088K, 100% used [0x0000000715580000,0x0000000765000000,0x0000000765000000)
  from space 668160K, 0% used [0x0000000797380000,0x0000000797380000,0x00000007c0000000)
  to   space 745472K, 0% used [0x0000000765000000,0x0000000765000000,0x0000000792800000)
 ParOldGen       total 5592576K, used 3394077K [0x00000005c0000000, 0x0000000715580000, 0x0000000715580000)
  object space 5592576K, 60% used [0x00000005c0000000,0x000000068f2877a8,0x0000000715580000)
 Metaspace       used 308176K, capacity 323164K, committed 354048K, reserved 1357824K
  class space    used 41611K, capacity 45522K, committed 45824K, reserved 1048576K
Event: 5532.215 GC heap after
Heap after GC invocations=127 (full 8):
 PSYoungGen      total 2050560K, used 81620K [0x0000000715580000, 0x00000007c0000000, 0x00000007c0000000)
  eden space 1305088K, 0% used [0x0000000715580000,0x0000000715580000,0x0000000765000000)
  from space 745472K, 10% used [0x0000000765000000,0x0000000769fb5108,0x0000000792800000)
  to   space 726528K, 0% used [0x0000000793a80000,0x0000000793a80000,0x00000007c0000000)
 ParOldGen       total 5592576K, used 3394085K [0x00000005c0000000, 0x0000000715580000, 0x0000000715580000)
  object space 5592576K, 60% used [0x00000005c0000000,0x000000068f2897a8,0x0000000715580000)
 Metaspace       used 308176K, capacity 323164K, committed 354048K, reserved 1357824K
  class space    used 41611K, capacity 45522K, committed 45824K, reserved 1048576K
}
Event: 5544.322 GC heap before
{Heap before GC invocations=128 (full 8):
 PSYoungGen      total 2050560K, used 1386708K [0x0000000715580000, 0x00000007c0000000, 0x00000007c0000000)
  eden space 1305088K, 100% used [0x0000000715580000,0x0000000765000000,0x0000000765000000)
  from space 745472K, 10% used [0x0000000765000000,0x0000000769fb5108,0x0000000792800000)
  to   space 726528K, 0% used [0x0000000793a80000,0x0000000793a80000,0x00000007c0000000)
 ParOldGen       total 5592576K, used 3394085K [0x00000005c0000000, 0x0000000715580000, 0x0000000715580000)
  object space 5592576K, 60% used [0x00000005c0000000,0x000000068f2897a8,0x0000000715580000)
 Metaspace       used 308292K, capacity 323246K, committed 354048K, reserved 1357824K
  class space    used 41613K, capacity 45525K, committed 45824K, reserved 1048576K
Event: 5544.490 GC heap after
Heap after GC invocations=128 (full 8):
 PSYoungGen      total 1963008K, used 279087K [0x0000000715580000, 0x00000007baa80000, 0x00000007c0000000)
  eden space 1324032K, 0% used [0x0000000715580000,0x0000000715580000,0x0000000766280000)
  from space 638976K, 43% used [0x0000000793a80000,0x00000007a4b0bdb0,0x00000007baa80000)
  to   space 692224K, 0% used [0x0000000766280000,0x0000000766280000,0x0000000790680000)
 ParOldGen       total 5592576K, used 3470409K [0x00000005c0000000, 0x0000000715580000, 0x0000000715580000)
  object space 5592576K, 62% used [0x00000005c0000000,0x0000000693d126a8,0x0000000715580000)
 Metaspace       used 308292K, capacity 323246K, committed 354048K, reserved 1357824K
  class space    used 41613K, capacity 45525K, committed 45824K, reserved 1048576K
}
Event: 5546.878 GC heap before
{Heap before GC invocations=129 (full 8):
 PSYoungGen      total 1963008K, used 1603119K [0x0000000715580000, 0x00000007baa80000, 0x00000007c0000000)
  eden space 1324032K, 100% used [0x0000000715580000,0x0000000766280000,0x0000000766280000)
  from space 638976K, 43% used [0x0000000793a80000,0x00000007a4b0bdb0,0x00000007baa80000)
  to   space 692224K, 0% used [0x0000000766280000,0x0000000766280000,0x0000000790680000)
 ParOldGen       total 5592576K, used 3470409K [0x00000005c0000000, 0x0000000715580000, 0x0000000715580000)
  object space 5592576K, 62% used [0x00000005c0000000,0x0000000693d126a8,0x0000000715580000)
 Metaspace       used 308361K, capacity 323396K, committed 354048K, reserved 1357824K
  class space    used 41620K, capacity 45531K, committed 45824K, reserved 1048576K
Event: 5547.149 GC heap after
Heap after GC invocations=129 (full 8):
 PSYoungGen      total 2016256K, used 114839K [0x0000000715580000, 0x00000007c0000000, 0x00000007c0000000)
  eden space 1324032K, 0% used [0x0000000715580000,0x0000000715580000,0x0000000766280000)
  from space 692224K, 16% used [0x0000000766280000,0x000000076d2a5e80,0x0000000790680000)
  to   space 669184K, 0% used [0x0000000797280000,0x0000000797280000,0x00000007c0000000)
 ParOldGen       total 5592576K, used 3626644K [0x00000005c0000000, 0x0000000715580000, 0x0000000715580000)
  object space 5592576K, 64% used [0x00000005c0000000,0x000000069d5a5038,0x0000000715580000)
 Metaspace       used 308361K, capacity 323396K, committed 354048K, reserved 1357824K
  class space    used 41620K, capacity 45531K, committed 45824K, reserved 1048576K
}
Event: 5548.112 GC heap before
{Heap before GC invocations=130 (full 8):
 PSYoungGen      total 2016256K, used 1438871K [0x0000000715580000, 0x00000007c0000000, 0x00000007c0000000)
  eden space 1324032K, 100% used [0x0000000715580000,0x0000000766280000,0x0000000766280000)
  from space 692224K, 16% used [0x0000000766280000,0x000000076d2a5e80,0x0000000790680000)
  to   space 669184K, 0% used [0x0000000797280000,0x0000000797280000,0x00000007c0000000)
 ParOldGen       total 5592576K, used 3626644K [0x00000005c0000000, 0x0000000715580000, 0x0000000715580000)
  object space 5592576K, 64% used [0x00000005c0000000,0x000000069d5a5038,0x0000000715580000)
 Metaspace       used 308453K, capacity 323470K, committed 354048K, reserved 1357824K
  class space    used 41620K, capacity 45533K, committed 45824K, reserved 1048576K
Event: 5548.255 GC heap after
Heap after GC invocations=130 (full 8):
 PSYoungGen      total 2051072K, used 61996K [0x0000000715580000, 0x00000007bcc80000, 0x00000007c0000000)
  eden space 1434624K, 0% used [0x0000000715580000,0x0000000715580000,0x000000076ce80000)
  from space 616448K, 10% used [0x0000000797280000,0x000000079af0b090,0x00000007bcc80000)
  to   space 654336K, 0% used [0x000000076ce80000,0x000000076ce80000,0x0000000794d80000)
 ParOldGen       total 5592576K, used 3734131K [0x00000005c0000000, 0x0000000715580000, 0x0000000715580000)
  object space 5592576K, 66% used [0x00000005c0000000,0x00000006a3e9cd50,0x0000000715580000)
 Metaspace       used 308453K, capacity 323470K, committed 354048K, reserved 1357824K
  class space    used 41620K, capacity 45533K, committed 45824K, reserved 1048576K
}
Event: 5549.019 GC heap before
{Heap before GC invocations=131 (full 8):
 PSYoungGen      total 2051072K, used 1496620K [0x0000000715580000, 0x00000007bcc80000, 0x00000007c0000000)
  eden space 1434624K, 100% used [0x0000000715580000,0x000000076ce80000,0x000000076ce80000)
  from space 616448K, 10% used [0x0000000797280000,0x000000079af0b090,0x00000007bcc80000)
  to   space 654336K, 0% used [0x000000076ce80000,0x000000076ce80000,0x0000000794d80000)
 ParOldGen       total 5592576K, used 3734131K [0x00000005c0000000, 0x0000000715580000, 0x0000000715580000)
  object space 5592576K, 66% used [0x00000005c0000000,0x00000006a3e9cd50,0x0000000715580000)
 Metaspace       used 308464K, capacity 323470K, committed 354048K, reserved 1357824K
  class space    used 41620K, capacity 45533K, committed 45824K, reserved 1048576K
Event: 5549.105 GC heap after
Heap after GC invocations=131 (full 8):
 PSYoungGen      total 2088960K, used 52609K [0x0000000715580000, 0x00000007c0000000, 0x00000007c0000000)
  eden space 1434624K, 0% used [0x0000000715580000,0x0000000715580000,0x000000076ce80000)
  from space 654336K, 8% used [0x000000076ce80000,0x00000007701e0540,0x0000000794d80000)
  to   space 637440K, 0% used [0x0000000799180000,0x0000000799180000,0x00000007c0000000)
 ParOldGen       total 5592576K, used 3792691K [0x00000005c0000000, 0x0000000715580000, 0x0000000715580000)
  object space 5592576K, 67% used [0x00000005c0000000,0x00000006a77cce20,0x0000000715580000)
 Metaspace       used 308464K, capacity 323470K, committed 354048K, reserved 1357824K
  class space    used 41620K, capacity 45533K, committed 45824K, reserved 1048576K
}
Event: 5550.177 GC heap before
{Heap before GC invocations=132 (full 8):
 PSYoungGen      total 2088960K, used 1487233K [0x0000000715580000, 0x00000007c0000000, 0x00000007c0000000)
  eden space 1434624K, 100% used [0x0000000715580000,0x000000076ce80000,0x000000076ce80000)
  from space 654336K, 8% used [0x000000076ce80000,0x00000007701e0540,0x0000000794d80000)
  to   space 637440K, 0% used [0x0000000799180000,0x0000000799180000,0x00000007c0000000)
 ParOldGen       total 5592576K, used 3792691K [0x00000005c0000000, 0x0000000715580000, 0x0000000715580000)
  object space 5592576K, 67% used [0x00000005c0000000,0x00000006a77cce20,0x0000000715580000)
 Metaspace       used 308466K, capacity 323470K, committed 354048K, reserved 1357824K
  class space    used 41620K, capacity 45533K, committed 45824K, reserved 1048576K
Event: 5550.375 GC heap after
Heap after GC invocations=132 (full 8):
 PSYoungGen      total 2057216K, used 136513K [0x0000000715580000, 0x00000007bad80000, 0x00000007c0000000)
  eden space 1504256K, 0% used [0x0000000715580000,0x0000000715580000,0x0000000771280000)
  from space 552960K, 24% used [0x0000000799180000,0x00000007a16d0430,0x00000007bad80000)
  to   space 603648K, 0% used [0x0000000771280000,0x0000000771280000,0x0000000796000000)
 ParOldGen       total 5592576K, used 3845180K [0x00000005c0000000, 0x0000000715580000, 0x0000000715580000)
  object space 5592576K, 68% used [0x00000005c0000000,0x00000006aab0f270,0x0000000715580000)
 Metaspace       used 308466K, capacity 323470K, committed 354048K, reserved 1357824K
  class space    used 41620K, capacity 45533K, committed 45824K, reserved 1048576K
}
Event: 5551.624 GC heap before
{Heap before GC invocations=133 (full 8):
 PSYoungGen      total 2057216K, used 1640769K [0x0000000715580000, 0x00000007bad80000, 0x00000007c0000000)
  eden space 1504256K, 100% used [0x0000000715580000,0x0000000771280000,0x0000000771280000)
  from space 552960K, 24% used [0x0000000799180000,0x00000007a16d0430,0x00000007bad80000)
  to   space 603648K, 0% used [0x0000000771280000,0x0000000771280000,0x0000000796000000)
 ParOldGen       total 5592576K, used 3845180K [0x00000005c0000000, 0x0000000715580000, 0x0000000715580000)
  object space 5592576K, 68% used [0x00000005c0000000,0x00000006aab0f270,0x0000000715580000)
 Metaspace       used 308466K, capacity 323470K, committed 354048K, reserved 1357824K
  class space    used 41620K, capacity 45533K, committed 45824K, reserved 1048576K
Event: 5551.801 GC heap after
Heap after GC invocations=133 (full 8):
 PSYoungGen      total 2107904K, used 4228K [0x0000000715580000, 0x00000007c0000000, 0x00000007c0000000)
  eden space 1504256K, 0% used [0x0000000715580000,0x0000000715580000,0x0000000771280000)
  from space 603648K, 0% used [0x0000000771280000,0x00000007716a1030,0x0000000796000000)
  to   space 594432K, 0% used [0x000000079bb80000,0x000000079bb80000,0x00000007c0000000)
 ParOldGen       total 5592576K, used 3980771K [0x00000005c0000000, 0x0000000715580000, 0x0000000715580000)
  object space 5592576K, 71% used [0x00000005c0000000,0x00000006b2f78e80,0x0000000715580000)
 Metaspace       used 308466K, capacity 323470K, committed 354048K, reserved 1357824K
  class space    used 41620K, capacity 45533K, committed 45824K, reserved 1048576K
}
Event: 5552.366 GC heap before
{Heap before GC invocations=134 (full 8):
 PSYoungGen      total 2107904K, used 1508484K [0x0000000715580000, 0x00000007c0000000, 0x00000007c0000000)
  eden space 1504256K, 100% used [0x0000000715580000,0x0000000771280000,0x0000000771280000)
  from space 603648K, 0% used [0x0000000771280000,0x00000007716a1030,0x0000000796000000)
  to   space 594432K, 0% used [0x000000079bb80000,0x000000079bb80000,0x00000007c0000000)
 ParOldGen       total 5592576K, used 3980771K [0x00000005c0000000, 0x0000000715580000, 0x0000000715580000)
  object space 5592576K, 71% used [0x00000005c0000000,0x00000006b2f78e80,0x0000000715580000)
 Metaspace       used 308466K, capacity 323470K, committed 354048K, reserved 1357824K
  class space    used 41620K, capacity 45533K, committed 45824K, reserved 1048576K
Event: 5552.394 GC heap after
Heap after GC invocations=134 (full 8):
 PSYoungGen      total 2147328K, used 31161K [0x0000000715580000, 0x00000007bd400000, 0x00000007c0000000)
  eden space 1597952K, 0% used [0x0000000715580000,0x0000000715580000,0x0000000776e00000)
  from space 549376K, 5% used [0x000000079bb80000,0x000000079d9ee658,0x00000007bd400000)
  to   space 576512K, 0% used [0x0000000776e00000,0x0000000776e00000,0x000000079a100000)
 ParOldGen       total 5592576K, used 3983571K [0x00000005c0000000, 0x0000000715580000, 0x0000000715580000)
  object space 5592576K, 71% used [0x00000005c0000000,0x00000006b3234e90,0x0000000715580000)
 Metaspace       used 308466K, capacity 323470K, committed 354048K, reserved 1357824K
  class space    used 41620K, capacity 45533K, committed 45824K, reserved 1048576K
}
Event: 5557.503 GC heap before
{Heap before GC invocations=135 (full 8):
 PSYoungGen      total 2147328K, used 1629113K [0x0000000715580000, 0x00000007bd400000, 0x00000007c0000000)
  eden space 1597952K, 100% used [0x0000000715580000,0x0000000776e00000,0x0000000776e00000)
  from space 549376K, 5% used [0x000000079bb80000,0x000000079d9ee658,0x00000007bd400000)
  to   space 576512K, 0% used [0x0000000776e00000,0x0000000776e00000,0x000000079a100000)
 ParOldGen       total 5592576K, used 3983571K [0x00000005c0000000, 0x0000000715580000, 0x0000000715580000)
  object space 5592576K, 71% used [0x00000005c0000000,0x00000006b3234e90,0x0000000715580000)
 Metaspace       used 308470K, capacity 323470K, committed 354048K, reserved 1357824K
  class space    used 41620K, capacity 45533K, committed 45824K, reserved 1048576K
Event: 5557.613 GC heap after
Heap after GC invocations=135 (full 8):
 PSYoungGen      total 2174464K, used 45156K [0x0000000715580000, 0x00000007bee80000, 0x00000007c0000000)
  eden space 1597952K, 0% used [0x0000000715580000,0x0000000715580000,0x0000000776e00000)
  from space 576512K, 7% used [0x0000000776e00000,0x0000000779a190c8,0x000000079a100000)
  to   space 553984K, 0% used [0x000000079d180000,0x000000079d180000,0x00000007bee80000)
 ParOldGen       total 5592576K, used 4014923K [0x00000005c0000000, 0x0000000715580000, 0x0000000715580000)
  object space 5592576K, 71% used [0x00000005c0000000,0x00000006b50d2ea8,0x0000000715580000)
 Metaspace       used 308470K, capacity 323470K, committed 354048K, reserved 1357824K
  class space    used 41620K, capacity 45533K, committed 45824K, reserved 1048576K
}
Event: 5561.968 GC heap before
{Heap before GC invocations=136 (full 8):
 PSYoungGen      total 2174464K, used 1643108K [0x0000000715580000, 0x00000007bee80000, 0x00000007c0000000)
  eden space 1597952K, 100% used [0x0000000715580000,0x0000000776e00000,0x0000000776e00000)
  from space 576512K, 7% used [0x0000000776e00000,0x0000000779a190c8,0x000000079a100000)
  to   space 553984K, 0% used [0x000000079d180000,0x000000079d180000,0x00000007bee80000)
 ParOldGen       total 5592576K, used 4014923K [0x00000005c0000000, 0x0000000715580000, 0x0000000715580000)
  object space 5592576K, 71% used [0x00000005c0000000,0x00000006b50d2ea8,0x0000000715580000)
 Metaspace       used 308471K, capacity 323470K, committed 354048K, reserved 1357824K
  class space    used 41620K, capacity 45533K, committed 45824K, reserved 1048576K
Event: 5562.060 GC heap after
Heap after GC invocations=136 (full 8):
 PSYoungGen      total 2171904K, used 32189K [0x0000000715580000, 0x00000007bc000000, 0x00000007c0000000)
  eden space 1665536K, 0% used [0x0000000715580000,0x0000000715580000,0x000000077b000000)
  from space 506368K, 6% used [0x000000079d180000,0x000000079f0ef4d8,0x00000007bc000000)
  to   space 532480K, 0% used [0x000000077b000000,0x000000077b000000,0x000000079b800000)
 ParOldGen       total 5592576K, used 4059960K [0x00000005c0000000, 0x0000000715580000, 0x0000000715580000)
  object space 5592576K, 72% used [0x00000005c0000000,0x00000006b7cce2b0,0x0000000715580000)
 Metaspace       used 308471K, capacity 323470K, committed 354048K, reserved 1357824K
  class space    used 41620K, capacity 45533K, committed 45824K, reserved 1048576K
}
Event: 5566.792 GC heap before
{Heap before GC invocations=137 (full 8):
 PSYoungGen      total 2171904K, used 1697725K [0x0000000715580000, 0x00000007bc000000, 0x00000007c0000000)
  eden space 1665536K, 100% used [0x0000000715580000,0x000000077b000000,0x000000077b000000)
  from space 506368K, 6% used [0x000000079d180000,0x000000079f0ef4d8,0x00000007bc000000)
  to   space 532480K, 0% used [0x000000077b000000,0x000000077b000000,0x000000079b800000)
 ParOldGen       total 5592576K, used 4059960K [0x00000005c0000000, 0x0000000715580000, 0x0000000715580000)
  object space 5592576K, 72% used [0x00000005c0000000,0x00000006b7cce2b0,0x0000000715580000)
 Metaspace       used 308472K, capacity 323470K, committed 354048K, reserved 1357824K
  class space    used 41620K, capacity 45533K, committed 45824K, reserved 1048576K
Event: 5566.949 GC heap after
Heap after GC invocations=137 (full 8):
 PSYoungGen      total 2198016K, used 30897K [0x0000000715580000, 0x00000007bef80000, 0x00000007c0000000)
  eden space 1665536K, 0% used [0x0000000715580000,0x0000000715580000,0x000000077b000000)
  from space 532480K, 5% used [0x000000077b000000,0x000000077ce2c6c0,0x000000079b800000)
  to   space 510976K, 0% used [0x000000079fc80000,0x000000079fc80000,0x00000007bef80000)
 ParOldGen       total 5592576K, used 4090920K [0x00000005c0000000, 0x0000000715580000, 0x0000000715580000)
  object space 5592576K, 73% used [0x00000005c0000000,0x00000006b9b0a218,0x0000000715580000)
 Metaspace       used 308472K, capacity 323470K, committed 354048K, reserved 1357824K
  class space    used 41620K, capacity 45533K, committed 45824K, reserved 1048576K
}
Event: 5571.967 GC heap before
{Heap before GC invocations=138 (full 8):
 PSYoungGen      total 2198016K, used 1696433K [0x0000000715580000, 0x00000007bef80000, 0x00000007c0000000)
  eden space 1665536K, 100% used [0x0000000715580000,0x000000077b000000,0x000000077b000000)
  from space 532480K, 5% used [0x000000077b000000,0x000000077ce2c6c0,0x000000079b800000)
  to   space 510976K, 0% used [0x000000079fc80000,0x000000079fc80000,0x00000007bef80000)
 ParOldGen       total 5592576K, used 4090920K [0x00000005c0000000, 0x0000000715580000, 0x0000000715580000)
  object space 5592576K, 73% used [0x00000005c0000000,0x00000006b9b0a218,0x0000000715580000)
 Metaspace       used 308473K, capacity 323470K, committed 354048K, reserved 1357824K
  class space    used 41620K, capacity 45533K, committed 45824K, reserved 1048576K
Event: 5572.020 GC heap after
Heap after GC invocations=138 (full 8):
 PSYoungGen      total 2204672K, used 57566K [0x0000000715580000, 0x00000007bb600000, 0x00000007c0000000)
  eden space 1752576K, 0% used [0x0000000715580000,0x0000000715580000,0x0000000780500000)
  from space 452096K, 12% used [0x000000079fc80000,0x00000007a34b7988,0x00000007bb600000)
  to   space 483840K, 0% used [0x0000000780500000,0x0000000780500000,0x000000079dd80000)
 ParOldGen       total 5592576K, used 4090920K [0x00000005c0000000, 0x0000000715580000, 0x0000000715580000)
  object space 5592576K, 73% used [0x00000005c0000000,0x00000006b9b0a218,0x0000000715580000)
 Metaspace       used 308473K, capacity 323470K, committed 354048K, reserved 1357824K
  class space    used 41620K, capacity 45533K, committed 45824K, reserved 1048576K
}
Event: 5577.184 GC heap before
{Heap before GC invocations=139 (full 8):
 PSYoungGen      total 2204672K, used 1810142K [0x0000000715580000, 0x00000007bb600000, 0x00000007c0000000)
  eden space 1752576K, 100% used [0x0000000715580000,0x0000000780500000,0x0000000780500000)
  from space 452096K, 12% used [0x000000079fc80000,0x00000007a34b7988,0x00000007bb600000)
  to   space 483840K, 0% used [0x0000000780500000,0x0000000780500000,0x000000079dd80000)
 ParOldGen       total 5592576K, used 4090920K [0x00000005c0000000, 0x0000000715580000, 0x0000000715580000)
  object space 5592576K, 73% used [0x00000005c0000000,0x00000006b9b0a218,0x0000000715580000)
 Metaspace       used 308474K, capacity 323470K, committed 354048K, reserved 1357824K
  class space    used 41620K, capacity 45533K, committed 45824K, reserved 1048576K
Event: 5577.335 GC heap after
Heap after GC invocations=139 (full 8):
 PSYoungGen      total 2236416K, used 87952K [0x0000000715580000, 0x00000007be200000, 0x00000007c0000000)
  eden space 1752576K, 0% used [0x0000000715580000,0x0000000715580000,0x0000000780500000)
  from space 483840K, 18% used [0x0000000780500000,0x0000000785ae42f8,0x000000079dd80000)
  to   space 452608K, 0% used [0x00000007a2800000,0x00000007a2800000,0x00000007be200000)
 ParOldGen       total 5592576K, used 4090920K [0x00000005c0000000, 0x0000000715580000, 0x0000000715580000)
  object space 5592576K, 73% used [0x00000005c0000000,0x00000006b9b0a218,0x0000000715580000)
 Metaspace       used 308474K, capacity 323470K, committed 354048K, reserved 1357824K
  class space    used 41620K, capacity 45533K, committed 45824K, reserved 1048576K
}
Event: 5582.645 GC heap before
{Heap before GC invocations=140 (full 8):
 PSYoungGen      total 2236416K, used 1840528K [0x0000000715580000, 0x00000007be200000, 0x00000007c0000000)
  eden space 1752576K, 100% used [0x0000000715580000,0x0000000780500000,0x0000000780500000)
  from space 483840K, 18% used [0x0000000780500000,0x0000000785ae42f8,0x000000079dd80000)
  to   space 452608K, 0% used [0x00000007a2800000,0x00000007a2800000,0x00000007be200000)
 ParOldGen       total 5592576K, used 4090920K [0x00000005c0000000, 0x0000000715580000, 0x0000000715580000)
  object space 5592576K, 73% used [0x00000005c0000000,0x00000006b9b0a218,0x0000000715580000)
 Metaspace       used 308474K, capacity 323470K, committed 354048K, reserved 1357824K
  class space    used 41620K, capacity 45533K, committed 45824K, reserved 1048576K
Event: 5582.733 GC heap after
Heap after GC invocations=140 (full 8):
 PSYoungGen      total 2256384K, used 131458K [0x0000000715580000, 0x00000007bab80000, 0x00000007c0000000)
  eden space 1859584K, 0% used [0x0000000715580000,0x0000000715580000,0x0000000786d80000)
  from space 396800K, 33% used [0x00000007a2800000,0x00000007aa860870,0x00000007bab80000)
  to   space 424960K, 0% used [0x0000000786d80000,0x0000000786d80000,0x00000007a0c80000)
 ParOldGen       total 5592576K, used 4090920K [0x00000005c0000000, 0x0000000715580000, 0x0000000715580000)
  object space 5592576K, 73% used [0x00000005c0000000,0x00000006b9b0a218,0x0000000715580000)
 Metaspace       used 308474K, capacity 323470K, committed 354048K, reserved 1357824K
  class space    used 41620K, capacity 45533K, committed 45824K, reserved 1048576K
}
Event: 5649.204 GC heap before
{Heap before GC invocations=141 (full 8):
 PSYoungGen      total 2256384K, used 1991042K [0x0000000715580000, 0x00000007bab80000, 0x00000007c0000000)
  eden space 1859584K, 100% used [0x0000000715580000,0x0000000786d80000,0x0000000786d80000)
  from space 396800K, 33% used [0x00000007a2800000,0x00000007aa860870,0x00000007bab80000)
  to   space 424960K, 0% used [0x0000000786d80000,0x0000000786d80000,0x00000007a0c80000)
 ParOldGen       total 5592576K, used 4090920K [0x00000005c0000000, 0x0000000715580000, 0x0000000715580000)
  object space 5592576K, 73% used [0x00000005c0000000,0x00000006b9b0a218,0x0000000715580000)
 Metaspace       used 308601K, capacity 323598K, committed 354048K, reserved 1357824K
  class space    used 41624K, capacity 45533K, committed 45824K, reserved 1048576K
Event: 5649.656 GC heap after
Heap after GC invocations=141 (full 8):
 PSYoungGen      total 2284544K, used 360558K [0x0000000715580000, 0x00000007c0000000, 0x00000007c0000000)
  eden space 1859584K, 0% used [0x0000000715580000,0x0000000715580000,0x0000000786d80000)
  from space 424960K, 84% used [0x0000000786d80000,0x000000079cd9b918,0x00000007a0c80000)
  to   space 483840K, 0% used [0x00000007a2780000,0x00000007a2780000,0x00000007c0000000)
 ParOldGen       total 5592576K, used 4090920K [0x00000005c0000000, 0x0000000715580000, 0x0000000715580000)
  object space 5592576K, 73% used [0x00000005c0000000,0x00000006b9b0a218,0x0000000715580000)
 Metaspace       used 308601K, capacity 323598K, committed 354048K, reserved 1357824K
  class space    used 41624K, capacity 45533K, committed 45824K, reserved 1048576K
}
Event: 5655.656 GC heap before
{Heap before GC invocations=142 (full 8):
 PSYoungGen      total 2284544K, used 2220142K [0x0000000715580000, 0x00000007c0000000, 0x00000007c0000000)
  eden space 1859584K, 100% used [0x0000000715580000,0x0000000786d80000,0x0000000786d80000)
  from space 424960K, 84% used [0x0000000786d80000,0x000000079cd9b918,0x00000007a0c80000)
  to   space 483840K, 0% used [0x00000007a2780000,0x00000007a2780000,0x00000007c0000000)
 ParOldGen       total 5592576K, used 4090920K [0x00000005c0000000, 0x0000000715580000, 0x0000000715580000)
  object space 5592576K, 73% used [0x00000005c0000000,0x00000006b9b0a218,0x0000000715580000)
 Metaspace       used 308690K, capacity 323770K, committed 354048K, reserved 1357824K
  class space    used 41634K, capacity 45551K, committed 45824K, reserved 1048576K
Event: 5656.199 GC heap after
Heap after GC invocations=142 (full 8):
 PSYoungGen      total 2149376K, used 453067K [0x0000000715580000, 0x00000007c0000000, 0x00000007c0000000)
  eden space 1665536K, 0% used [0x0000000715580000,0x0000000715580000,0x000000077b000000)
  from space 483840K, 93% used [0x00000007a2780000,0x00000007be1f2ee8,0x00000007c0000000)
  to   space 565248K, 0% used [0x000000077b000000,0x000000077b000000,0x000000079d800000)
 ParOldGen       total 5592576K, used 4090920K [0x00000005c0000000, 0x0000000715580000, 0x0000000715580000)
  object space 5592576K, 73% used [0x00000005c0000000,0x00000006b9b0a218,0x0000000715580000)
 Metaspace       used 308690K, capacity 323770K, committed 354048K, reserved 1357824K
  class space    used 41634K, capacity 45551K, committed 45824K, reserved 1048576K
}
Event: 5657.434 GC heap before
{Heap before GC invocations=143 (full 8):
 PSYoungGen      total 2149376K, used 2118603K [0x0000000715580000, 0x00000007c0000000, 0x00000007c0000000)
  eden space 1665536K, 100% used [0x0000000715580000,0x000000077b000000,0x000000077b000000)
  from space 483840K, 93% used [0x00000007a2780000,0x00000007be1f2ee8,0x00000007c0000000)
  to   space 565248K, 0% used [0x000000077b000000,0x000000077b000000,0x000000079d800000)
 ParOldGen       total 5592576K, used 4090920K [0x00000005c0000000, 0x0000000715580000, 0x0000000715580000)
  object space 5592576K, 73% used [0x00000005c0000000,0x00000006b9b0a218,0x0000000715580000)
 Metaspace       used 308775K, capacity 323840K, committed 354048K, reserved 1357824K
  class space    used 41635K, capacity 45553K, committed 45824K, reserved 1048576K
Event: 5657.737 GC heap after
Heap after GC invocations=143 (full 8):
 PSYoungGen      total 2197504K, used 531732K [0x0000000715580000, 0x00000007c0000000, 0x00000007c0000000)
  eden space 1665536K, 0% used [0x0000000715580000,0x0000000715580000,0x000000077b000000)
  from space 531968K, 99% used [0x000000077b000000,0x000000079b7450b0,0x000000079b780000)
  to   space 598528K, 0% used [0x000000079b780000,0x000000079b780000,0x00000007c0000000)
 ParOldGen       total 5592576K, used 4090928K [0x00000005c0000000, 0x0000000715580000, 0x0000000715580000)
  object space 5592576K, 73% used [0x00000005c0000000,0x00000006b9b0c218,0x0000000715580000)
 Metaspace       used 308775K, capacity 323840K, committed 354048K, reserved 1357824K
  class space    used 41635K, capacity 45553K, committed 45824K, reserved 1048576K
}
Event: 5659.479 GC heap before
{Heap before GC invocations=144 (full 8):
 PSYoungGen      total 2197504K, used 2197268K [0x0000000715580000, 0x00000007c0000000, 0x00000007c0000000)
  eden space 1665536K, 100% used [0x0000000715580000,0x000000077b000000,0x000000077b000000)
  from space 531968K, 99% used [0x000000077b000000,0x000000079b7450b0,0x000000079b780000)
  to   space 598528K, 0% used [0x000000079b780000,0x000000079b780000,0x00000007c0000000)
 ParOldGen       total 5592576K, used 4090928K [0x00000005c0000000, 0x0000000715580000, 0x0000000715580000)
  object space 5592576K, 73% used [0x00000005c0000000,0x00000006b9b0c218,0x0000000715580000)
 Metaspace       used 308780K, capacity 323904K, committed 354048K, reserved 1357824K
  class space    used 41635K, capacity 45553K, committed 45824K, reserved 1048576K
Event: 5659.854 GC heap after
Heap after GC invocations=144 (full 8):
 PSYoungGen      total 1923072K, used 538590K [0x0000000715580000, 0x00000007c0000000, 0x00000007c0000000)
  eden space 1324544K, 0% used [0x0000000715580000,0x0000000715580000,0x0000000766300000)
  from space 598528K, 89% used [0x000000079b780000,0x00000007bc577938,0x00000007c0000000)
  to   space 735744K, 0% used [0x0000000766300000,0x0000000766300000,0x0000000793180000)
 ParOldGen       total 5592576K, used 4146613K [0x00000005c0000000, 0x0000000715580000, 0x0000000715580000)
  object space 5592576K, 74% used [0x00000005c0000000,0x00000006bd16d570,0x0000000715580000)
 Metaspace       used 308780K, capacity 323904K, committed 354048K, reserved 1357824K
  class space    used 41635K, capacity 45553K, committed 45824K, reserved 1048576K
}
Event: 5661.025 GC heap before
{Heap before GC invocations=145 (full 8):
 PSYoungGen      total 1923072K, used 1863134K [0x0000000715580000, 0x00000007c0000000, 0x00000007c0000000)
  eden space 1324544K, 100% used [0x0000000715580000,0x0000000766300000,0x0000000766300000)
  from space 598528K, 89% used [0x000000079b780000,0x00000007bc577938,0x00000007c0000000)
  to   space 735744K, 0% used [0x0000000766300000,0x0000000766300000,0x0000000793180000)
 ParOldGen       total 5592576K, used 4146613K [0x00000005c0000000, 0x0000000715580000, 0x0000000715580000)
  object space 5592576K, 74% used [0x00000005c0000000,0x00000006bd16d570,0x0000000715580000)
 Metaspace       used 308781K, capacity 323908K, committed 354048K, reserved 1357824K
  class space    used 41635K, capacity 45553K, committed 45824K, reserved 1048576K
Event: 5661.505 GC heap after
Heap after GC invocations=145 (full 8):
 PSYoungGen      total 1906688K, used 581783K [0x0000000715580000, 0x00000007c0000000, 0x00000007c0000000)
  eden space 1324544K, 0% used [0x0000000715580000,0x0000000715580000,0x0000000766300000)
  from space 582144K, 99% used [0x0000000766300000,0x0000000789b25f28,0x0000000789b80000)
  to   space 812544K, 0% used [0x000000078e680000,0x000000078e680000,0x00000007c0000000)
 ParOldGen       total 5592576K, used 4206847K [0x00000005c0000000, 0x0000000715580000, 0x0000000715580000)
  object space 5592576K, 75% used [0x00000005c0000000,0x00000006c0c3fc98,0x0000000715580000)
 Metaspace       used 308781K, capacity 323908K, committed 354048K, reserved 1357824K
  class space    used 41635K, capacity 45553K, committed 45824K, reserved 1048576K
}
Event: 5663.007 GC heap before
{Heap before GC invocations=146 (full 8):
 PSYoungGen      total 1906688K, used 1906327K [0x0000000715580000, 0x00000007c0000000, 0x00000007c0000000)
  eden space 1324544K, 100% used [0x0000000715580000,0x0000000766300000,0x0000000766300000)
  from space 582144K, 99% used [0x0000000766300000,0x0000000789b25f28,0x0000000789b80000)
  to   space 812544K, 0% used [0x000000078e680000,0x000000078e680000,0x00000007c0000000)
 ParOldGen       total 5592576K, used 4206847K [0x00000005c0000000, 0x0000000715580000, 0x0000000715580000)
  object space 5592576K, 75% used [0x00000005c0000000,0x00000006c0c3fc98,0x0000000715580000)
 Metaspace       used 308781K, capacity 323908K, committed 354048K, reserved 1357824K
  class space    used 41635K, capacity 45553K, committed 45824K, reserved 1048576K
Event: 5663.550 GC heap after
Heap after GC invocations=146 (full 8):
 PSYoungGen      total 2032640K, used 248801K [0x0000000715580000, 0x00000007c0000000, 0x00000007c0000000)
  eden space 1220096K, 0% used [0x0000000715580000,0x0000000715580000,0x000000075fd00000)
  from space 812544K, 30% used [0x000000078e680000,0x000000079d978568,0x00000007c0000000)
  to   space 763392K, 0% used [0x000000075fd00000,0x000000075fd00000,0x000000078e680000)
 ParOldGen       total 5592576K, used 4542729K [0x00000005c0000000, 0x0000000715580000, 0x0000000715580000)
  object space 5592576K, 81% used [0x00000005c0000000,0x00000006d5442530,0x0000000715580000)
 Metaspace       used 308781K, capacity 323908K, committed 354048K, reserved 1357824K
  class space    used 41635K, capacity 45553K, committed 45824K, reserved 1048576K
}
Event: 5664.044 GC heap before
{Heap before GC invocations=147 (full 8):
 PSYoungGen      total 2032640K, used 1468897K [0x0000000715580000, 0x00000007c0000000, 0x00000007c0000000)
  eden space 1220096K, 100% used [0x0000000715580000,0x000000075fd00000,0x000000075fd00000)
  from space 812544K, 30% used [0x000000078e680000,0x000000079d978568,0x00000007c0000000)
  to   space 763392K, 0% used [0x000000075fd00000,0x000000075fd00000,0x000000078e680000)
 ParOldGen       total 5592576K, used 4542729K [0x00000005c0000000, 0x0000000715580000, 0x0000000715580000)
  object space 5592576K, 81% used [0x00000005c0000000,0x00000006d5442530,0x0000000715580000)
 Metaspace       used 308781K, capacity 323908K, committed 354048K, reserved 1357824K
  class space    used 41635K, capacity 45553K, committed 45824K, reserved 1048576K
Event: 5664.236 GC heap after
Heap after GC invocations=147 (full 8):
 PSYoungGen      total 1357824K, used 137227K [0x0000000715580000, 0x00000007b9d00000, 0x00000007c0000000)
  eden space 1220096K, 0% used [0x0000000715580000,0x0000000715580000,0x000000075fd00000)
  from space 137728K, 99% used [0x000000075fd00000,0x0000000768302df0,0x0000000768380000)
  to   space 737280K, 0% used [0x000000078cd00000,0x000000078cd00000,0x00000007b9d00000)
 ParOldGen       total 5592576K, used 4680078K [0x00000005c0000000, 0x0000000715580000, 0x0000000715580000)
  object space 5592576K, 83% used [0x00000005c0000000,0x00000006dda63a00,0x0000000715580000)
 Metaspace       used 308781K, capacity 323908K, committed 354048K, reserved 1357824K
  class space    used 41635K, capacity 45553K, committed 45824K, reserved 1048576K
}
Event: 5666.509 GC heap before
{Heap before GC invocations=148 (full 8):
 PSYoungGen      total 1357824K, used 1357323K [0x0000000715580000, 0x00000007b9d00000, 0x00000007c0000000)
  eden space 1220096K, 100% used [0x0000000715580000,0x000000075fd00000,0x000000075fd00000)
  from space 137728K, 99% used [0x000000075fd00000,0x0000000768302df0,0x0000000768380000)
  to   space 737280K, 0% used [0x000000078cd00000,0x000000078cd00000,0x00000007b9d00000)
 ParOldGen       total 5592576K, used 4680078K [0x00000005c0000000, 0x0000000715580000, 0x0000000715580000)
  object space 5592576K, 83% used [0x00000005c0000000,0x00000006dda63a00,0x0000000715580000)
 Metaspace       used 308781K, capacity 323908K, committed 354048K, reserved 1357824K
  class space    used 41635K, capacity 45553K, committed 45824K, reserved 1048576K
Event: 5666.753 GC heap after
Heap after GC invocations=148 (full 8):
 PSYoungGen      total 1985024K, used 139844K [0x0000000715580000, 0x00000007c0000000, 0x00000007c0000000)
  eden space 1247744K, 0% used [0x0000000715580000,0x0000000715580000,0x0000000761800000)
  from space 737280K, 18% used [0x000000078cd00000,0x00000007955912e0,0x00000007b9d00000)
  to   space 709632K, 0% used [0x0000000761800000,0x0000000761800000,0x000000078cd00000)
 ParOldGen       total 5592576K, used 4792289K [0x00000005c0000000, 0x0000000715580000, 0x0000000715580000)
  object space 5592576K, 85% used [0x00000005c0000000,0x00000006e47f8590,0x0000000715580000)
 Metaspace       used 308781K, capacity 323908K, committed 354048K, reserved 1357824K
  class space    used 41635K, capacity 45553K, committed 45824K, reserved 1048576K
}
Event: 5671.106 GC heap before
{Heap before GC invocations=149 (full 8):
 PSYoungGen      total 1985024K, used 1387588K [0x0000000715580000, 0x00000007c0000000, 0x00000007c0000000)
  eden space 1247744K, 100% used [0x0000000715580000,0x0000000761800000,0x0000000761800000)
  from space 737280K, 18% used [0x000000078cd00000,0x00000007955912e0,0x00000007b9d00000)
  to   space 709632K, 0% used [0x0000000761800000,0x0000000761800000,0x000000078cd00000)
 ParOldGen       total 5592576K, used 4792289K [0x00000005c0000000, 0x0000000715580000, 0x0000000715580000)
  object space 5592576K, 85% used [0x00000005c0000000,0x00000006e47f8590,0x0000000715580000)
 Metaspace       used 308785K, capacity 323908K, committed 354048K, reserved 1357824K
  class space    used 41635K, capacity 45553K, committed 45824K, reserved 1048576K
Event: 5671.191 GC heap after
Heap after GC invocations=149 (full 8):
 PSYoungGen      total 1957376K, used 42495K [0x0000000715580000, 0x00000007bcf00000, 0x00000007c0000000)
  eden space 1247744K, 0% used [0x0000000715580000,0x0000000715580000,0x0000000761800000)
  from space 709632K, 5% used [0x0000000761800000,0x000000076417fc20,0x000000078cd00000)
  to   space 698368K, 0% used [0x0000000792500000,0x0000000792500000,0x00000007bcf00000)
 ParOldGen       total 5592576K, used 4830758K [0x00000005c0000000, 0x0000000715580000, 0x0000000715580000)
  object space 5592576K, 86% used [0x00000005c0000000,0x00000006e6d89b08,0x0000000715580000)
 Metaspace       used 308785K, capacity 323908K, committed 354048K, reserved 1357824K
  class space    used 41635K, capacity 45553K, committed 45824K, reserved 1048576K
}
Event: 5674.683 GC heap before
{Heap before GC invocations=150 (full 8):
 PSYoungGen      total 1957376K, used 1290239K [0x0000000715580000, 0x00000007bcf00000, 0x00000007c0000000)
  eden space 1247744K, 100% used [0x0000000715580000,0x0000000761800000,0x0000000761800000)
  from space 709632K, 5% used [0x0000000761800000,0x000000076417fc20,0x000000078cd00000)
  to   space 698368K, 0% used [0x0000000792500000,0x0000000792500000,0x00000007bcf00000)
 ParOldGen       total 5592576K, used 4830758K [0x00000005c0000000, 0x0000000715580000, 0x0000000715580000)
  object space 5592576K, 86% used [0x00000005c0000000,0x00000006e6d89b08,0x0000000715580000)
 Metaspace       used 308785K, capacity 323908K, committed 354048K, reserved 1357824K
  class space    used 41635K, capacity 45553K, committed 45824K, reserved 1048576K
Event: 5674.761 GC heap after
Heap after GC invocations=150 (full 8):
 PSYoungGen      total 2060288K, used 24679K [0x0000000715580000, 0x00000007bdc00000, 0x00000007c0000000)
  eden space 1361920K, 0% used [0x0000000715580000,0x0000000715580000,0x0000000768780000)
  from space 698368K, 3% used [0x0000000792500000,0x0000000793d19e58,0x00000007bcf00000)
  to   space 685568K, 0% used [0x0000000768780000,0x0000000768780000,0x0000000792500000)
 ParOldGen       total 5592576K, used 4872364K [0x00000005c0000000, 0x0000000715580000, 0x0000000715580000)
  object space 5592576K, 87% used [0x00000005c0000000,0x00000006e962b1e0,0x0000000715580000)
 Metaspace       used 308785K, capacity 323908K, committed 354048K, reserved 1357824K
  class space    used 41635K, capacity 45553K, committed 45824K, reserved 1048576K
}
Event: 5678.659 GC heap before
{Heap before GC invocations=151 (full 8):
 PSYoungGen      total 2060288K, used 1386599K [0x0000000715580000, 0x00000007bdc00000, 0x00000007c0000000)
  eden space 1361920K, 100% used [0x0000000715580000,0x0000000768780000,0x0000000768780000)
  from space 698368K, 3% used [0x0000000792500000,0x0000000793d19e58,0x00000007bcf00000)
  to   space 685568K, 0% used [0x0000000768780000,0x0000000768780000,0x0000000792500000)
 ParOldGen       total 5592576K, used 4872364K [0x00000005c0000000, 0x0000000715580000, 0x0000000715580000)
  object space 5592576K, 87% used [0x00000005c0000000,0x00000006e962b1e0,0x0000000715580000)
 Metaspace       used 308785K, capacity 323908K, committed 354048K, reserved 1357824K
  class space    used 41635K, capacity 45553K, committed 45824K, reserved 1048576K
Event: 5678.725 GC heap after
Heap after GC invocations=151 (full 8):
 PSYoungGen      total 2047488K, used 21038K [0x0000000715580000, 0x00000007bd380000, 0x00000007c0000000)
  eden space 1361920K, 0% used [0x0000000715580000,0x0000000715580000,0x0000000768780000)
  from space 685568K, 3% used [0x0000000768780000,0x0000000769c0b8d0,0x0000000792500000)
  to   space 669184K, 0% used [0x0000000794600000,0x0000000794600000,0x00000007bd380000)
 ParOldGen       total 5592576K, used 4896036K [0x00000005c0000000, 0x0000000715580000, 0x0000000715580000)
  object space 5592576K, 87% used [0x00000005c0000000,0x00000006ead491b0,0x0000000715580000)
 Metaspace       used 308785K, capacity 323908K, committed 354048K, reserved 1357824K
  class space    used 41635K, capacity 45553K, committed 45824K, reserved 1048576K
}
Event: 5682.781 GC heap before
{Heap before GC invocations=152 (full 8):
 PSYoungGen      total 2047488K, used 1382958K [0x0000000715580000, 0x00000007bd380000, 0x00000007c0000000)
  eden space 1361920K, 100% used [0x0000000715580000,0x0000000768780000,0x0000000768780000)
  from space 685568K, 3% used [0x0000000768780000,0x0000000769c0b8d0,0x0000000792500000)
  to   space 669184K, 0% used [0x0000000794600000,0x0000000794600000,0x00000007bd380000)
 ParOldGen       total 5592576K, used 4896036K [0x00000005c0000000, 0x0000000715580000, 0x0000000715580000)
  object space 5592576K, 87% used [0x00000005c0000000,0x00000006ead491b0,0x0000000715580000)
 Metaspace       used 308785K, capacity 323908K, committed 354048K, reserved 1357824K
  class space    used 41635K, capacity 45553K, committed 45824K, reserved 1048576K
Event: 5682.835 GC heap after
Heap after GC invocations=152 (full 8):
 PSYoungGen      total 2091008K, used 22022K [0x0000000715580000, 0x00000007bca00000, 0x00000007c0000000)
  eden space 1431552K, 0% used [0x0000000715580000,0x0000000715580000,0x000000076cb80000)
  from space 659456K, 3% used [0x0000000794600000,0x0000000795b81bb8,0x00000007bca00000)
  to   space 649728K, 0% used [0x000000076cb80000,0x000000076cb80000,0x0000000794600000)
 ParOldGen       total 5592576K, used 4916301K [0x00000005c0000000, 0x0000000715580000, 0x0000000715580000)
  object space 5592576K, 87% used [0x00000005c0000000,0x00000006ec113570,0x0000000715580000)
 Metaspace       used 308785K, capacity 323908K, committed 354048K, reserved 1357824K
  class space    used 41635K, capacity 45553K, committed 45824K, reserved 1048576K
}
Event: 5687.033 GC heap before
{Heap before GC invocations=153 (full 8):
 PSYoungGen      total 2091008K, used 1453574K [0x0000000715580000, 0x00000007bca00000, 0x00000007c0000000)
  eden space 1431552K, 100% used [0x0000000715580000,0x000000076cb80000,0x000000076cb80000)
  from space 659456K, 3% used [0x0000000794600000,0x0000000795b81bb8,0x00000007bca00000)
  to   space 649728K, 0% used [0x000000076cb80000,0x000000076cb80000,0x0000000794600000)
 ParOldGen       total 5592576K, used 4916301K [0x00000005c0000000, 0x0000000715580000, 0x0000000715580000)
  object space 5592576K, 87% used [0x00000005c0000000,0x00000006ec113570,0x0000000715580000)
 Metaspace       used 308785K, capacity 323908K, committed 354048K, reserved 1357824K
  class space    used 41635K, capacity 45553K, committed 45824K, reserved 1048576K
Event: 5687.079 GC heap after
Heap after GC invocations=153 (full 8):
 PSYoungGen      total 2081280K, used 23608K [0x0000000715580000, 0x00000007bc980000, 0x00000007c0000000)
  eden space 1431552K, 0% used [0x0000000715580000,0x0000000715580000,0x000000076cb80000)
  from space 649728K, 3% used [0x000000076cb80000,0x000000076e28e380,0x0000000794600000)
  to   space 626688K, 0% used [0x0000000796580000,0x0000000796580000,0x00000007bc980000)
 ParOldGen       total 5592576K, used 4937337K [0x00000005c0000000, 0x0000000715580000, 0x0000000715580000)
  object space 5592576K, 88% used [0x00000005c0000000,0x00000006ed59e528,0x0000000715580000)
 Metaspace       used 308785K, capacity 323908K, committed 354048K, reserved 1357824K
  class space    used 41635K, capacity 45553K, committed 45824K, reserved 1048576K
}
Event: 5691.403 GC heap before
{Heap before GC invocations=154 (full 8):
 PSYoungGen      total 2081280K, used 1455160K [0x0000000715580000, 0x00000007bc980000, 0x00000007c0000000)
  eden space 1431552K, 100% used [0x0000000715580000,0x000000076cb80000,0x000000076cb80000)
  from space 649728K, 3% used [0x000000076cb80000,0x000000076e28e380,0x0000000794600000)
  to   space 626688K, 0% used [0x0000000796580000,0x0000000796580000,0x00000007bc980000)
 ParOldGen       total 5592576K, used 4937337K [0x00000005c0000000, 0x0000000715580000, 0x0000000715580000)
  object space 5592576K, 88% used [0x00000005c0000000,0x00000006ed59e528,0x0000000715580000)
 Metaspace       used 308785K, capacity 323908K, committed 354048K, reserved 1357824K
  class space    used 41635K, capacity 45553K, committed 45824K, reserved 1048576K
Event: 5691.448 GC heap after
Heap after GC invocations=154 (full 8):
 PSYoungGen      total 2118144K, used 47830K [0x0000000715580000, 0x00000007bb280000, 0x00000007c0000000)
  eden space 1515008K, 0% used [0x0000000715580000,0x0000000715580000,0x0000000771d00000)
  from space 603136K, 7% used [0x0000000796580000,0x0000000799435be8,0x00000007bb280000)
  to   space 598528K, 0% used [0x0000000771d00000,0x0000000771d00000,0x0000000796580000)
 ParOldGen       total 5592576K, used 4937337K [0x00000005c0000000, 0x0000000715580000, 0x0000000715580000)
  object space 5592576K, 88% used [0x00000005c0000000,0x00000006ed59e528,0x0000000715580000)
 Metaspace       used 308785K, capacity 323908K, committed 354048K, reserved 1357824K
  class space    used 41635K, capacity 45553K, committed 45824K, reserved 1048576K
}
Event: 5695.842 GC heap before
{Heap before GC invocations=155 (full 8):
 PSYoungGen      total 2118144K, used 1562838K [0x0000000715580000, 0x00000007bb280000, 0x00000007c0000000)
  eden space 1515008K, 100% used [0x0000000715580000,0x0000000771d00000,0x0000000771d00000)
  from space 603136K, 7% used [0x0000000796580000,0x0000000799435be8,0x00000007bb280000)
  to   space 598528K, 0% used [0x0000000771d00000,0x0000000771d00000,0x0000000796580000)
 ParOldGen       total 5592576K, used 4937337K [0x00000005c0000000, 0x0000000715580000, 0x0000000715580000)
  object space 5592576K, 88% used [0x00000005c0000000,0x00000006ed59e528,0x0000000715580000)
 Metaspace       used 308785K, capacity 323908K, committed 354048K, reserved 1357824K
  class space    used 41635K, capacity 45553K, committed 45824K, reserved 1048576K
Event: 5695.899 GC heap after
Heap after GC invocations=155 (full 8):
 PSYoungGen      total 2113536K, used 73322K [0x0000000715580000, 0x00000007bba80000, 0x00000007c0000000)
  eden space 1515008K, 0% used [0x0000000715580000,0x0000000715580000,0x0000000771d00000)
  from space 598528K, 12% used [0x0000000771d00000,0x000000077649aae0,0x0000000796580000)
  to   space 565248K, 0% used [0x0000000799280000,0x0000000799280000,0x00000007bba80000)
 ParOldGen       total 5592576K, used 4937337K [0x00000005c0000000, 0x0000000715580000, 0x0000000715580000)
  object space 5592576K, 88% used [0x00000005c0000000,0x00000006ed59e528,0x0000000715580000)
 Metaspace       used 308785K, capacity 323908K, committed 354048K, reserved 1357824K
  class space    used 41635K, capacity 45553K, committed 45824K, reserved 1048576K
}

